
2015.10.15 15:32:30
.客户信息：
	Ip:127.0.0.1
	浏览器:IE
	浏览器版本:8
	操作系统:WinNT
.错误信息：
	页面：http://localhost:7000/Admin/OwnerList.aspx
	错误信息：d:\avic\source\镜像库\MirrorWeb\MirrorWeb\AdminUserControl\OwnerListView.ascx(86): error CS0103: 当前上下文中不存在名称“ResType”
	错误源：System.Web
	异常方法：System.Web.Compilation.BuildResult PostProcessFoundBuildResult(System.Web.Compilation.BuildResult, Boolean, System.Web.VirtualPath)
	堆栈信息：   在 System.Web.Compilation.BuildManager.PostProcessFoundBuildResult(BuildResult result, Boolean keyFromVPP, VirtualPath virtualPath)
   在 System.Web.Compilation.BuildManager.GetBuildResultFromCacheInternal(String cacheKey, Boolean keyFromVPP, VirtualPath virtualPath, Int64 hashCode, Boolean ensureIsUpToDate)
   在 System.Web.Compilation.BuildManager.GetVPathBuildResultFromCacheInternal(VirtualPath virtualPath, Boolean ensureIsUpToDate)
   在 System.Web.Compilation.BuildManager.GetVPathBuildResultInternal(VirtualPath virtualPath, Boolean noBuild, Boolean allowCrossApp, Boolean allowBuildInPrecompile, Boolean throwIfNotFound, Boolean ensureIsUpToDate)
   在 System.Web.Compilation.BuildManager.GetVPathBuildResultWithNoAssert(HttpContext context, VirtualPath virtualPath, Boolean noBuild, Boolean allowCrossApp, Boolean allowBuildInPrecompile, Boolean throwIfNotFound, Boolean ensureIsUpToDate)
   在 System.Web.UI.BaseTemplateParser.GetReferencedType(VirtualPath virtualPath, Boolean allowNoCompile)
   在 System.Web.UI.BaseTemplateParser.GetUserControlType(VirtualPath virtualPath)
   在 System.Web.UI.MainTagNameToTypeMapper.ProcessUserControlRegistration(UserControlRegisterEntry ucRegisterEntry)
   在 System.Web.UI.BaseTemplateParser.ProcessDirective(String directiveName, IDictionary directive)
   在 System.Web.UI.TemplateControlParser.ProcessDirective(String directiveName, IDictionary directive)
   在 System.Web.UI.PageParser.ProcessDirective(String directiveName, IDictionary directive)
   在 System.Web.UI.TemplateParser.ParseStringInternal(String text, Encoding fileEncoding)
--------------------------------------------------------------------------------------------------
2015.10.15 15:32:30
.客户信息：
	Ip:127.0.0.1
	浏览器:IE
	浏览器版本:8
	操作系统:WinNT
.错误信息：
	页面：http://localhost:7000/Admin/OwnerList.aspx
	错误信息：d:\avic\source\镜像库\MirrorWeb\MirrorWeb\AdminUserControl\OwnerListView.ascx(86): error CS0103: 当前上下文中不存在名称“ResType”
	错误源：System.Web
	异常方法：System.Web.Compilation.BuildResult PostProcessFoundBuildResult(System.Web.Compilation.BuildResult, Boolean, System.Web.VirtualPath)
	堆栈信息：   在 System.Web.Compilation.BuildManager.PostProcessFoundBuildResult(BuildResult result, Boolean keyFromVPP, VirtualPath virtualPath)
   在 System.Web.Compilation.BuildManager.GetBuildResultFromCacheInternal(String cacheKey, Boolean keyFromVPP, VirtualPath virtualPath, Int64 hashCode, Boolean ensureIsUpToDate)
   在 System.Web.Compilation.BuildManager.GetVPathBuildResultFromCacheInternal(VirtualPath virtualPath, Boolean ensureIsUpToDate)
   在 System.Web.Compilation.BuildManager.GetVPathBuildResultInternal(VirtualPath virtualPath, Boolean noBuild, Boolean allowCrossApp, Boolean allowBuildInPrecompile, Boolean throwIfNotFound, Boolean ensureIsUpToDate)
   在 System.Web.Compilation.BuildManager.GetVPathBuildResultWithNoAssert(HttpContext context, VirtualPath virtualPath, Boolean noBuild, Boolean allowCrossApp, Boolean allowBuildInPrecompile, Boolean throwIfNotFound, Boolean ensureIsUpToDate)
   在 System.Web.UI.BaseTemplateParser.GetReferencedType(VirtualPath virtualPath, Boolean allowNoCompile)
   在 System.Web.UI.BaseTemplateParser.GetUserControlType(VirtualPath virtualPath)
   在 System.Web.UI.MainTagNameToTypeMapper.ProcessUserControlRegistration(UserControlRegisterEntry ucRegisterEntry)
   在 System.Web.UI.BaseTemplateParser.ProcessDirective(String directiveName, IDictionary directive)
   在 System.Web.UI.TemplateControlParser.ProcessDirective(String directiveName, IDictionary directive)
   在 System.Web.UI.PageParser.ProcessDirective(String directiveName, IDictionary directive)
   在 System.Web.UI.TemplateParser.ParseStringInternal(String text, Encoding fileEncoding)
--------------------------------------------------------------------------------------------------
2015.10.15 15:32:49
.客户信息：
	Ip:127.0.0.1
	浏览器:IE
	浏览器版本:8
	操作系统:WinNT
.错误信息：
	页面：http://localhost:7000/Admin/OwnerList.aspx
	错误信息：d:\avic\source\镜像库\MirrorWeb\MirrorWeb\AdminUserControl\OwnerListView.ascx(86): error CS0103: 当前上下文中不存在名称“ResType”
	错误源：System.Web
	异常方法：System.Web.Compilation.BuildResult PostProcessFoundBuildResult(System.Web.Compilation.BuildResult, Boolean, System.Web.VirtualPath)
	堆栈信息：   在 System.Web.Compilation.BuildManager.PostProcessFoundBuildResult(BuildResult result, Boolean keyFromVPP, VirtualPath virtualPath)
   在 System.Web.Compilation.BuildManager.GetBuildResultFromCacheInternal(String cacheKey, Boolean keyFromVPP, VirtualPath virtualPath, Int64 hashCode, Boolean ensureIsUpToDate)
   在 System.Web.Compilation.BuildManager.GetVPathBuildResultFromCacheInternal(VirtualPath virtualPath, Boolean ensureIsUpToDate)
   在 System.Web.Compilation.BuildManager.GetVPathBuildResultInternal(VirtualPath virtualPath, Boolean noBuild, Boolean allowCrossApp, Boolean allowBuildInPrecompile, Boolean throwIfNotFound, Boolean ensureIsUpToDate)
   在 System.Web.Compilation.BuildManager.GetVPathBuildResultWithNoAssert(HttpContext context, VirtualPath virtualPath, Boolean noBuild, Boolean allowCrossApp, Boolean allowBuildInPrecompile, Boolean throwIfNotFound, Boolean ensureIsUpToDate)
   在 System.Web.UI.BaseTemplateParser.GetReferencedType(VirtualPath virtualPath, Boolean allowNoCompile)
   在 System.Web.UI.BaseTemplateParser.GetUserControlType(VirtualPath virtualPath)
   在 System.Web.UI.MainTagNameToTypeMapper.ProcessUserControlRegistration(UserControlRegisterEntry ucRegisterEntry)
   在 System.Web.UI.BaseTemplateParser.ProcessDirective(String directiveName, IDictionary directive)
   在 System.Web.UI.TemplateControlParser.ProcessDirective(String directiveName, IDictionary directive)
   在 System.Web.UI.PageParser.ProcessDirective(String directiveName, IDictionary directive)
   在 System.Web.UI.TemplateParser.ParseStringInternal(String text, Encoding fileEncoding)
--------------------------------------------------------------------------------------------------
2015.10.15 15:33:05
.客户信息：
	Ip:127.0.0.1
	浏览器:IE
	浏览器版本:8
	操作系统:WinNT
.错误信息：
	页面：http://localhost:7000/Admin/OwnerList.aspx
	错误信息：d:\avic\source\镜像库\MirrorWeb\MirrorWeb\AdminUserControl\OwnerListView.ascx(86): error CS0103: 当前上下文中不存在名称“ResType”
	错误源：System.Web
	异常方法：System.Web.Compilation.BuildResult PostProcessFoundBuildResult(System.Web.Compilation.BuildResult, Boolean, System.Web.VirtualPath)
	堆栈信息：   在 System.Web.Compilation.BuildManager.PostProcessFoundBuildResult(BuildResult result, Boolean keyFromVPP, VirtualPath virtualPath)
   在 System.Web.Compilation.BuildManager.GetBuildResultFromCacheInternal(String cacheKey, Boolean keyFromVPP, VirtualPath virtualPath, Int64 hashCode, Boolean ensureIsUpToDate)
   在 System.Web.Compilation.BuildManager.GetVPathBuildResultFromCacheInternal(VirtualPath virtualPath, Boolean ensureIsUpToDate)
   在 System.Web.Compilation.BuildManager.GetVPathBuildResultInternal(VirtualPath virtualPath, Boolean noBuild, Boolean allowCrossApp, Boolean allowBuildInPrecompile, Boolean throwIfNotFound, Boolean ensureIsUpToDate)
   在 System.Web.Compilation.BuildManager.GetVPathBuildResultWithNoAssert(HttpContext context, VirtualPath virtualPath, Boolean noBuild, Boolean allowCrossApp, Boolean allowBuildInPrecompile, Boolean throwIfNotFound, Boolean ensureIsUpToDate)
   在 System.Web.UI.BaseTemplateParser.GetReferencedType(VirtualPath virtualPath, Boolean allowNoCompile)
   在 System.Web.UI.BaseTemplateParser.GetUserControlType(VirtualPath virtualPath)
   在 System.Web.UI.MainTagNameToTypeMapper.ProcessUserControlRegistration(UserControlRegisterEntry ucRegisterEntry)
   在 System.Web.UI.BaseTemplateParser.ProcessDirective(String directiveName, IDictionary directive)
   在 System.Web.UI.TemplateControlParser.ProcessDirective(String directiveName, IDictionary directive)
   在 System.Web.UI.PageParser.ProcessDirective(String directiveName, IDictionary directive)
   在 System.Web.UI.TemplateParser.ParseStringInternal(String text, Encoding fileEncoding)
--------------------------------------------------------------------------------------------------
2015.10.15 15:34:13
.客户信息：
	Ip:127.0.0.1
	浏览器:IE
	浏览器版本:8
	操作系统:WinNT
.错误信息：
	页面：http://localhost:7000/Admin/OwnerList.aspx
	错误信息：d:\avic\source\镜像库\MirrorWeb\MirrorWeb\AdminUserControl\OwnerListView.ascx(86): error CS0103: 当前上下文中不存在名称“ResType”
	错误源：System.Web
	异常方法：System.Web.Compilation.BuildResult PostProcessFoundBuildResult(System.Web.Compilation.BuildResult, Boolean, System.Web.VirtualPath)
	堆栈信息：   在 System.Web.Compilation.BuildManager.PostProcessFoundBuildResult(BuildResult result, Boolean keyFromVPP, VirtualPath virtualPath)
   在 System.Web.Compilation.BuildManager.GetBuildResultFromCacheInternal(String cacheKey, Boolean keyFromVPP, VirtualPath virtualPath, Int64 hashCode, Boolean ensureIsUpToDate)
   在 System.Web.Compilation.BuildManager.GetVPathBuildResultFromCacheInternal(VirtualPath virtualPath, Boolean ensureIsUpToDate)
   在 System.Web.Compilation.BuildManager.GetVPathBuildResultInternal(VirtualPath virtualPath, Boolean noBuild, Boolean allowCrossApp, Boolean allowBuildInPrecompile, Boolean throwIfNotFound, Boolean ensureIsUpToDate)
   在 System.Web.Compilation.BuildManager.GetVPathBuildResultWithNoAssert(HttpContext context, VirtualPath virtualPath, Boolean noBuild, Boolean allowCrossApp, Boolean allowBuildInPrecompile, Boolean throwIfNotFound, Boolean ensureIsUpToDate)
   在 System.Web.UI.BaseTemplateParser.GetReferencedType(VirtualPath virtualPath, Boolean allowNoCompile)
   在 System.Web.UI.BaseTemplateParser.GetUserControlType(VirtualPath virtualPath)
   在 System.Web.UI.MainTagNameToTypeMapper.ProcessUserControlRegistration(UserControlRegisterEntry ucRegisterEntry)
   在 System.Web.UI.BaseTemplateParser.ProcessDirective(String directiveName, IDictionary directive)
   在 System.Web.UI.TemplateControlParser.ProcessDirective(String directiveName, IDictionary directive)
   在 System.Web.UI.PageParser.ProcessDirective(String directiveName, IDictionary directive)
   在 System.Web.UI.TemplateParser.ParseStringInternal(String text, Encoding fileEncoding)
--------------------------------------------------------------------------------------------------
2015.10.15 15:38:16
.客户信息：
	Ip:127.0.0.1
	浏览器:IE
	浏览器版本:8
	操作系统:WinNT
.错误信息：
	页面：http://localhost:7000/Admin/OwnerList.aspx
	错误信息：d:\avic\source\镜像库\MirrorWeb\MirrorWeb\AdminUserControl\OwnerListView.ascx(86): error CS0103: 当前上下文中不存在名称“ResType”
	错误源：System.Web
	异常方法：System.Web.Compilation.BuildResult PostProcessFoundBuildResult(System.Web.Compilation.BuildResult, Boolean, System.Web.VirtualPath)
	堆栈信息：   在 System.Web.Compilation.BuildManager.PostProcessFoundBuildResult(BuildResult result, Boolean keyFromVPP, VirtualPath virtualPath)
   在 System.Web.Compilation.BuildManager.GetBuildResultFromCacheInternal(String cacheKey, Boolean keyFromVPP, VirtualPath virtualPath, Int64 hashCode, Boolean ensureIsUpToDate)
   在 System.Web.Compilation.BuildManager.GetVPathBuildResultFromCacheInternal(VirtualPath virtualPath, Boolean ensureIsUpToDate)
   在 System.Web.Compilation.BuildManager.GetVPathBuildResultInternal(VirtualPath virtualPath, Boolean noBuild, Boolean allowCrossApp, Boolean allowBuildInPrecompile, Boolean throwIfNotFound, Boolean ensureIsUpToDate)
   在 System.Web.Compilation.BuildManager.GetVPathBuildResultWithNoAssert(HttpContext context, VirtualPath virtualPath, Boolean noBuild, Boolean allowCrossApp, Boolean allowBuildInPrecompile, Boolean throwIfNotFound, Boolean ensureIsUpToDate)
   在 System.Web.UI.BaseTemplateParser.GetReferencedType(VirtualPath virtualPath, Boolean allowNoCompile)
   在 System.Web.UI.BaseTemplateParser.GetUserControlType(VirtualPath virtualPath)
   在 System.Web.UI.MainTagNameToTypeMapper.ProcessUserControlRegistration(UserControlRegisterEntry ucRegisterEntry)
   在 System.Web.UI.BaseTemplateParser.ProcessDirective(String directiveName, IDictionary directive)
   在 System.Web.UI.TemplateControlParser.ProcessDirective(String directiveName, IDictionary directive)
   在 System.Web.UI.PageParser.ProcessDirective(String directiveName, IDictionary directive)
   在 System.Web.UI.TemplateParser.ParseStringInternal(String text, Encoding fileEncoding)
--------------------------------------------------------------------------------------------------
2015.10.15 15:39:26
.客户信息：
	Ip:127.0.0.1
	浏览器:IE
	浏览器版本:8
	操作系统:WinNT
.错误信息：
	页面：http://localhost:7000/Admin/OwnerList.aspx
	错误信息：d:\avic\source\镜像库\MirrorWeb\MirrorWeb\AdminUserControl\OwnerListView.ascx(86): error CS0103: 当前上下文中不存在名称“ResType”
	错误源：System.Web
	异常方法：System.Web.Compilation.BuildResult PostProcessFoundBuildResult(System.Web.Compilation.BuildResult, Boolean, System.Web.VirtualPath)
	堆栈信息：   在 System.Web.Compilation.BuildManager.PostProcessFoundBuildResult(BuildResult result, Boolean keyFromVPP, VirtualPath virtualPath)
   在 System.Web.Compilation.BuildManager.GetBuildResultFromCacheInternal(String cacheKey, Boolean keyFromVPP, VirtualPath virtualPath, Int64 hashCode, Boolean ensureIsUpToDate)
   在 System.Web.Compilation.BuildManager.GetVPathBuildResultFromCacheInternal(VirtualPath virtualPath, Boolean ensureIsUpToDate)
   在 System.Web.Compilation.BuildManager.GetVPathBuildResultInternal(VirtualPath virtualPath, Boolean noBuild, Boolean allowCrossApp, Boolean allowBuildInPrecompile, Boolean throwIfNotFound, Boolean ensureIsUpToDate)
   在 System.Web.Compilation.BuildManager.GetVPathBuildResultWithNoAssert(HttpContext context, VirtualPath virtualPath, Boolean noBuild, Boolean allowCrossApp, Boolean allowBuildInPrecompile, Boolean throwIfNotFound, Boolean ensureIsUpToDate)
   在 System.Web.UI.BaseTemplateParser.GetReferencedType(VirtualPath virtualPath, Boolean allowNoCompile)
   在 System.Web.UI.BaseTemplateParser.GetUserControlType(VirtualPath virtualPath)
   在 System.Web.UI.MainTagNameToTypeMapper.ProcessUserControlRegistration(UserControlRegisterEntry ucRegisterEntry)
   在 System.Web.UI.BaseTemplateParser.ProcessDirective(String directiveName, IDictionary directive)
   在 System.Web.UI.TemplateControlParser.ProcessDirective(String directiveName, IDictionary directive)
   在 System.Web.UI.PageParser.ProcessDirective(String directiveName, IDictionary directive)
   在 System.Web.UI.TemplateParser.ParseStringInternal(String text, Encoding fileEncoding)
--------------------------------------------------------------------------------------------------
2015.10.15 15:40:23
.客户信息：
	Ip:127.0.0.1
	浏览器:IE
	浏览器版本:8
	操作系统:WinNT
.错误信息：
	页面：http://localhost:7000/Admin/OwnerList.aspx
	错误信息：d:\avic\source\镜像库\MirrorWeb\MirrorWeb\AdminUserControl\OwnerListView.ascx(86): error CS0103: 当前上下文中不存在名称“ResType”
	错误源：System.Web
	异常方法：System.Web.Compilation.BuildResult PostProcessFoundBuildResult(System.Web.Compilation.BuildResult, Boolean, System.Web.VirtualPath)
	堆栈信息：   在 System.Web.Compilation.BuildManager.PostProcessFoundBuildResult(BuildResult result, Boolean keyFromVPP, VirtualPath virtualPath)
   在 System.Web.Compilation.BuildManager.GetBuildResultFromCacheInternal(String cacheKey, Boolean keyFromVPP, VirtualPath virtualPath, Int64 hashCode, Boolean ensureIsUpToDate)
   在 System.Web.Compilation.BuildManager.GetVPathBuildResultFromCacheInternal(VirtualPath virtualPath, Boolean ensureIsUpToDate)
   在 System.Web.Compilation.BuildManager.GetVPathBuildResultInternal(VirtualPath virtualPath, Boolean noBuild, Boolean allowCrossApp, Boolean allowBuildInPrecompile, Boolean throwIfNotFound, Boolean ensureIsUpToDate)
   在 System.Web.Compilation.BuildManager.GetVPathBuildResultWithNoAssert(HttpContext context, VirtualPath virtualPath, Boolean noBuild, Boolean allowCrossApp, Boolean allowBuildInPrecompile, Boolean throwIfNotFound, Boolean ensureIsUpToDate)
   在 System.Web.UI.BaseTemplateParser.GetReferencedType(VirtualPath virtualPath, Boolean allowNoCompile)
   在 System.Web.UI.BaseTemplateParser.GetUserControlType(VirtualPath virtualPath)
   在 System.Web.UI.MainTagNameToTypeMapper.ProcessUserControlRegistration(UserControlRegisterEntry ucRegisterEntry)
   在 System.Web.UI.BaseTemplateParser.ProcessDirective(String directiveName, IDictionary directive)
   在 System.Web.UI.TemplateControlParser.ProcessDirective(String directiveName, IDictionary directive)
   在 System.Web.UI.PageParser.ProcessDirective(String directiveName, IDictionary directive)
   在 System.Web.UI.TemplateParser.ParseStringInternal(String text, Encoding fileEncoding)
--------------------------------------------------------------------------------------------------
2015.10.15 15:48:54
.客户信息：
	Ip:127.0.0.1
	浏览器:IE
	浏览器版本:8
	操作系统:WinNT
.错误信息：
	页面：http://localhost:7000/Admin/OwnerList.aspx
	错误信息：d:\avic\source\镜像库\MirrorWeb\MirrorWeb\AdminUserControl\OwnerListView.ascx(86): error CS0103: 当前上下文中不存在名称“ResType”
	错误源：System.Web
	异常方法：System.Web.Compilation.BuildResult PostProcessFoundBuildResult(System.Web.Compilation.BuildResult, Boolean, System.Web.VirtualPath)
	堆栈信息：   在 System.Web.Compilation.BuildManager.PostProcessFoundBuildResult(BuildResult result, Boolean keyFromVPP, VirtualPath virtualPath)
   在 System.Web.Compilation.BuildManager.GetBuildResultFromCacheInternal(String cacheKey, Boolean keyFromVPP, VirtualPath virtualPath, Int64 hashCode, Boolean ensureIsUpToDate)
   在 System.Web.Compilation.BuildManager.GetVPathBuildResultFromCacheInternal(VirtualPath virtualPath, Boolean ensureIsUpToDate)
   在 System.Web.Compilation.BuildManager.GetVPathBuildResultInternal(VirtualPath virtualPath, Boolean noBuild, Boolean allowCrossApp, Boolean allowBuildInPrecompile, Boolean throwIfNotFound, Boolean ensureIsUpToDate)
   在 System.Web.Compilation.BuildManager.GetVPathBuildResultWithNoAssert(HttpContext context, VirtualPath virtualPath, Boolean noBuild, Boolean allowCrossApp, Boolean allowBuildInPrecompile, Boolean throwIfNotFound, Boolean ensureIsUpToDate)
   在 System.Web.UI.BaseTemplateParser.GetReferencedType(VirtualPath virtualPath, Boolean allowNoCompile)
   在 System.Web.UI.BaseTemplateParser.GetUserControlType(VirtualPath virtualPath)
   在 System.Web.UI.MainTagNameToTypeMapper.ProcessUserControlRegistration(UserControlRegisterEntry ucRegisterEntry)
   在 System.Web.UI.BaseTemplateParser.ProcessDirective(String directiveName, IDictionary directive)
   在 System.Web.UI.TemplateControlParser.ProcessDirective(String directiveName, IDictionary directive)
   在 System.Web.UI.PageParser.ProcessDirective(String directiveName, IDictionary directive)
   在 System.Web.UI.TemplateParser.ParseStringInternal(String text, Encoding fileEncoding)
--------------------------------------------------------------------------------------------------
2015.10.15 15:48:57
.客户信息：
	Ip:127.0.0.1
	浏览器:IE
	浏览器版本:8
	操作系统:WinNT
.错误信息：
	页面：http://localhost:7000/Admin/OwnerList.aspx
	错误信息：d:\avic\source\镜像库\MirrorWeb\MirrorWeb\AdminUserControl\OwnerListView.ascx(86): error CS0103: 当前上下文中不存在名称“ResType”
	错误源：System.Web
	异常方法：System.Web.Compilation.BuildResult PostProcessFoundBuildResult(System.Web.Compilation.BuildResult, Boolean, System.Web.VirtualPath)
	堆栈信息：   在 System.Web.Compilation.BuildManager.PostProcessFoundBuildResult(BuildResult result, Boolean keyFromVPP, VirtualPath virtualPath)
   在 System.Web.Compilation.BuildManager.GetBuildResultFromCacheInternal(String cacheKey, Boolean keyFromVPP, VirtualPath virtualPath, Int64 hashCode, Boolean ensureIsUpToDate)
   在 System.Web.Compilation.BuildManager.GetVPathBuildResultFromCacheInternal(VirtualPath virtualPath, Boolean ensureIsUpToDate)
   在 System.Web.Compilation.BuildManager.GetVPathBuildResultInternal(VirtualPath virtualPath, Boolean noBuild, Boolean allowCrossApp, Boolean allowBuildInPrecompile, Boolean throwIfNotFound, Boolean ensureIsUpToDate)
   在 System.Web.Compilation.BuildManager.GetVPathBuildResultWithNoAssert(HttpContext context, VirtualPath virtualPath, Boolean noBuild, Boolean allowCrossApp, Boolean allowBuildInPrecompile, Boolean throwIfNotFound, Boolean ensureIsUpToDate)
   在 System.Web.UI.BaseTemplateParser.GetReferencedType(VirtualPath virtualPath, Boolean allowNoCompile)
   在 System.Web.UI.BaseTemplateParser.GetUserControlType(VirtualPath virtualPath)
   在 System.Web.UI.MainTagNameToTypeMapper.ProcessUserControlRegistration(UserControlRegisterEntry ucRegisterEntry)
   在 System.Web.UI.BaseTemplateParser.ProcessDirective(String directiveName, IDictionary directive)
   在 System.Web.UI.TemplateControlParser.ProcessDirective(String directiveName, IDictionary directive)
   在 System.Web.UI.PageParser.ProcessDirective(String directiveName, IDictionary directive)
   在 System.Web.UI.TemplateParser.ParseStringInternal(String text, Encoding fileEncoding)
--------------------------------------------------------------------------------------------------
2015.10.15 15:48:58
.客户信息：
	Ip:127.0.0.1
	浏览器:IE
	浏览器版本:8
	操作系统:WinNT
.错误信息：
	页面：http://localhost:7000/Admin/OwnerList.aspx
	错误信息：d:\avic\source\镜像库\MirrorWeb\MirrorWeb\AdminUserControl\OwnerListView.ascx(86): error CS0103: 当前上下文中不存在名称“ResType”
	错误源：System.Web
	异常方法：System.Web.Compilation.BuildResult PostProcessFoundBuildResult(System.Web.Compilation.BuildResult, Boolean, System.Web.VirtualPath)
	堆栈信息：   在 System.Web.Compilation.BuildManager.PostProcessFoundBuildResult(BuildResult result, Boolean keyFromVPP, VirtualPath virtualPath)
   在 System.Web.Compilation.BuildManager.GetBuildResultFromCacheInternal(String cacheKey, Boolean keyFromVPP, VirtualPath virtualPath, Int64 hashCode, Boolean ensureIsUpToDate)
   在 System.Web.Compilation.BuildManager.GetVPathBuildResultFromCacheInternal(VirtualPath virtualPath, Boolean ensureIsUpToDate)
   在 System.Web.Compilation.BuildManager.GetVPathBuildResultInternal(VirtualPath virtualPath, Boolean noBuild, Boolean allowCrossApp, Boolean allowBuildInPrecompile, Boolean throwIfNotFound, Boolean ensureIsUpToDate)
   在 System.Web.Compilation.BuildManager.GetVPathBuildResultWithNoAssert(HttpContext context, VirtualPath virtualPath, Boolean noBuild, Boolean allowCrossApp, Boolean allowBuildInPrecompile, Boolean throwIfNotFound, Boolean ensureIsUpToDate)
   在 System.Web.UI.BaseTemplateParser.GetReferencedType(VirtualPath virtualPath, Boolean allowNoCompile)
   在 System.Web.UI.BaseTemplateParser.GetUserControlType(VirtualPath virtualPath)
   在 System.Web.UI.MainTagNameToTypeMapper.ProcessUserControlRegistration(UserControlRegisterEntry ucRegisterEntry)
   在 System.Web.UI.BaseTemplateParser.ProcessDirective(String directiveName, IDictionary directive)
   在 System.Web.UI.TemplateControlParser.ProcessDirective(String directiveName, IDictionary directive)
   在 System.Web.UI.PageParser.ProcessDirective(String directiveName, IDictionary directive)
   在 System.Web.UI.TemplateParser.ParseStringInternal(String text, Encoding fileEncoding)
--------------------------------------------------------------------------------------------------
2015.10.15 15:48:59
.客户信息：
	Ip:127.0.0.1
	浏览器:IE
	浏览器版本:8
	操作系统:WinNT
.错误信息：
	页面：http://localhost:7000/Admin/OwnerList.aspx
	错误信息：d:\avic\source\镜像库\MirrorWeb\MirrorWeb\AdminUserControl\OwnerListView.ascx(86): error CS0103: 当前上下文中不存在名称“ResType”
	错误源：System.Web
	异常方法：System.Web.Compilation.BuildResult PostProcessFoundBuildResult(System.Web.Compilation.BuildResult, Boolean, System.Web.VirtualPath)
	堆栈信息：   在 System.Web.Compilation.BuildManager.PostProcessFoundBuildResult(BuildResult result, Boolean keyFromVPP, VirtualPath virtualPath)
   在 System.Web.Compilation.BuildManager.GetBuildResultFromCacheInternal(String cacheKey, Boolean keyFromVPP, VirtualPath virtualPath, Int64 hashCode, Boolean ensureIsUpToDate)
   在 System.Web.Compilation.BuildManager.GetVPathBuildResultFromCacheInternal(VirtualPath virtualPath, Boolean ensureIsUpToDate)
   在 System.Web.Compilation.BuildManager.GetVPathBuildResultInternal(VirtualPath virtualPath, Boolean noBuild, Boolean allowCrossApp, Boolean allowBuildInPrecompile, Boolean throwIfNotFound, Boolean ensureIsUpToDate)
   在 System.Web.Compilation.BuildManager.GetVPathBuildResultWithNoAssert(HttpContext context, VirtualPath virtualPath, Boolean noBuild, Boolean allowCrossApp, Boolean allowBuildInPrecompile, Boolean throwIfNotFound, Boolean ensureIsUpToDate)
   在 System.Web.UI.BaseTemplateParser.GetReferencedType(VirtualPath virtualPath, Boolean allowNoCompile)
   在 System.Web.UI.BaseTemplateParser.GetUserControlType(VirtualPath virtualPath)
   在 System.Web.UI.MainTagNameToTypeMapper.ProcessUserControlRegistration(UserControlRegisterEntry ucRegisterEntry)
   在 System.Web.UI.BaseTemplateParser.ProcessDirective(String directiveName, IDictionary directive)
   在 System.Web.UI.TemplateControlParser.ProcessDirective(String directiveName, IDictionary directive)
   在 System.Web.UI.PageParser.ProcessDirective(String directiveName, IDictionary directive)
   在 System.Web.UI.TemplateParser.ParseStringInternal(String text, Encoding fileEncoding)
--------------------------------------------------------------------------------------------------
2015.10.15 15:49:18
.客户信息：
	Ip:127.0.0.1
	浏览器:IE
	浏览器版本:8
	操作系统:WinNT
.错误信息：
	页面：http://localhost:7000/Admin/OwnerList.aspx
	错误信息：d:\avic\source\镜像库\MirrorWeb\MirrorWeb\AdminUserControl\OwnerListView.ascx(86): error CS0103: 当前上下文中不存在名称“ResType”
	错误源：System.Web
	异常方法：System.Web.Compilation.BuildResult PostProcessFoundBuildResult(System.Web.Compilation.BuildResult, Boolean, System.Web.VirtualPath)
	堆栈信息：   在 System.Web.Compilation.BuildManager.PostProcessFoundBuildResult(BuildResult result, Boolean keyFromVPP, VirtualPath virtualPath)
   在 System.Web.Compilation.BuildManager.GetBuildResultFromCacheInternal(String cacheKey, Boolean keyFromVPP, VirtualPath virtualPath, Int64 hashCode, Boolean ensureIsUpToDate)
   在 System.Web.Compilation.BuildManager.GetVPathBuildResultFromCacheInternal(VirtualPath virtualPath, Boolean ensureIsUpToDate)
   在 System.Web.Compilation.BuildManager.GetVPathBuildResultInternal(VirtualPath virtualPath, Boolean noBuild, Boolean allowCrossApp, Boolean allowBuildInPrecompile, Boolean throwIfNotFound, Boolean ensureIsUpToDate)
   在 System.Web.Compilation.BuildManager.GetVPathBuildResultWithNoAssert(HttpContext context, VirtualPath virtualPath, Boolean noBuild, Boolean allowCrossApp, Boolean allowBuildInPrecompile, Boolean throwIfNotFound, Boolean ensureIsUpToDate)
   在 System.Web.UI.BaseTemplateParser.GetReferencedType(VirtualPath virtualPath, Boolean allowNoCompile)
   在 System.Web.UI.BaseTemplateParser.GetUserControlType(VirtualPath virtualPath)
   在 System.Web.UI.MainTagNameToTypeMapper.ProcessUserControlRegistration(UserControlRegisterEntry ucRegisterEntry)
   在 System.Web.UI.BaseTemplateParser.ProcessDirective(String directiveName, IDictionary directive)
   在 System.Web.UI.TemplateControlParser.ProcessDirective(String directiveName, IDictionary directive)
   在 System.Web.UI.PageParser.ProcessDirective(String directiveName, IDictionary directive)
   在 System.Web.UI.TemplateParser.ParseStringInternal(String text, Encoding fileEncoding)
--------------------------------------------------------------------------------------------------
2015.10.15 15:49:52
.客户信息：
	Ip:127.0.0.1
	浏览器:IE
	浏览器版本:8
	操作系统:WinNT
.错误信息：
	页面：http://localhost:7000/Admin/OwnerList.aspx
	错误信息：d:\avic\source\镜像库\MirrorWeb\MirrorWeb\Admin\OwnerList.aspx(109): error CS1061: “ASP.admin_ownerlist_aspx”不包含“btnSearch_Click”的定义，并且找不到可接受类型为“ASP.admin_ownerlist_aspx”的第一个参数的扩展方法“btnSearch_Click”(是否缺少 using 指令或程序集引用?)
	错误源：System.Web
	异常方法：System.Web.Compilation.BuildResult CompileWebFile(System.Web.VirtualPath)
	堆栈信息：   在 System.Web.Compilation.BuildManager.CompileWebFile(VirtualPath virtualPath)
   在 System.Web.Compilation.BuildManager.GetVPathBuildResultInternal(VirtualPath virtualPath, Boolean noBuild, Boolean allowCrossApp, Boolean allowBuildInPrecompile, Boolean throwIfNotFound, Boolean ensureIsUpToDate)
   在 System.Web.Compilation.BuildManager.GetVPathBuildResultWithNoAssert(HttpContext context, VirtualPath virtualPath, Boolean noBuild, Boolean allowCrossApp, Boolean allowBuildInPrecompile, Boolean throwIfNotFound, Boolean ensureIsUpToDate)
   在 System.Web.Compilation.BuildManager.GetVirtualPathObjectFactory(VirtualPath virtualPath, HttpContext context, Boolean allowCrossApp, Boolean throwIfNotFound)
   在 System.Web.Compilation.BuildManager.CreateInstanceFromVirtualPath(VirtualPath virtualPath, Type requiredBaseType, HttpContext context, Boolean allowCrossApp)
   在 System.Web.UI.PageHandlerFactory.GetHandlerHelper(HttpContext context, String requestType, VirtualPath virtualPath, String physicalPath)
   在 System.Web.UI.PageHandlerFactory.GetHandler(HttpContext context, String requestType, String virtualPath, String path)
   在 System.Web.HttpApplication.MaterializeHandlerExecutionStep.System.Web.HttpApplication.IExecutionStep.Execute()
   在 System.Web.HttpApplication.ExecuteStep(IExecutionStep step, Boolean& completedSynchronously)
--------------------------------------------------------------------------------------------------
2015.10.15 15:49:53
.客户信息：
	Ip:127.0.0.1
	浏览器:IE
	浏览器版本:8
	操作系统:WinNT
.错误信息：
	页面：http://localhost:7000/Admin/OwnerList.aspx
	错误信息：d:\avic\source\镜像库\MirrorWeb\MirrorWeb\Admin\OwnerList.aspx(109): error CS1061: “ASP.admin_ownerlist_aspx”不包含“btnSearch_Click”的定义，并且找不到可接受类型为“ASP.admin_ownerlist_aspx”的第一个参数的扩展方法“btnSearch_Click”(是否缺少 using 指令或程序集引用?)
	错误源：System.Web
	异常方法：System.Web.Compilation.BuildResult CompileWebFile(System.Web.VirtualPath)
	堆栈信息：   在 System.Web.Compilation.BuildManager.PostProcessFoundBuildResult(BuildResult result, Boolean keyFromVPP, VirtualPath virtualPath)
   在 System.Web.Compilation.BuildManager.GetBuildResultFromCacheInternal(String cacheKey, Boolean keyFromVPP, VirtualPath virtualPath, Int64 hashCode, Boolean ensureIsUpToDate)
   在 System.Web.Compilation.BuildManager.GetVPathBuildResultFromCacheInternal(VirtualPath virtualPath, Boolean ensureIsUpToDate)
   在 System.Web.Compilation.BuildManager.GetVPathBuildResultInternal(VirtualPath virtualPath, Boolean noBuild, Boolean allowCrossApp, Boolean allowBuildInPrecompile, Boolean throwIfNotFound, Boolean ensureIsUpToDate)
   在 System.Web.Compilation.BuildManager.GetVPathBuildResultWithNoAssert(HttpContext context, VirtualPath virtualPath, Boolean noBuild, Boolean allowCrossApp, Boolean allowBuildInPrecompile, Boolean throwIfNotFound, Boolean ensureIsUpToDate)
   在 System.Web.Compilation.BuildManager.GetVirtualPathObjectFactory(VirtualPath virtualPath, HttpContext context, Boolean allowCrossApp, Boolean throwIfNotFound)
   在 System.Web.Compilation.BuildManager.CreateInstanceFromVirtualPath(VirtualPath virtualPath, Type requiredBaseType, HttpContext context, Boolean allowCrossApp)
   在 System.Web.UI.PageHandlerFactory.GetHandlerHelper(HttpContext context, String requestType, VirtualPath virtualPath, String physicalPath)
   在 System.Web.UI.PageHandlerFactory.GetHandler(HttpContext context, String requestType, String virtualPath, String path)
   在 System.Web.HttpApplication.MaterializeHandlerExecutionStep.System.Web.HttpApplication.IExecutionStep.Execute()
   在 System.Web.HttpApplication.ExecuteStep(IExecutionStep step, Boolean& completedSynchronously)
--------------------------------------------------------------------------------------------------
2015.10.15 15:49:54
.客户信息：
	Ip:127.0.0.1
	浏览器:IE
	浏览器版本:8
	操作系统:WinNT
.错误信息：
	页面：http://localhost:7000/Admin/OwnerList.aspx
	错误信息：d:\avic\source\镜像库\MirrorWeb\MirrorWeb\Admin\OwnerList.aspx(109): error CS1061: “ASP.admin_ownerlist_aspx”不包含“btnSearch_Click”的定义，并且找不到可接受类型为“ASP.admin_ownerlist_aspx”的第一个参数的扩展方法“btnSearch_Click”(是否缺少 using 指令或程序集引用?)
	错误源：System.Web
	异常方法：System.Web.Compilation.BuildResult CompileWebFile(System.Web.VirtualPath)
	堆栈信息：   在 System.Web.Compilation.BuildManager.PostProcessFoundBuildResult(BuildResult result, Boolean keyFromVPP, VirtualPath virtualPath)
   在 System.Web.Compilation.BuildManager.GetBuildResultFromCacheInternal(String cacheKey, Boolean keyFromVPP, VirtualPath virtualPath, Int64 hashCode, Boolean ensureIsUpToDate)
   在 System.Web.Compilation.BuildManager.GetVPathBuildResultFromCacheInternal(VirtualPath virtualPath, Boolean ensureIsUpToDate)
   在 System.Web.Compilation.BuildManager.GetVPathBuildResultInternal(VirtualPath virtualPath, Boolean noBuild, Boolean allowCrossApp, Boolean allowBuildInPrecompile, Boolean throwIfNotFound, Boolean ensureIsUpToDate)
   在 System.Web.Compilation.BuildManager.GetVPathBuildResultWithNoAssert(HttpContext context, VirtualPath virtualPath, Boolean noBuild, Boolean allowCrossApp, Boolean allowBuildInPrecompile, Boolean throwIfNotFound, Boolean ensureIsUpToDate)
   在 System.Web.Compilation.BuildManager.GetVirtualPathObjectFactory(VirtualPath virtualPath, HttpContext context, Boolean allowCrossApp, Boolean throwIfNotFound)
   在 System.Web.Compilation.BuildManager.CreateInstanceFromVirtualPath(VirtualPath virtualPath, Type requiredBaseType, HttpContext context, Boolean allowCrossApp)
   在 System.Web.UI.PageHandlerFactory.GetHandlerHelper(HttpContext context, String requestType, VirtualPath virtualPath, String physicalPath)
   在 System.Web.UI.PageHandlerFactory.GetHandler(HttpContext context, String requestType, String virtualPath, String path)
   在 System.Web.HttpApplication.MaterializeHandlerExecutionStep.System.Web.HttpApplication.IExecutionStep.Execute()
   在 System.Web.HttpApplication.ExecuteStep(IExecutionStep step, Boolean& completedSynchronously)
--------------------------------------------------------------------------------------------------
2015.10.15 15:49:54
.客户信息：
	Ip:127.0.0.1
	浏览器:IE
	浏览器版本:8
	操作系统:WinNT
.错误信息：
	页面：http://localhost:7000/Admin/OwnerList.aspx
	错误信息：d:\avic\source\镜像库\MirrorWeb\MirrorWeb\Admin\OwnerList.aspx(109): error CS1061: “ASP.admin_ownerlist_aspx”不包含“btnSearch_Click”的定义，并且找不到可接受类型为“ASP.admin_ownerlist_aspx”的第一个参数的扩展方法“btnSearch_Click”(是否缺少 using 指令或程序集引用?)
	错误源：System.Web
	异常方法：System.Web.Compilation.BuildResult CompileWebFile(System.Web.VirtualPath)
	堆栈信息：   在 System.Web.Compilation.BuildManager.PostProcessFoundBuildResult(BuildResult result, Boolean keyFromVPP, VirtualPath virtualPath)
   在 System.Web.Compilation.BuildManager.GetBuildResultFromCacheInternal(String cacheKey, Boolean keyFromVPP, VirtualPath virtualPath, Int64 hashCode, Boolean ensureIsUpToDate)
   在 System.Web.Compilation.BuildManager.GetVPathBuildResultFromCacheInternal(VirtualPath virtualPath, Boolean ensureIsUpToDate)
   在 System.Web.Compilation.BuildManager.GetVPathBuildResultInternal(VirtualPath virtualPath, Boolean noBuild, Boolean allowCrossApp, Boolean allowBuildInPrecompile, Boolean throwIfNotFound, Boolean ensureIsUpToDate)
   在 System.Web.Compilation.BuildManager.GetVPathBuildResultWithNoAssert(HttpContext context, VirtualPath virtualPath, Boolean noBuild, Boolean allowCrossApp, Boolean allowBuildInPrecompile, Boolean throwIfNotFound, Boolean ensureIsUpToDate)
   在 System.Web.Compilation.BuildManager.GetVirtualPathObjectFactory(VirtualPath virtualPath, HttpContext context, Boolean allowCrossApp, Boolean throwIfNotFound)
   在 System.Web.Compilation.BuildManager.CreateInstanceFromVirtualPath(VirtualPath virtualPath, Type requiredBaseType, HttpContext context, Boolean allowCrossApp)
   在 System.Web.UI.PageHandlerFactory.GetHandlerHelper(HttpContext context, String requestType, VirtualPath virtualPath, String physicalPath)
   在 System.Web.UI.PageHandlerFactory.GetHandler(HttpContext context, String requestType, String virtualPath, String path)
   在 System.Web.HttpApplication.MaterializeHandlerExecutionStep.System.Web.HttpApplication.IExecutionStep.Execute()
   在 System.Web.HttpApplication.ExecuteStep(IExecutionStep step, Boolean& completedSynchronously)
--------------------------------------------------------------------------------------------------
2015.10.15 15:49:54
.客户信息：
	Ip:127.0.0.1
	浏览器:IE
	浏览器版本:8
	操作系统:WinNT
.错误信息：
	页面：http://localhost:7000/Admin/OwnerList.aspx
	错误信息：d:\avic\source\镜像库\MirrorWeb\MirrorWeb\Admin\OwnerList.aspx(109): error CS1061: “ASP.admin_ownerlist_aspx”不包含“btnSearch_Click”的定义，并且找不到可接受类型为“ASP.admin_ownerlist_aspx”的第一个参数的扩展方法“btnSearch_Click”(是否缺少 using 指令或程序集引用?)
	错误源：System.Web
	异常方法：System.Web.Compilation.BuildResult CompileWebFile(System.Web.VirtualPath)
	堆栈信息：   在 System.Web.Compilation.BuildManager.PostProcessFoundBuildResult(BuildResult result, Boolean keyFromVPP, VirtualPath virtualPath)
   在 System.Web.Compilation.BuildManager.GetBuildResultFromCacheInternal(String cacheKey, Boolean keyFromVPP, VirtualPath virtualPath, Int64 hashCode, Boolean ensureIsUpToDate)
   在 System.Web.Compilation.BuildManager.GetVPathBuildResultFromCacheInternal(VirtualPath virtualPath, Boolean ensureIsUpToDate)
   在 System.Web.Compilation.BuildManager.GetVPathBuildResultInternal(VirtualPath virtualPath, Boolean noBuild, Boolean allowCrossApp, Boolean allowBuildInPrecompile, Boolean throwIfNotFound, Boolean ensureIsUpToDate)
   在 System.Web.Compilation.BuildManager.GetVPathBuildResultWithNoAssert(HttpContext context, VirtualPath virtualPath, Boolean noBuild, Boolean allowCrossApp, Boolean allowBuildInPrecompile, Boolean throwIfNotFound, Boolean ensureIsUpToDate)
   在 System.Web.Compilation.BuildManager.GetVirtualPathObjectFactory(VirtualPath virtualPath, HttpContext context, Boolean allowCrossApp, Boolean throwIfNotFound)
   在 System.Web.Compilation.BuildManager.CreateInstanceFromVirtualPath(VirtualPath virtualPath, Type requiredBaseType, HttpContext context, Boolean allowCrossApp)
   在 System.Web.UI.PageHandlerFactory.GetHandlerHelper(HttpContext context, String requestType, VirtualPath virtualPath, String physicalPath)
   在 System.Web.UI.PageHandlerFactory.GetHandler(HttpContext context, String requestType, String virtualPath, String path)
   在 System.Web.HttpApplication.MaterializeHandlerExecutionStep.System.Web.HttpApplication.IExecutionStep.Execute()
   在 System.Web.HttpApplication.ExecuteStep(IExecutionStep step, Boolean& completedSynchronously)
--------------------------------------------------------------------------------------------------
2015.10.15 15:49:54
.客户信息：
	Ip:127.0.0.1
	浏览器:IE
	浏览器版本:8
	操作系统:WinNT
.错误信息：
	页面：http://localhost:7000/Admin/OwnerList.aspx
	错误信息：d:\avic\source\镜像库\MirrorWeb\MirrorWeb\Admin\OwnerList.aspx(109): error CS1061: “ASP.admin_ownerlist_aspx”不包含“btnSearch_Click”的定义，并且找不到可接受类型为“ASP.admin_ownerlist_aspx”的第一个参数的扩展方法“btnSearch_Click”(是否缺少 using 指令或程序集引用?)
	错误源：System.Web
	异常方法：System.Web.Compilation.BuildResult CompileWebFile(System.Web.VirtualPath)
	堆栈信息：   在 System.Web.Compilation.BuildManager.PostProcessFoundBuildResult(BuildResult result, Boolean keyFromVPP, VirtualPath virtualPath)
   在 System.Web.Compilation.BuildManager.GetBuildResultFromCacheInternal(String cacheKey, Boolean keyFromVPP, VirtualPath virtualPath, Int64 hashCode, Boolean ensureIsUpToDate)
   在 System.Web.Compilation.BuildManager.GetVPathBuildResultFromCacheInternal(VirtualPath virtualPath, Boolean ensureIsUpToDate)
   在 System.Web.Compilation.BuildManager.GetVPathBuildResultInternal(VirtualPath virtualPath, Boolean noBuild, Boolean allowCrossApp, Boolean allowBuildInPrecompile, Boolean throwIfNotFound, Boolean ensureIsUpToDate)
   在 System.Web.Compilation.BuildManager.GetVPathBuildResultWithNoAssert(HttpContext context, VirtualPath virtualPath, Boolean noBuild, Boolean allowCrossApp, Boolean allowBuildInPrecompile, Boolean throwIfNotFound, Boolean ensureIsUpToDate)
   在 System.Web.Compilation.BuildManager.GetVirtualPathObjectFactory(VirtualPath virtualPath, HttpContext context, Boolean allowCrossApp, Boolean throwIfNotFound)
   在 System.Web.Compilation.BuildManager.CreateInstanceFromVirtualPath(VirtualPath virtualPath, Type requiredBaseType, HttpContext context, Boolean allowCrossApp)
   在 System.Web.UI.PageHandlerFactory.GetHandlerHelper(HttpContext context, String requestType, VirtualPath virtualPath, String physicalPath)
   在 System.Web.UI.PageHandlerFactory.GetHandler(HttpContext context, String requestType, String virtualPath, String path)
   在 System.Web.HttpApplication.MaterializeHandlerExecutionStep.System.Web.HttpApplication.IExecutionStep.Execute()
   在 System.Web.HttpApplication.ExecuteStep(IExecutionStep step, Boolean& completedSynchronously)
--------------------------------------------------------------------------------------------------
2015.10.15 15:49:55
.客户信息：
	Ip:127.0.0.1
	浏览器:IE
	浏览器版本:8
	操作系统:WinNT
.错误信息：
	页面：http://localhost:7000/Admin/OwnerList.aspx
	错误信息：d:\avic\source\镜像库\MirrorWeb\MirrorWeb\Admin\OwnerList.aspx(109): error CS1061: “ASP.admin_ownerlist_aspx”不包含“btnSearch_Click”的定义，并且找不到可接受类型为“ASP.admin_ownerlist_aspx”的第一个参数的扩展方法“btnSearch_Click”(是否缺少 using 指令或程序集引用?)
	错误源：System.Web
	异常方法：System.Web.Compilation.BuildResult CompileWebFile(System.Web.VirtualPath)
	堆栈信息：   在 System.Web.Compilation.BuildManager.PostProcessFoundBuildResult(BuildResult result, Boolean keyFromVPP, VirtualPath virtualPath)
   在 System.Web.Compilation.BuildManager.GetBuildResultFromCacheInternal(String cacheKey, Boolean keyFromVPP, VirtualPath virtualPath, Int64 hashCode, Boolean ensureIsUpToDate)
   在 System.Web.Compilation.BuildManager.GetVPathBuildResultFromCacheInternal(VirtualPath virtualPath, Boolean ensureIsUpToDate)
   在 System.Web.Compilation.BuildManager.GetVPathBuildResultInternal(VirtualPath virtualPath, Boolean noBuild, Boolean allowCrossApp, Boolean allowBuildInPrecompile, Boolean throwIfNotFound, Boolean ensureIsUpToDate)
   在 System.Web.Compilation.BuildManager.GetVPathBuildResultWithNoAssert(HttpContext context, VirtualPath virtualPath, Boolean noBuild, Boolean allowCrossApp, Boolean allowBuildInPrecompile, Boolean throwIfNotFound, Boolean ensureIsUpToDate)
   在 System.Web.Compilation.BuildManager.GetVirtualPathObjectFactory(VirtualPath virtualPath, HttpContext context, Boolean allowCrossApp, Boolean throwIfNotFound)
   在 System.Web.Compilation.BuildManager.CreateInstanceFromVirtualPath(VirtualPath virtualPath, Type requiredBaseType, HttpContext context, Boolean allowCrossApp)
   在 System.Web.UI.PageHandlerFactory.GetHandlerHelper(HttpContext context, String requestType, VirtualPath virtualPath, String physicalPath)
   在 System.Web.UI.PageHandlerFactory.GetHandler(HttpContext context, String requestType, String virtualPath, String path)
   在 System.Web.HttpApplication.MaterializeHandlerExecutionStep.System.Web.HttpApplication.IExecutionStep.Execute()
   在 System.Web.HttpApplication.ExecuteStep(IExecutionStep step, Boolean& completedSynchronously)
--------------------------------------------------------------------------------------------------
2015.10.15 15:49:55
.客户信息：
	Ip:127.0.0.1
	浏览器:IE
	浏览器版本:8
	操作系统:WinNT
.错误信息：
	页面：http://localhost:7000/Admin/OwnerList.aspx
	错误信息：d:\avic\source\镜像库\MirrorWeb\MirrorWeb\Admin\OwnerList.aspx(109): error CS1061: “ASP.admin_ownerlist_aspx”不包含“btnSearch_Click”的定义，并且找不到可接受类型为“ASP.admin_ownerlist_aspx”的第一个参数的扩展方法“btnSearch_Click”(是否缺少 using 指令或程序集引用?)
	错误源：System.Web
	异常方法：System.Web.Compilation.BuildResult CompileWebFile(System.Web.VirtualPath)
	堆栈信息：   在 System.Web.Compilation.BuildManager.PostProcessFoundBuildResult(BuildResult result, Boolean keyFromVPP, VirtualPath virtualPath)
   在 System.Web.Compilation.BuildManager.GetBuildResultFromCacheInternal(String cacheKey, Boolean keyFromVPP, VirtualPath virtualPath, Int64 hashCode, Boolean ensureIsUpToDate)
   在 System.Web.Compilation.BuildManager.GetVPathBuildResultFromCacheInternal(VirtualPath virtualPath, Boolean ensureIsUpToDate)
   在 System.Web.Compilation.BuildManager.GetVPathBuildResultInternal(VirtualPath virtualPath, Boolean noBuild, Boolean allowCrossApp, Boolean allowBuildInPrecompile, Boolean throwIfNotFound, Boolean ensureIsUpToDate)
   在 System.Web.Compilation.BuildManager.GetVPathBuildResultWithNoAssert(HttpContext context, VirtualPath virtualPath, Boolean noBuild, Boolean allowCrossApp, Boolean allowBuildInPrecompile, Boolean throwIfNotFound, Boolean ensureIsUpToDate)
   在 System.Web.Compilation.BuildManager.GetVirtualPathObjectFactory(VirtualPath virtualPath, HttpContext context, Boolean allowCrossApp, Boolean throwIfNotFound)
   在 System.Web.Compilation.BuildManager.CreateInstanceFromVirtualPath(VirtualPath virtualPath, Type requiredBaseType, HttpContext context, Boolean allowCrossApp)
   在 System.Web.UI.PageHandlerFactory.GetHandlerHelper(HttpContext context, String requestType, VirtualPath virtualPath, String physicalPath)
   在 System.Web.UI.PageHandlerFactory.GetHandler(HttpContext context, String requestType, String virtualPath, String path)
   在 System.Web.HttpApplication.MaterializeHandlerExecutionStep.System.Web.HttpApplication.IExecutionStep.Execute()
   在 System.Web.HttpApplication.ExecuteStep(IExecutionStep step, Boolean& completedSynchronously)
--------------------------------------------------------------------------------------------------
2015.10.15 15:50:06
.客户信息：
	Ip:127.0.0.1
	浏览器:IE
	浏览器版本:8
	操作系统:WinNT
.错误信息：
	页面：http://localhost:7000/Admin/OwnerList.aspx
	错误信息：未将对象引用设置到对象的实例。
	错误源：App_Web_wqvyslcj
	异常方法：Void __RenderContent1(System.Web.UI.HtmlTextWriter, System.Web.UI.Control)
	堆栈信息：   在 ASP.admin_ownerlist_aspx.__RenderContent1(HtmlTextWriter __w, Control parameterContainer) 位置 d:\avic\source\镜像库\MirrorWeb\MirrorWeb\Admin\OwnerList.aspx:行号 24
   在 System.Web.UI.Control.RenderChildrenInternal(HtmlTextWriter writer, ICollection children)
   在 System.Web.UI.Control.RenderChildren(HtmlTextWriter writer)
   在 System.Web.UI.Control.Render(HtmlTextWriter writer)
   在 System.Web.UI.Control.RenderControlInternal(HtmlTextWriter writer, ControlAdapter adapter)
   在 System.Web.UI.Control.RenderControl(HtmlTextWriter writer, ControlAdapter adapter)
   在 System.Web.UI.Control.RenderControl(HtmlTextWriter writer)
   在 System.Web.UI.Control.RenderChildrenInternal(HtmlTextWriter writer, ICollection children)
   在 System.Web.UI.HtmlControls.HtmlHead.RenderChildren(HtmlTextWriter writer)
   在 System.Web.UI.HtmlControls.HtmlContainerControl.Render(HtmlTextWriter writer)
   在 System.Web.UI.Control.RenderControlInternal(HtmlTextWriter writer, ControlAdapter adapter)
   在 System.Web.UI.Control.RenderControl(HtmlTextWriter writer, ControlAdapter adapter)
   在 System.Web.UI.Control.RenderControl(HtmlTextWriter writer)
   在 System.Web.UI.Control.RenderChildrenInternal(HtmlTextWriter writer, ICollection children)
   在 System.Web.UI.Control.RenderChildren(HtmlTextWriter writer)
   在 System.Web.UI.Control.Render(HtmlTextWriter writer)
   在 System.Web.UI.Control.RenderControlInternal(HtmlTextWriter writer, ControlAdapter adapter)
   在 System.Web.UI.Control.RenderControl(HtmlTextWriter writer, ControlAdapter adapter)
   在 System.Web.UI.Control.RenderControl(HtmlTextWriter writer)
   在 System.Web.UI.Control.RenderChildrenInternal(HtmlTextWriter writer, ICollection children)
   在 System.Web.UI.Control.RenderChildren(HtmlTextWriter writer)
   在 System.Web.UI.Page.Render(HtmlTextWriter writer)
   在 System.Web.UI.Control.RenderControlInternal(HtmlTextWriter writer, ControlAdapter adapter)
   在 System.Web.UI.Control.RenderControl(HtmlTextWriter writer, ControlAdapter adapter)
   在 System.Web.UI.Control.RenderControl(HtmlTextWriter writer)
   在 System.Web.UI.Page.ProcessRequestMain(Boolean includeStagesBeforeAsyncPoint, Boolean includeStagesAfterAsyncPoint)
--------------------------------------------------------------------------------------------------
2015.10.15 15:50:27
.客户信息：
	Ip:127.0.0.1
	浏览器:IE
	浏览器版本:8
	操作系统:WinNT
.错误信息：
	页面：http://localhost:7000/Admin/OwnerList.aspx
	错误信息：未将对象引用设置到对象的实例。
	错误源：App_Web_flsobxva
	异常方法：Void __RenderContent1(System.Web.UI.HtmlTextWriter, System.Web.UI.Control)
	堆栈信息：   在 ASP.admin_ownerlist_aspx.__RenderContent1(HtmlTextWriter __w, Control parameterContainer) 位置 d:\avic\source\镜像库\MirrorWeb\MirrorWeb\Admin\OwnerList.aspx:行号 24
   在 System.Web.UI.Control.RenderChildrenInternal(HtmlTextWriter writer, ICollection children)
   在 System.Web.UI.Control.RenderChildren(HtmlTextWriter writer)
   在 System.Web.UI.Control.Render(HtmlTextWriter writer)
   在 System.Web.UI.Control.RenderControlInternal(HtmlTextWriter writer, ControlAdapter adapter)
   在 System.Web.UI.Control.RenderControl(HtmlTextWriter writer, ControlAdapter adapter)
   在 System.Web.UI.Control.RenderControl(HtmlTextWriter writer)
   在 System.Web.UI.Control.RenderChildrenInternal(HtmlTextWriter writer, ICollection children)
   在 System.Web.UI.HtmlControls.HtmlHead.RenderChildren(HtmlTextWriter writer)
   在 System.Web.UI.HtmlControls.HtmlContainerControl.Render(HtmlTextWriter writer)
   在 System.Web.UI.Control.RenderControlInternal(HtmlTextWriter writer, ControlAdapter adapter)
   在 System.Web.UI.Control.RenderControl(HtmlTextWriter writer, ControlAdapter adapter)
   在 System.Web.UI.Control.RenderControl(HtmlTextWriter writer)
   在 System.Web.UI.Control.RenderChildrenInternal(HtmlTextWriter writer, ICollection children)
   在 System.Web.UI.Control.RenderChildren(HtmlTextWriter writer)
   在 System.Web.UI.Control.Render(HtmlTextWriter writer)
   在 System.Web.UI.Control.RenderControlInternal(HtmlTextWriter writer, ControlAdapter adapter)
   在 System.Web.UI.Control.RenderControl(HtmlTextWriter writer, ControlAdapter adapter)
   在 System.Web.UI.Control.RenderControl(HtmlTextWriter writer)
   在 System.Web.UI.Control.RenderChildrenInternal(HtmlTextWriter writer, ICollection children)
   在 System.Web.UI.Control.RenderChildren(HtmlTextWriter writer)
   在 System.Web.UI.Page.Render(HtmlTextWriter writer)
   在 System.Web.UI.Control.RenderControlInternal(HtmlTextWriter writer, ControlAdapter adapter)
   在 System.Web.UI.Control.RenderControl(HtmlTextWriter writer, ControlAdapter adapter)
   在 System.Web.UI.Control.RenderControl(HtmlTextWriter writer)
   在 System.Web.UI.Page.ProcessRequestMain(Boolean includeStagesBeforeAsyncPoint, Boolean includeStagesAfterAsyncPoint)
--------------------------------------------------------------------------------------------------
2015.10.15 15:51:22
.客户信息：
	Ip:127.0.0.1
	浏览器:IE
	浏览器版本:8
	操作系统:WinNT
.错误信息：
	页面：http://localhost:7000/Admin/OwnerList.aspx
	错误信息：未知的服务器标记“DRMS:UserListView”。
	错误源：System.Web
	异常方法：Void ProcessError(System.String)
	堆栈信息：   在 System.Web.UI.TemplateParser.ProcessError(String message)
   在 System.Web.UI.TemplateParser.ProcessBeginTag(Match match, String inputText)
   在 System.Web.UI.TemplateParser.ParseStringInternal(String text, Encoding fileEncoding)
--------------------------------------------------------------------------------------------------
2015.10.15 15:51:23
.客户信息：
	Ip:127.0.0.1
	浏览器:IE
	浏览器版本:8
	操作系统:WinNT
.错误信息：
	页面：http://localhost:7000/Admin/OwnerList.aspx
	错误信息：未知的服务器标记“DRMS:UserListView”。
	错误源：System.Web
	异常方法：Void ProcessError(System.String)
	堆栈信息：   在 System.Web.UI.TemplateParser.ProcessError(String message)
   在 System.Web.UI.TemplateParser.ProcessBeginTag(Match match, String inputText)
   在 System.Web.UI.TemplateParser.ParseStringInternal(String text, Encoding fileEncoding)
--------------------------------------------------------------------------------------------------
2015.10.15 15:51:34
.客户信息：
	Ip:127.0.0.1
	浏览器:IE
	浏览器版本:8
	操作系统:WinNT
.错误信息：
	页面：http://localhost:7000/Admin/OwnerList.aspx
	错误信息：未知的服务器标记“DRMS:UserListView”。
	错误源：System.Web
	异常方法：Void ProcessError(System.String)
	堆栈信息：   在 System.Web.UI.TemplateParser.ProcessError(String message)
   在 System.Web.UI.TemplateParser.ProcessBeginTag(Match match, String inputText)
   在 System.Web.UI.TemplateParser.ParseStringInternal(String text, Encoding fileEncoding)
--------------------------------------------------------------------------------------------------
2015.10.15 15:51:35
.客户信息：
	Ip:127.0.0.1
	浏览器:IE
	浏览器版本:8
	操作系统:WinNT
.错误信息：
	页面：http://localhost:7000/Admin/OwnerList.aspx
	错误信息：未知的服务器标记“DRMS:UserListView”。
	错误源：System.Web
	异常方法：Void ProcessError(System.String)
	堆栈信息：   在 System.Web.UI.TemplateParser.ProcessError(String message)
   在 System.Web.UI.TemplateParser.ProcessBeginTag(Match match, String inputText)
   在 System.Web.UI.TemplateParser.ParseStringInternal(String text, Encoding fileEncoding)
--------------------------------------------------------------------------------------------------
2015.10.15 15:51:36
.客户信息：
	Ip:127.0.0.1
	浏览器:IE
	浏览器版本:8
	操作系统:WinNT
.错误信息：
	页面：http://localhost:7000/Admin/OwnerList.aspx
	错误信息：未知的服务器标记“DRMS:UserListView”。
	错误源：System.Web
	异常方法：Void ProcessError(System.String)
	堆栈信息：   在 System.Web.UI.TemplateParser.ProcessError(String message)
   在 System.Web.UI.TemplateParser.ProcessBeginTag(Match match, String inputText)
   在 System.Web.UI.TemplateParser.ParseStringInternal(String text, Encoding fileEncoding)
--------------------------------------------------------------------------------------------------
2015.10.15 15:51:36
.客户信息：
	Ip:127.0.0.1
	浏览器:IE
	浏览器版本:8
	操作系统:WinNT
.错误信息：
	页面：http://localhost:7000/Admin/OwnerList.aspx
	错误信息：未知的服务器标记“DRMS:UserListView”。
	错误源：System.Web
	异常方法：Void ProcessError(System.String)
	堆栈信息：   在 System.Web.UI.TemplateParser.ProcessError(String message)
   在 System.Web.UI.TemplateParser.ProcessBeginTag(Match match, String inputText)
   在 System.Web.UI.TemplateParser.ParseStringInternal(String text, Encoding fileEncoding)
--------------------------------------------------------------------------------------------------
2015.10.15 15:51:36
.客户信息：
	Ip:127.0.0.1
	浏览器:IE
	浏览器版本:8
	操作系统:WinNT
.错误信息：
	页面：http://localhost:7000/Admin/OwnerList.aspx
	错误信息：未知的服务器标记“DRMS:UserListView”。
	错误源：System.Web
	异常方法：Void ProcessError(System.String)
	堆栈信息：   在 System.Web.UI.TemplateParser.ProcessError(String message)
   在 System.Web.UI.TemplateParser.ProcessBeginTag(Match match, String inputText)
   在 System.Web.UI.TemplateParser.ParseStringInternal(String text, Encoding fileEncoding)
--------------------------------------------------------------------------------------------------
2015.10.15 15:51:37
.客户信息：
	Ip:127.0.0.1
	浏览器:IE
	浏览器版本:8
	操作系统:WinNT
.错误信息：
	页面：http://localhost:7000/Admin/OwnerList.aspx
	错误信息：未知的服务器标记“DRMS:UserListView”。
	错误源：System.Web
	异常方法：Void ProcessError(System.String)
	堆栈信息：   在 System.Web.UI.TemplateParser.ProcessError(String message)
   在 System.Web.UI.TemplateParser.ProcessBeginTag(Match match, String inputText)
   在 System.Web.UI.TemplateParser.ParseStringInternal(String text, Encoding fileEncoding)
--------------------------------------------------------------------------------------------------
2015.10.15 15:51:44
.客户信息：
	Ip:127.0.0.1
	浏览器:IE
	浏览器版本:8
	操作系统:WinNT
.错误信息：
	页面：http://localhost:7000/Admin/OwnerList.aspx
	错误信息：未知的服务器标记“DRMS:UserListView”。
	错误源：System.Web
	异常方法：Void ProcessError(System.String)
	堆栈信息：   在 System.Web.UI.TemplateParser.ProcessError(String message)
   在 System.Web.UI.TemplateParser.ProcessBeginTag(Match match, String inputText)
   在 System.Web.UI.TemplateParser.ParseStringInternal(String text, Encoding fileEncoding)
--------------------------------------------------------------------------------------------------
2015.10.15 15:51:44
.客户信息：
	Ip:127.0.0.1
	浏览器:IE
	浏览器版本:8
	操作系统:WinNT
.错误信息：
	页面：http://localhost:7000/Admin/OwnerList.aspx
	错误信息：未知的服务器标记“DRMS:UserListView”。
	错误源：System.Web
	异常方法：Void ProcessError(System.String)
	堆栈信息：   在 System.Web.UI.TemplateParser.ProcessError(String message)
   在 System.Web.UI.TemplateParser.ProcessBeginTag(Match match, String inputText)
   在 System.Web.UI.TemplateParser.ParseStringInternal(String text, Encoding fileEncoding)
--------------------------------------------------------------------------------------------------
2015.10.15 15:51:45
.客户信息：
	Ip:127.0.0.1
	浏览器:IE
	浏览器版本:8
	操作系统:WinNT
.错误信息：
	页面：http://localhost:7000/Admin/OwnerList.aspx
	错误信息：未知的服务器标记“DRMS:UserListView”。
	错误源：System.Web
	异常方法：Void ProcessError(System.String)
	堆栈信息：   在 System.Web.UI.TemplateParser.ProcessError(String message)
   在 System.Web.UI.TemplateParser.ProcessBeginTag(Match match, String inputText)
   在 System.Web.UI.TemplateParser.ParseStringInternal(String text, Encoding fileEncoding)
--------------------------------------------------------------------------------------------------
2015.10.15 15:51:45
.客户信息：
	Ip:127.0.0.1
	浏览器:IE
	浏览器版本:8
	操作系统:WinNT
.错误信息：
	页面：http://localhost:7000/Admin/OwnerList.aspx
	错误信息：未知的服务器标记“DRMS:UserListView”。
	错误源：System.Web
	异常方法：Void ProcessError(System.String)
	堆栈信息：   在 System.Web.UI.TemplateParser.ProcessError(String message)
   在 System.Web.UI.TemplateParser.ProcessBeginTag(Match match, String inputText)
   在 System.Web.UI.TemplateParser.ParseStringInternal(String text, Encoding fileEncoding)
--------------------------------------------------------------------------------------------------
2015.10.15 15:51:45
.客户信息：
	Ip:127.0.0.1
	浏览器:IE
	浏览器版本:8
	操作系统:WinNT
.错误信息：
	页面：http://localhost:7000/Admin/OwnerList.aspx
	错误信息：未知的服务器标记“DRMS:UserListView”。
	错误源：System.Web
	异常方法：Void ProcessError(System.String)
	堆栈信息：   在 System.Web.UI.TemplateParser.ProcessError(String message)
   在 System.Web.UI.TemplateParser.ProcessBeginTag(Match match, String inputText)
   在 System.Web.UI.TemplateParser.ParseStringInternal(String text, Encoding fileEncoding)
--------------------------------------------------------------------------------------------------
2015.10.15 15:51:54
.客户信息：
	Ip:127.0.0.1
	浏览器:IE
	浏览器版本:8
	操作系统:WinNT
.错误信息：
	页面：http://localhost:7000/Admin/OwnerList.aspx
	错误信息：d:\avic\source\镜像库\MirrorWeb\MirrorWeb\Admin\OwnerList.aspx(74): error CS1061: “ASP.admin_ownerlist_aspx”不包含“btnSearch_Click”的定义，并且找不到可接受类型为“ASP.admin_ownerlist_aspx”的第一个参数的扩展方法“btnSearch_Click”(是否缺少 using 指令或程序集引用?)
	错误源：System.Web
	异常方法：System.Web.Compilation.BuildResult CompileWebFile(System.Web.VirtualPath)
	堆栈信息：   在 System.Web.Compilation.BuildManager.CompileWebFile(VirtualPath virtualPath)
   在 System.Web.Compilation.BuildManager.GetVPathBuildResultInternal(VirtualPath virtualPath, Boolean noBuild, Boolean allowCrossApp, Boolean allowBuildInPrecompile, Boolean throwIfNotFound, Boolean ensureIsUpToDate)
   在 System.Web.Compilation.BuildManager.GetVPathBuildResultWithNoAssert(HttpContext context, VirtualPath virtualPath, Boolean noBuild, Boolean allowCrossApp, Boolean allowBuildInPrecompile, Boolean throwIfNotFound, Boolean ensureIsUpToDate)
   在 System.Web.Compilation.BuildManager.GetVirtualPathObjectFactory(VirtualPath virtualPath, HttpContext context, Boolean allowCrossApp, Boolean throwIfNotFound)
   在 System.Web.Compilation.BuildManager.CreateInstanceFromVirtualPath(VirtualPath virtualPath, Type requiredBaseType, HttpContext context, Boolean allowCrossApp)
   在 System.Web.UI.PageHandlerFactory.GetHandlerHelper(HttpContext context, String requestType, VirtualPath virtualPath, String physicalPath)
   在 System.Web.UI.PageHandlerFactory.GetHandler(HttpContext context, String requestType, String virtualPath, String path)
   在 System.Web.HttpApplication.MaterializeHandlerExecutionStep.System.Web.HttpApplication.IExecutionStep.Execute()
   在 System.Web.HttpApplication.ExecuteStep(IExecutionStep step, Boolean& completedSynchronously)
--------------------------------------------------------------------------------------------------
2015.10.15 15:51:54
.客户信息：
	Ip:127.0.0.1
	浏览器:IE
	浏览器版本:8
	操作系统:WinNT
.错误信息：
	页面：http://localhost:7000/Admin/OwnerList.aspx
	错误信息：d:\avic\source\镜像库\MirrorWeb\MirrorWeb\Admin\OwnerList.aspx(74): error CS1061: “ASP.admin_ownerlist_aspx”不包含“btnSearch_Click”的定义，并且找不到可接受类型为“ASP.admin_ownerlist_aspx”的第一个参数的扩展方法“btnSearch_Click”(是否缺少 using 指令或程序集引用?)
	错误源：System.Web
	异常方法：System.Web.Compilation.BuildResult CompileWebFile(System.Web.VirtualPath)
	堆栈信息：   在 System.Web.Compilation.BuildManager.PostProcessFoundBuildResult(BuildResult result, Boolean keyFromVPP, VirtualPath virtualPath)
   在 System.Web.Compilation.BuildManager.GetBuildResultFromCacheInternal(String cacheKey, Boolean keyFromVPP, VirtualPath virtualPath, Int64 hashCode, Boolean ensureIsUpToDate)
   在 System.Web.Compilation.BuildManager.GetVPathBuildResultFromCacheInternal(VirtualPath virtualPath, Boolean ensureIsUpToDate)
   在 System.Web.Compilation.BuildManager.GetVPathBuildResultInternal(VirtualPath virtualPath, Boolean noBuild, Boolean allowCrossApp, Boolean allowBuildInPrecompile, Boolean throwIfNotFound, Boolean ensureIsUpToDate)
   在 System.Web.Compilation.BuildManager.GetVPathBuildResultWithNoAssert(HttpContext context, VirtualPath virtualPath, Boolean noBuild, Boolean allowCrossApp, Boolean allowBuildInPrecompile, Boolean throwIfNotFound, Boolean ensureIsUpToDate)
   在 System.Web.Compilation.BuildManager.GetVirtualPathObjectFactory(VirtualPath virtualPath, HttpContext context, Boolean allowCrossApp, Boolean throwIfNotFound)
   在 System.Web.Compilation.BuildManager.CreateInstanceFromVirtualPath(VirtualPath virtualPath, Type requiredBaseType, HttpContext context, Boolean allowCrossApp)
   在 System.Web.UI.PageHandlerFactory.GetHandlerHelper(HttpContext context, String requestType, VirtualPath virtualPath, String physicalPath)
   在 System.Web.UI.PageHandlerFactory.GetHandler(HttpContext context, String requestType, String virtualPath, String path)
   在 System.Web.HttpApplication.MaterializeHandlerExecutionStep.System.Web.HttpApplication.IExecutionStep.Execute()
   在 System.Web.HttpApplication.ExecuteStep(IExecutionStep step, Boolean& completedSynchronously)
--------------------------------------------------------------------------------------------------
2015.10.15 15:51:55
.客户信息：
	Ip:127.0.0.1
	浏览器:IE
	浏览器版本:8
	操作系统:WinNT
.错误信息：
	页面：http://localhost:7000/Admin/OwnerList.aspx
	错误信息：d:\avic\source\镜像库\MirrorWeb\MirrorWeb\Admin\OwnerList.aspx(74): error CS1061: “ASP.admin_ownerlist_aspx”不包含“btnSearch_Click”的定义，并且找不到可接受类型为“ASP.admin_ownerlist_aspx”的第一个参数的扩展方法“btnSearch_Click”(是否缺少 using 指令或程序集引用?)
	错误源：System.Web
	异常方法：System.Web.Compilation.BuildResult CompileWebFile(System.Web.VirtualPath)
	堆栈信息：   在 System.Web.Compilation.BuildManager.PostProcessFoundBuildResult(BuildResult result, Boolean keyFromVPP, VirtualPath virtualPath)
   在 System.Web.Compilation.BuildManager.GetBuildResultFromCacheInternal(String cacheKey, Boolean keyFromVPP, VirtualPath virtualPath, Int64 hashCode, Boolean ensureIsUpToDate)
   在 System.Web.Compilation.BuildManager.GetVPathBuildResultFromCacheInternal(VirtualPath virtualPath, Boolean ensureIsUpToDate)
   在 System.Web.Compilation.BuildManager.GetVPathBuildResultInternal(VirtualPath virtualPath, Boolean noBuild, Boolean allowCrossApp, Boolean allowBuildInPrecompile, Boolean throwIfNotFound, Boolean ensureIsUpToDate)
   在 System.Web.Compilation.BuildManager.GetVPathBuildResultWithNoAssert(HttpContext context, VirtualPath virtualPath, Boolean noBuild, Boolean allowCrossApp, Boolean allowBuildInPrecompile, Boolean throwIfNotFound, Boolean ensureIsUpToDate)
   在 System.Web.Compilation.BuildManager.GetVirtualPathObjectFactory(VirtualPath virtualPath, HttpContext context, Boolean allowCrossApp, Boolean throwIfNotFound)
   在 System.Web.Compilation.BuildManager.CreateInstanceFromVirtualPath(VirtualPath virtualPath, Type requiredBaseType, HttpContext context, Boolean allowCrossApp)
   在 System.Web.UI.PageHandlerFactory.GetHandlerHelper(HttpContext context, String requestType, VirtualPath virtualPath, String physicalPath)
   在 System.Web.UI.PageHandlerFactory.GetHandler(HttpContext context, String requestType, String virtualPath, String path)
   在 System.Web.HttpApplication.MaterializeHandlerExecutionStep.System.Web.HttpApplication.IExecutionStep.Execute()
   在 System.Web.HttpApplication.ExecuteStep(IExecutionStep step, Boolean& completedSynchronously)
--------------------------------------------------------------------------------------------------
2015.10.15 15:59:30
.客户信息：
	Ip:127.0.0.1
	浏览器:IE
	浏览器版本:8
	操作系统:WinNT
.错误信息：
	页面：http://localhost:7000/Admin/OwnerList.aspx
	错误信息：d:\avic\source\镜像库\MirrorWeb\MirrorWeb\Admin\OwnerList.aspx(75): error CS1061: “ASP.admin_ownerlist_aspx”不包含“btnSearch_Click”的定义，并且找不到可接受类型为“ASP.admin_ownerlist_aspx”的第一个参数的扩展方法“btnSearch_Click”(是否缺少 using 指令或程序集引用?)
	错误源：System.Web
	异常方法：System.Web.Compilation.BuildResult CompileWebFile(System.Web.VirtualPath)
	堆栈信息：   在 System.Web.Compilation.BuildManager.CompileWebFile(VirtualPath virtualPath)
   在 System.Web.Compilation.BuildManager.GetVPathBuildResultInternal(VirtualPath virtualPath, Boolean noBuild, Boolean allowCrossApp, Boolean allowBuildInPrecompile, Boolean throwIfNotFound, Boolean ensureIsUpToDate)
   在 System.Web.Compilation.BuildManager.GetVPathBuildResultWithNoAssert(HttpContext context, VirtualPath virtualPath, Boolean noBuild, Boolean allowCrossApp, Boolean allowBuildInPrecompile, Boolean throwIfNotFound, Boolean ensureIsUpToDate)
   在 System.Web.Compilation.BuildManager.GetVirtualPathObjectFactory(VirtualPath virtualPath, HttpContext context, Boolean allowCrossApp, Boolean throwIfNotFound)
   在 System.Web.Compilation.BuildManager.CreateInstanceFromVirtualPath(VirtualPath virtualPath, Type requiredBaseType, HttpContext context, Boolean allowCrossApp)
   在 System.Web.UI.PageHandlerFactory.GetHandlerHelper(HttpContext context, String requestType, VirtualPath virtualPath, String physicalPath)
   在 System.Web.UI.PageHandlerFactory.GetHandler(HttpContext context, String requestType, String virtualPath, String path)
   在 System.Web.HttpApplication.MaterializeHandlerExecutionStep.System.Web.HttpApplication.IExecutionStep.Execute()
   在 System.Web.HttpApplication.ExecuteStep(IExecutionStep step, Boolean& completedSynchronously)
--------------------------------------------------------------------------------------------------
2015.10.15 16:02:23
.客户信息：
	Ip:127.0.0.1
	浏览器:IE
	浏览器版本:8
	操作系统:WinNT
.错误信息：
	页面：http://localhost:7000/Admin/OwnerList.aspx
	错误信息：d:\avic\source\镜像库\MirrorWeb\MirrorWeb\AdminUserControl\OwnerListView.ascx(86): error CS0103: 当前上下文中不存在名称“ResType”
	错误源：System.Web
	异常方法：System.Web.Compilation.BuildResult PostProcessFoundBuildResult(System.Web.Compilation.BuildResult, Boolean, System.Web.VirtualPath)
	堆栈信息：   在 System.Web.Compilation.BuildManager.PostProcessFoundBuildResult(BuildResult result, Boolean keyFromVPP, VirtualPath virtualPath)
   在 System.Web.Compilation.BuildManager.GetBuildResultFromCacheInternal(String cacheKey, Boolean keyFromVPP, VirtualPath virtualPath, Int64 hashCode, Boolean ensureIsUpToDate)
   在 System.Web.Compilation.BuildManager.GetVPathBuildResultFromCacheInternal(VirtualPath virtualPath, Boolean ensureIsUpToDate)
   在 System.Web.Compilation.BuildManager.GetVPathBuildResultInternal(VirtualPath virtualPath, Boolean noBuild, Boolean allowCrossApp, Boolean allowBuildInPrecompile, Boolean throwIfNotFound, Boolean ensureIsUpToDate)
   在 System.Web.Compilation.BuildManager.GetVPathBuildResultWithNoAssert(HttpContext context, VirtualPath virtualPath, Boolean noBuild, Boolean allowCrossApp, Boolean allowBuildInPrecompile, Boolean throwIfNotFound, Boolean ensureIsUpToDate)
   在 System.Web.UI.BaseTemplateParser.GetReferencedType(VirtualPath virtualPath, Boolean allowNoCompile)
   在 System.Web.UI.BaseTemplateParser.GetUserControlType(VirtualPath virtualPath)
   在 System.Web.UI.MainTagNameToTypeMapper.ProcessUserControlRegistration(UserControlRegisterEntry ucRegisterEntry)
   在 System.Web.UI.BaseTemplateParser.ProcessDirective(String directiveName, IDictionary directive)
   在 System.Web.UI.TemplateControlParser.ProcessDirective(String directiveName, IDictionary directive)
   在 System.Web.UI.PageParser.ProcessDirective(String directiveName, IDictionary directive)
   在 System.Web.UI.TemplateParser.ParseStringInternal(String text, Encoding fileEncoding)
--------------------------------------------------------------------------------------------------
2015.10.15 16:04:32
.客户信息：
	Ip:127.0.0.1
	浏览器:IE
	浏览器版本:8
	操作系统:WinNT
.错误信息：
	页面：http://localhost:7000/Admin/OwnerList.aspx
	错误信息：DataBinding:“DRMS.Model.JournalInfo”不包含名为“ID”的属性。
	错误源：System.Web
	异常方法：System.Object GetPropertyValue(System.Object, System.String)
	堆栈信息：   在 System.Web.UI.DataBinder.GetPropertyValue(Object container, String propName)
   在 System.Web.UI.DataBinder.Eval(Object container, String[] expressionParts)
   在 System.Web.UI.DataBinder.Eval(Object container, String expression)
   在 System.Web.UI.TemplateControl.Eval(String expression)
   在 ASP.adminusercontrol_ownerlistview_ascx.__DataBind__control12(Object sender, EventArgs e) 位置 d:\avic\source\镜像库\MirrorWeb\MirrorWeb\AdminUserControl\OwnerListView.ascx:行号 75
   在 System.Web.UI.Control.OnDataBinding(EventArgs e)
   在 System.Web.UI.Control.DataBind(Boolean raiseOnDataBinding)
   在 System.Web.UI.Control.DataBind()
   在 System.Web.UI.Control.DataBindChildren()
   在 System.Web.UI.Control.DataBind(Boolean raiseOnDataBinding)
   在 System.Web.UI.Control.DataBind()
   在 System.Web.UI.WebControls.Repeater.CreateItem(Int32 itemIndex, ListItemType itemType, Boolean dataBind, Object dataItem)
   在 System.Web.UI.WebControls.Repeater.CreateControlHierarchy(Boolean useDataSource)
   在 System.Web.UI.WebControls.Repeater.OnDataBinding(EventArgs e)
   在 System.Web.UI.WebControls.Repeater.DataBind()
   在 DRMS.MirrorWeb.AdminUserControl.OwnerListView.BindOwnerList() 位置 d:\avic\source\镜像库\MirrorWeb\MirrorWeb\AdminUserControl\OwnerListView.ascx.cs:行号 134
   在 DRMS.MirrorWeb.AdminUserControl.OwnerListView.InitData() 位置 d:\avic\source\镜像库\MirrorWeb\MirrorWeb\AdminUserControl\OwnerListView.ascx.cs:行号 108
   在 DRMS.MirrorWeb.AdminUserControl.OwnerListView.Page_Load(Object sender, EventArgs e) 位置 d:\avic\source\镜像库\MirrorWeb\MirrorWeb\AdminUserControl\OwnerListView.ascx.cs:行号 64
   在 System.Web.Util.CalliEventHandlerDelegateProxy.Callback(Object sender, EventArgs e)
   在 System.Web.UI.Control.OnLoad(EventArgs e)
   在 System.Web.UI.Control.LoadRecursive()
   在 System.Web.UI.Control.LoadRecursive()
   在 System.Web.UI.Control.LoadRecursive()
   在 System.Web.UI.Control.LoadRecursive()
   在 System.Web.UI.Control.LoadRecursive()
   在 System.Web.UI.Page.ProcessRequestMain(Boolean includeStagesBeforeAsyncPoint, Boolean includeStagesAfterAsyncPoint)
--------------------------------------------------------------------------------------------------
2015.10.15 16:04:33
.客户信息：
	Ip:127.0.0.1
	浏览器:IE
	浏览器版本:8
	操作系统:WinNT
.错误信息：
	页面：http://localhost:7000/Admin/OwnerList.aspx
	错误信息：DataBinding:“DRMS.Model.JournalInfo”不包含名为“ID”的属性。
	错误源：System.Web
	异常方法：System.Object GetPropertyValue(System.Object, System.String)
	堆栈信息：   在 System.Web.UI.DataBinder.GetPropertyValue(Object container, String propName)
   在 System.Web.UI.DataBinder.Eval(Object container, String[] expressionParts)
   在 System.Web.UI.DataBinder.Eval(Object container, String expression)
   在 System.Web.UI.TemplateControl.Eval(String expression)
   在 ASP.adminusercontrol_ownerlistview_ascx.__DataBind__control12(Object sender, EventArgs e) 位置 d:\avic\source\镜像库\MirrorWeb\MirrorWeb\AdminUserControl\OwnerListView.ascx:行号 75
   在 System.Web.UI.Control.OnDataBinding(EventArgs e)
   在 System.Web.UI.Control.DataBind(Boolean raiseOnDataBinding)
   在 System.Web.UI.Control.DataBind()
   在 System.Web.UI.Control.DataBindChildren()
   在 System.Web.UI.Control.DataBind(Boolean raiseOnDataBinding)
   在 System.Web.UI.Control.DataBind()
   在 System.Web.UI.WebControls.Repeater.CreateItem(Int32 itemIndex, ListItemType itemType, Boolean dataBind, Object dataItem)
   在 System.Web.UI.WebControls.Repeater.CreateControlHierarchy(Boolean useDataSource)
   在 System.Web.UI.WebControls.Repeater.OnDataBinding(EventArgs e)
   在 System.Web.UI.WebControls.Repeater.DataBind()
   在 DRMS.MirrorWeb.AdminUserControl.OwnerListView.BindOwnerList() 位置 d:\avic\source\镜像库\MirrorWeb\MirrorWeb\AdminUserControl\OwnerListView.ascx.cs:行号 134
   在 DRMS.MirrorWeb.AdminUserControl.OwnerListView.InitData() 位置 d:\avic\source\镜像库\MirrorWeb\MirrorWeb\AdminUserControl\OwnerListView.ascx.cs:行号 108
   在 DRMS.MirrorWeb.AdminUserControl.OwnerListView.Page_Load(Object sender, EventArgs e) 位置 d:\avic\source\镜像库\MirrorWeb\MirrorWeb\AdminUserControl\OwnerListView.ascx.cs:行号 64
   在 System.Web.Util.CalliEventHandlerDelegateProxy.Callback(Object sender, EventArgs e)
   在 System.Web.UI.Control.OnLoad(EventArgs e)
   在 System.Web.UI.Control.LoadRecursive()
   在 System.Web.UI.Control.LoadRecursive()
   在 System.Web.UI.Control.LoadRecursive()
   在 System.Web.UI.Control.LoadRecursive()
   在 System.Web.UI.Control.LoadRecursive()
   在 System.Web.UI.Page.ProcessRequestMain(Boolean includeStagesBeforeAsyncPoint, Boolean includeStagesAfterAsyncPoint)
--------------------------------------------------------------------------------------------------
2015.10.15 16:04:52
.客户信息：
	Ip:127.0.0.1
	浏览器:IE
	浏览器版本:8
	操作系统:WinNT
.错误信息：
	页面：http://localhost:7000/Admin/OwnerList.aspx
	错误信息：DataBinding:“DRMS.Model.JournalInfo”不包含名为“ID”的属性。
	错误源：System.Web
	异常方法：System.Object GetPropertyValue(System.Object, System.String)
	堆栈信息：   在 System.Web.UI.DataBinder.GetPropertyValue(Object container, String propName)
   在 System.Web.UI.DataBinder.Eval(Object container, String[] expressionParts)
   在 System.Web.UI.DataBinder.Eval(Object container, String expression)
   在 System.Web.UI.TemplateControl.Eval(String expression)
   在 ASP.adminusercontrol_ownerlistview_ascx.__DataBind__control12(Object sender, EventArgs e) 位置 d:\avic\source\镜像库\MirrorWeb\MirrorWeb\AdminUserControl\OwnerListView.ascx:行号 75
   在 System.Web.UI.Control.OnDataBinding(EventArgs e)
   在 System.Web.UI.Control.DataBind(Boolean raiseOnDataBinding)
   在 System.Web.UI.Control.DataBind()
   在 System.Web.UI.Control.DataBindChildren()
   在 System.Web.UI.Control.DataBind(Boolean raiseOnDataBinding)
   在 System.Web.UI.Control.DataBind()
   在 System.Web.UI.WebControls.Repeater.CreateItem(Int32 itemIndex, ListItemType itemType, Boolean dataBind, Object dataItem)
   在 System.Web.UI.WebControls.Repeater.CreateControlHierarchy(Boolean useDataSource)
   在 System.Web.UI.WebControls.Repeater.OnDataBinding(EventArgs e)
   在 System.Web.UI.WebControls.Repeater.DataBind()
   在 DRMS.MirrorWeb.AdminUserControl.OwnerListView.BindOwnerList() 位置 d:\avic\source\镜像库\MirrorWeb\MirrorWeb\AdminUserControl\OwnerListView.ascx.cs:行号 134
   在 DRMS.MirrorWeb.AdminUserControl.OwnerListView.InitData() 位置 d:\avic\source\镜像库\MirrorWeb\MirrorWeb\AdminUserControl\OwnerListView.ascx.cs:行号 108
   在 DRMS.MirrorWeb.AdminUserControl.OwnerListView.Page_Load(Object sender, EventArgs e) 位置 d:\avic\source\镜像库\MirrorWeb\MirrorWeb\AdminUserControl\OwnerListView.ascx.cs:行号 64
   在 System.Web.Util.CalliEventHandlerDelegateProxy.Callback(Object sender, EventArgs e)
   在 System.Web.UI.Control.OnLoad(EventArgs e)
   在 System.Web.UI.Control.LoadRecursive()
   在 System.Web.UI.Control.LoadRecursive()
   在 System.Web.UI.Control.LoadRecursive()
   在 System.Web.UI.Control.LoadRecursive()
   在 System.Web.UI.Control.LoadRecursive()
   在 System.Web.UI.Page.ProcessRequestMain(Boolean includeStagesBeforeAsyncPoint, Boolean includeStagesAfterAsyncPoint)
--------------------------------------------------------------------------------------------------
2015.10.15 16:04:52
.客户信息：
	Ip:127.0.0.1
	浏览器:IE
	浏览器版本:8
	操作系统:WinNT
.错误信息：
	页面：http://localhost:7000/Admin/OwnerList.aspx
	错误信息：DataBinding:“DRMS.Model.JournalInfo”不包含名为“ID”的属性。
	错误源：System.Web
	异常方法：System.Object GetPropertyValue(System.Object, System.String)
	堆栈信息：   在 System.Web.UI.DataBinder.GetPropertyValue(Object container, String propName)
   在 System.Web.UI.DataBinder.Eval(Object container, String[] expressionParts)
   在 System.Web.UI.DataBinder.Eval(Object container, String expression)
   在 System.Web.UI.TemplateControl.Eval(String expression)
   在 ASP.adminusercontrol_ownerlistview_ascx.__DataBind__control12(Object sender, EventArgs e) 位置 d:\avic\source\镜像库\MirrorWeb\MirrorWeb\AdminUserControl\OwnerListView.ascx:行号 75
   在 System.Web.UI.Control.OnDataBinding(EventArgs e)
   在 System.Web.UI.Control.DataBind(Boolean raiseOnDataBinding)
   在 System.Web.UI.Control.DataBind()
   在 System.Web.UI.Control.DataBindChildren()
   在 System.Web.UI.Control.DataBind(Boolean raiseOnDataBinding)
   在 System.Web.UI.Control.DataBind()
   在 System.Web.UI.WebControls.Repeater.CreateItem(Int32 itemIndex, ListItemType itemType, Boolean dataBind, Object dataItem)
   在 System.Web.UI.WebControls.Repeater.CreateControlHierarchy(Boolean useDataSource)
   在 System.Web.UI.WebControls.Repeater.OnDataBinding(EventArgs e)
   在 System.Web.UI.WebControls.Repeater.DataBind()
   在 DRMS.MirrorWeb.AdminUserControl.OwnerListView.BindOwnerList() 位置 d:\avic\source\镜像库\MirrorWeb\MirrorWeb\AdminUserControl\OwnerListView.ascx.cs:行号 134
   在 DRMS.MirrorWeb.AdminUserControl.OwnerListView.InitData() 位置 d:\avic\source\镜像库\MirrorWeb\MirrorWeb\AdminUserControl\OwnerListView.ascx.cs:行号 108
   在 DRMS.MirrorWeb.AdminUserControl.OwnerListView.Page_Load(Object sender, EventArgs e) 位置 d:\avic\source\镜像库\MirrorWeb\MirrorWeb\AdminUserControl\OwnerListView.ascx.cs:行号 64
   在 System.Web.Util.CalliEventHandlerDelegateProxy.Callback(Object sender, EventArgs e)
   在 System.Web.UI.Control.OnLoad(EventArgs e)
   在 System.Web.UI.Control.LoadRecursive()
   在 System.Web.UI.Control.LoadRecursive()
   在 System.Web.UI.Control.LoadRecursive()
   在 System.Web.UI.Control.LoadRecursive()
   在 System.Web.UI.Control.LoadRecursive()
   在 System.Web.UI.Page.ProcessRequestMain(Boolean includeStagesBeforeAsyncPoint, Boolean includeStagesAfterAsyncPoint)
--------------------------------------------------------------------------------------------------
2015.10.15 16:05:13
.客户信息：
	Ip:127.0.0.1
	浏览器:IE
	浏览器版本:8
	操作系统:WinNT
.错误信息：
	页面：http://localhost:7000/Admin/OwnerList.aspx
	错误信息：未将对象引用设置到对象的实例。
	错误源：DRMS.MirrorWeb
	异常方法：Void SetSqlQueryCondition()
	堆栈信息：   在 DRMS.MirrorWeb.AdminUserControl.OwnerListView.SetSqlQueryCondition() 位置 d:\avic\source\镜像库\MirrorWeb\MirrorWeb\AdminUserControl\OwnerListView.ascx.cs:行号 153
   在 DRMS.MirrorWeb.AdminUserControl.OwnerListView.InitData() 位置 d:\avic\source\镜像库\MirrorWeb\MirrorWeb\AdminUserControl\OwnerListView.ascx.cs:行号 107
   在 DRMS.MirrorWeb.AdminUserControl.OwnerListView.Page_Load(Object sender, EventArgs e) 位置 d:\avic\source\镜像库\MirrorWeb\MirrorWeb\AdminUserControl\OwnerListView.ascx.cs:行号 64
   在 System.Web.Util.CalliEventHandlerDelegateProxy.Callback(Object sender, EventArgs e)
   在 System.Web.UI.Control.OnLoad(EventArgs e)
   在 System.Web.UI.Control.LoadRecursive()
   在 System.Web.UI.Control.LoadRecursive()
   在 System.Web.UI.Control.LoadRecursive()
   在 System.Web.UI.Control.LoadRecursive()
   在 System.Web.UI.Control.LoadRecursive()
   在 System.Web.UI.Page.ProcessRequestMain(Boolean includeStagesBeforeAsyncPoint, Boolean includeStagesAfterAsyncPoint)
--------------------------------------------------------------------------------------------------
2015.10.15 16:05:14
.客户信息：
	Ip:127.0.0.1
	浏览器:IE
	浏览器版本:8
	操作系统:WinNT
.错误信息：
	页面：http://localhost:7000/Admin/OwnerList.aspx
	错误信息：未将对象引用设置到对象的实例。
	错误源：DRMS.MirrorWeb
	异常方法：Void SetSqlQueryCondition()
	堆栈信息：   在 DRMS.MirrorWeb.AdminUserControl.OwnerListView.SetSqlQueryCondition() 位置 d:\avic\source\镜像库\MirrorWeb\MirrorWeb\AdminUserControl\OwnerListView.ascx.cs:行号 153
   在 DRMS.MirrorWeb.AdminUserControl.OwnerListView.InitData() 位置 d:\avic\source\镜像库\MirrorWeb\MirrorWeb\AdminUserControl\OwnerListView.ascx.cs:行号 107
   在 DRMS.MirrorWeb.AdminUserControl.OwnerListView.Page_Load(Object sender, EventArgs e) 位置 d:\avic\source\镜像库\MirrorWeb\MirrorWeb\AdminUserControl\OwnerListView.ascx.cs:行号 64
   在 System.Web.Util.CalliEventHandlerDelegateProxy.Callback(Object sender, EventArgs e)
   在 System.Web.UI.Control.OnLoad(EventArgs e)
   在 System.Web.UI.Control.LoadRecursive()
   在 System.Web.UI.Control.LoadRecursive()
   在 System.Web.UI.Control.LoadRecursive()
   在 System.Web.UI.Control.LoadRecursive()
   在 System.Web.UI.Control.LoadRecursive()
   在 System.Web.UI.Page.ProcessRequestMain(Boolean includeStagesBeforeAsyncPoint, Boolean includeStagesAfterAsyncPoint)
--------------------------------------------------------------------------------------------------
2015.10.15 16:05:53
.客户信息：
	Ip:127.0.0.1
	浏览器:IE
	浏览器版本:8
	操作系统:WinNT
.错误信息：
	页面：http://localhost:7000/Admin/OwnerList.aspx
	错误信息：DataBinding:“DRMS.Model.JournalInfo”不包含名为“ID”的属性。
	错误源：System.Web
	异常方法：System.Object GetPropertyValue(System.Object, System.String)
	堆栈信息：   在 System.Web.UI.DataBinder.GetPropertyValue(Object container, String propName)
   在 System.Web.UI.DataBinder.Eval(Object container, String[] expressionParts)
   在 System.Web.UI.DataBinder.Eval(Object container, String expression)
   在 System.Web.UI.TemplateControl.Eval(String expression)
   在 ASP.adminusercontrol_ownerlistview_ascx.__DataBind__control12(Object sender, EventArgs e) 位置 d:\avic\source\镜像库\MirrorWeb\MirrorWeb\AdminUserControl\OwnerListView.ascx:行号 74
   在 System.Web.UI.Control.OnDataBinding(EventArgs e)
   在 System.Web.UI.Control.DataBind(Boolean raiseOnDataBinding)
   在 System.Web.UI.Control.DataBind()
   在 System.Web.UI.Control.DataBindChildren()
   在 System.Web.UI.Control.DataBind(Boolean raiseOnDataBinding)
   在 System.Web.UI.Control.DataBind()
   在 System.Web.UI.WebControls.Repeater.CreateItem(Int32 itemIndex, ListItemType itemType, Boolean dataBind, Object dataItem)
   在 System.Web.UI.WebControls.Repeater.CreateControlHierarchy(Boolean useDataSource)
   在 System.Web.UI.WebControls.Repeater.OnDataBinding(EventArgs e)
   在 System.Web.UI.WebControls.Repeater.DataBind()
   在 DRMS.MirrorWeb.AdminUserControl.OwnerListView.BindOwnerList() 位置 d:\avic\source\镜像库\MirrorWeb\MirrorWeb\AdminUserControl\OwnerListView.ascx.cs:行号 134
   在 DRMS.MirrorWeb.AdminUserControl.OwnerListView.InitData() 位置 d:\avic\source\镜像库\MirrorWeb\MirrorWeb\AdminUserControl\OwnerListView.ascx.cs:行号 108
   在 DRMS.MirrorWeb.AdminUserControl.OwnerListView.Page_Load(Object sender, EventArgs e) 位置 d:\avic\source\镜像库\MirrorWeb\MirrorWeb\AdminUserControl\OwnerListView.ascx.cs:行号 64
   在 System.Web.Util.CalliEventHandlerDelegateProxy.Callback(Object sender, EventArgs e)
   在 System.Web.UI.Control.OnLoad(EventArgs e)
   在 System.Web.UI.Control.LoadRecursive()
   在 System.Web.UI.Control.LoadRecursive()
   在 System.Web.UI.Control.LoadRecursive()
   在 System.Web.UI.Control.LoadRecursive()
   在 System.Web.UI.Control.LoadRecursive()
   在 System.Web.UI.Page.ProcessRequestMain(Boolean includeStagesBeforeAsyncPoint, Boolean includeStagesAfterAsyncPoint)
--------------------------------------------------------------------------------------------------