
2015.10.22 11:24:18
.客户信息：
	Ip:127.0.0.1
	浏览器:IE
	浏览器版本:8
	操作系统:WinNT
.错误信息：
	页面：http://localhost:7000/view/DatabaseContent.aspx?type=64&keyword=&queryConn=&searchword=&selectValue=all&orderField=TITLE&second=&owner=&secondwhere=SYS_FLD_CHECK_STATE=-1 
	错误信息：未将对象引用设置到对象的实例。
	错误源：DRMS.MirrorWeb
	异常方法：Void BindOwnerResourceType(System.String, System.String)
	堆栈信息：   在 DRMS.MirrorWeb.UserControl.DBContentView.BindOwnerResourceType(String keyWord, String searchword) 位置 d:\avic\source\镜像库\MirrorWeb\MirrorWeb\UserControl\DBContentView.ascx.cs:行号 1324
   在 DRMS.MirrorWeb.UserControl.DBContentView.BindData(String type, String keyWord, String searchword) 位置 d:\avic\source\镜像库\MirrorWeb\MirrorWeb\UserControl\DBContentView.ascx.cs:行号 229
   在 DRMS.MirrorWeb.UserControl.DBContentView.Page_Load(Object sender, EventArgs e) 位置 d:\avic\source\镜像库\MirrorWeb\MirrorWeb\UserControl\DBContentView.ascx.cs:行号 83
   在 System.Web.Util.CalliEventHandlerDelegateProxy.Callback(Object sender, EventArgs e)
   在 System.Web.UI.Control.OnLoad(EventArgs e)
   在 System.Web.UI.Control.LoadRecursive()
   在 System.Web.UI.Control.LoadRecursive()
   在 System.Web.UI.Control.LoadRecursive()
   在 System.Web.UI.Page.ProcessRequestMain(Boolean includeStagesBeforeAsyncPoint, Boolean includeStagesAfterAsyncPoint)
--------------------------------------------------------------------------------------------------
2015.10.22 11:24:18
.客户信息：
	Ip:127.0.0.1
	浏览器:IE
	浏览器版本:8
	操作系统:WinNT
.错误信息：
	页面：http://localhost:7000/view/DatabaseContent.aspx?type=64&keyword=&queryConn=&searchword=&selectValue=all&orderField=NAME&second=&owner=&secondwhere=SYS_FLD_CHECK_STATE=-1 
	错误信息：未将对象引用设置到对象的实例。
	错误源：DRMS.MirrorWeb
	异常方法：Void BindOwnerResourceType(System.String, System.String)
	堆栈信息：   在 DRMS.MirrorWeb.UserControl.DBContentView.BindOwnerResourceType(String keyWord, String searchword) 位置 d:\avic\source\镜像库\MirrorWeb\MirrorWeb\UserControl\DBContentView.ascx.cs:行号 1324
   在 DRMS.MirrorWeb.UserControl.DBContentView.BindData(String type, String keyWord, String searchword) 位置 d:\avic\source\镜像库\MirrorWeb\MirrorWeb\UserControl\DBContentView.ascx.cs:行号 229
   在 DRMS.MirrorWeb.UserControl.DBContentView.Page_Load(Object sender, EventArgs e) 位置 d:\avic\source\镜像库\MirrorWeb\MirrorWeb\UserControl\DBContentView.ascx.cs:行号 83
   在 System.Web.Util.CalliEventHandlerDelegateProxy.Callback(Object sender, EventArgs e)
   在 System.Web.UI.Control.OnLoad(EventArgs e)
   在 System.Web.UI.Control.LoadRecursive()
   在 System.Web.UI.Control.LoadRecursive()
   在 System.Web.UI.Control.LoadRecursive()
   在 System.Web.UI.Page.ProcessRequestMain(Boolean includeStagesBeforeAsyncPoint, Boolean includeStagesAfterAsyncPoint)
--------------------------------------------------------------------------------------------------
2015.10.22 11:24:22
.客户信息：
	Ip:127.0.0.1
	浏览器:IE
	浏览器版本:8
	操作系统:WinNT
.错误信息：
	页面：http://localhost:7000/view/DatabaseContent.aspx?type=64&keyword=&queryConn=&searchword=&selectValue=all&orderField=TITLE&second=&owner=
	错误信息：未将对象引用设置到对象的实例。
	错误源：DRMS.MirrorWeb
	异常方法：Void BindOwnerResourceType(System.String, System.String)
	堆栈信息：   在 DRMS.MirrorWeb.UserControl.DBContentView.BindOwnerResourceType(String keyWord, String searchword) 位置 d:\avic\source\镜像库\MirrorWeb\MirrorWeb\UserControl\DBContentView.ascx.cs:行号 1324
   在 DRMS.MirrorWeb.UserControl.DBContentView.BindData(String type, String keyWord, String searchword) 位置 d:\avic\source\镜像库\MirrorWeb\MirrorWeb\UserControl\DBContentView.ascx.cs:行号 229
   在 DRMS.MirrorWeb.UserControl.DBContentView.Page_Load(Object sender, EventArgs e) 位置 d:\avic\source\镜像库\MirrorWeb\MirrorWeb\UserControl\DBContentView.ascx.cs:行号 83
   在 System.Web.Util.CalliEventHandlerDelegateProxy.Callback(Object sender, EventArgs e)
   在 System.Web.UI.Control.OnLoad(EventArgs e)
   在 System.Web.UI.Control.LoadRecursive()
   在 System.Web.UI.Control.LoadRecursive()
   在 System.Web.UI.Control.LoadRecursive()
   在 System.Web.UI.Page.ProcessRequestMain(Boolean includeStagesBeforeAsyncPoint, Boolean includeStagesAfterAsyncPoint)
--------------------------------------------------------------------------------------------------
2015.10.22 11:24:45
.客户信息：
	Ip:127.0.0.1
	浏览器:IE
	浏览器版本:8
	操作系统:WinNT
.错误信息：
	页面：http://localhost:7000/view/DatabaseContent.aspx?type=64&keyword=&queryConn=&searchword=&selectValue=all&orderField=TITLE&second=&owner=
	错误信息：未将对象引用设置到对象的实例。
	错误源：DRMS.MirrorWeb
	异常方法：Void BindOwnerResourceType(System.String, System.String)
	堆栈信息：   在 DRMS.MirrorWeb.UserControl.DBContentView.BindOwnerResourceType(String keyWord, String searchword) 位置 d:\avic\source\镜像库\MirrorWeb\MirrorWeb\UserControl\DBContentView.ascx.cs:行号 1324
   在 DRMS.MirrorWeb.UserControl.DBContentView.BindData(String type, String keyWord, String searchword) 位置 d:\avic\source\镜像库\MirrorWeb\MirrorWeb\UserControl\DBContentView.ascx.cs:行号 229
   在 DRMS.MirrorWeb.UserControl.DBContentView.Page_Load(Object sender, EventArgs e) 位置 d:\avic\source\镜像库\MirrorWeb\MirrorWeb\UserControl\DBContentView.ascx.cs:行号 83
   在 System.Web.Util.CalliEventHandlerDelegateProxy.Callback(Object sender, EventArgs e)
   在 System.Web.UI.Control.OnLoad(EventArgs e)
   在 System.Web.UI.Control.LoadRecursive()
   在 System.Web.UI.Control.LoadRecursive()
   在 System.Web.UI.Control.LoadRecursive()
   在 System.Web.UI.Page.ProcessRequestMain(Boolean includeStagesBeforeAsyncPoint, Boolean includeStagesAfterAsyncPoint)
--------------------------------------------------------------------------------------------------
2015.10.22 11:25:10
.客户信息：
	Ip:127.0.0.1
	浏览器:IE
	浏览器版本:8
	操作系统:WinNT
.错误信息：
	页面：http://localhost:7000/view/DatabaseContent.aspx?type=64&keyword=&queryConn=&searchword=&selectValue=all&orderField=TITLE&second=&owner=
	错误信息：未将对象引用设置到对象的实例。
	错误源：DRMS.MirrorWeb
	异常方法：Void BindOwnerResourceType(System.String, System.String)
	堆栈信息：   在 DRMS.MirrorWeb.UserControl.DBContentView.BindOwnerResourceType(String keyWord, String searchword) 位置 d:\avic\source\镜像库\MirrorWeb\MirrorWeb\UserControl\DBContentView.ascx.cs:行号 1324
   在 DRMS.MirrorWeb.UserControl.DBContentView.BindData(String type, String keyWord, String searchword) 位置 d:\avic\source\镜像库\MirrorWeb\MirrorWeb\UserControl\DBContentView.ascx.cs:行号 229
   在 DRMS.MirrorWeb.UserControl.DBContentView.Page_Load(Object sender, EventArgs e) 位置 d:\avic\source\镜像库\MirrorWeb\MirrorWeb\UserControl\DBContentView.ascx.cs:行号 83
   在 System.Web.Util.CalliEventHandlerDelegateProxy.Callback(Object sender, EventArgs e)
   在 System.Web.UI.Control.OnLoad(EventArgs e)
   在 System.Web.UI.Control.LoadRecursive()
   在 System.Web.UI.Control.LoadRecursive()
   在 System.Web.UI.Control.LoadRecursive()
   在 System.Web.UI.Page.ProcessRequestMain(Boolean includeStagesBeforeAsyncPoint, Boolean includeStagesAfterAsyncPoint)
--------------------------------------------------------------------------------------------------
2015.10.22 13:05:19
.客户信息：
	Ip:127.0.0.1
	浏览器:IE
	浏览器版本:8
	操作系统:WinNT
.错误信息：
	页面：http://localhost:7000/Admin/OwnerTypeList.aspx
	错误信息：未能加载类型“DRMS.MirrorWeb.Admin.OwnerTypeList”。
	错误源：System.Web
	异常方法：System.Type GetType(System.String, Boolean, Boolean)
	堆栈信息：   在 System.Web.UI.TemplateParser.GetType(String typeName, Boolean ignoreCase, Boolean throwOnError)
   在 System.Web.UI.TemplateParser.ProcessInheritsAttribute(String baseTypeName, String codeFileBaseTypeName, String src, Assembly assembly)
   在 System.Web.UI.TemplateParser.PostProcessMainDirectiveAttributes(IDictionary parseData)
--------------------------------------------------------------------------------------------------
2015.10.22 13:15:26
.客户信息：
	Ip:127.0.0.1
	浏览器:IE
	浏览器版本:8
	操作系统:WinNT
.错误信息：
	页面：http://localhost:7000/Admin/OwnerTypeList.aspx
	错误信息：未能加载类型“DRMS.MirrorWeb.Admin.OwnerTypeList”。
	错误源：System.Web
	异常方法：System.Type GetType(System.String, Boolean, Boolean)
	堆栈信息：   在 System.Web.UI.TemplateParser.GetType(String typeName, Boolean ignoreCase, Boolean throwOnError)
   在 System.Web.UI.TemplateParser.ProcessInheritsAttribute(String baseTypeName, String codeFileBaseTypeName, String src, Assembly assembly)
   在 System.Web.UI.TemplateParser.PostProcessMainDirectiveAttributes(IDictionary parseData)
--------------------------------------------------------------------------------------------------
2015.10.22 13:29:22
.客户信息：
	Ip:127.0.0.1
	浏览器:IE
	浏览器版本:8
	操作系统:WinNT
.错误信息：
	页面：http://localhost:7000/Admin/OwnerTypeList.aspx
	错误信息：d:\avic\source\镜像库\MirrorWeb\MirrorWeb\AdminUserControl\OwnerTypeListView.ascx(70): error CS0103: 当前上下文中不存在名称“ReplaceRed”
	错误源：System.Web
	异常方法：System.Web.Compilation.BuildResult PostProcessFoundBuildResult(System.Web.Compilation.BuildResult, Boolean, System.Web.VirtualPath)
	堆栈信息：   在 System.Web.Compilation.BuildManager.PostProcessFoundBuildResult(BuildResult result, Boolean keyFromVPP, VirtualPath virtualPath)
   在 System.Web.Compilation.BuildManager.GetBuildResultFromCacheInternal(String cacheKey, Boolean keyFromVPP, VirtualPath virtualPath, Int64 hashCode, Boolean ensureIsUpToDate)
   在 System.Web.Compilation.BuildManager.GetVPathBuildResultFromCacheInternal(VirtualPath virtualPath, Boolean ensureIsUpToDate)
   在 System.Web.Compilation.BuildManager.GetVPathBuildResultInternal(VirtualPath virtualPath, Boolean noBuild, Boolean allowCrossApp, Boolean allowBuildInPrecompile, Boolean throwIfNotFound, Boolean ensureIsUpToDate)
   在 System.Web.Compilation.BuildManager.GetVPathBuildResultWithNoAssert(HttpContext context, VirtualPath virtualPath, Boolean noBuild, Boolean allowCrossApp, Boolean allowBuildInPrecompile, Boolean throwIfNotFound, Boolean ensureIsUpToDate)
   在 System.Web.UI.BaseTemplateParser.GetReferencedType(VirtualPath virtualPath, Boolean allowNoCompile)
   在 System.Web.UI.BaseTemplateParser.GetUserControlType(VirtualPath virtualPath)
   在 System.Web.UI.MainTagNameToTypeMapper.ProcessUserControlRegistration(UserControlRegisterEntry ucRegisterEntry)
   在 System.Web.UI.BaseTemplateParser.ProcessDirective(String directiveName, IDictionary directive)
   在 System.Web.UI.TemplateControlParser.ProcessDirective(String directiveName, IDictionary directive)
   在 System.Web.UI.PageParser.ProcessDirective(String directiveName, IDictionary directive)
   在 System.Web.UI.TemplateParser.ParseStringInternal(String text, Encoding fileEncoding)
--------------------------------------------------------------------------------------------------
2015.10.22 13:29:22
.客户信息：
	Ip:127.0.0.1
	浏览器:IE
	浏览器版本:8
	操作系统:WinNT
.错误信息：
	页面：http://localhost:7000/Admin/OwnerTypeList.aspx
	错误信息：d:\avic\source\镜像库\MirrorWeb\MirrorWeb\AdminUserControl\OwnerTypeListView.ascx(70): error CS0103: 当前上下文中不存在名称“ReplaceRed”
	错误源：System.Web
	异常方法：System.Web.Compilation.BuildResult PostProcessFoundBuildResult(System.Web.Compilation.BuildResult, Boolean, System.Web.VirtualPath)
	堆栈信息：   在 System.Web.Compilation.BuildManager.PostProcessFoundBuildResult(BuildResult result, Boolean keyFromVPP, VirtualPath virtualPath)
   在 System.Web.Compilation.BuildManager.GetBuildResultFromCacheInternal(String cacheKey, Boolean keyFromVPP, VirtualPath virtualPath, Int64 hashCode, Boolean ensureIsUpToDate)
   在 System.Web.Compilation.BuildManager.GetVPathBuildResultFromCacheInternal(VirtualPath virtualPath, Boolean ensureIsUpToDate)
   在 System.Web.Compilation.BuildManager.GetVPathBuildResultInternal(VirtualPath virtualPath, Boolean noBuild, Boolean allowCrossApp, Boolean allowBuildInPrecompile, Boolean throwIfNotFound, Boolean ensureIsUpToDate)
   在 System.Web.Compilation.BuildManager.GetVPathBuildResultWithNoAssert(HttpContext context, VirtualPath virtualPath, Boolean noBuild, Boolean allowCrossApp, Boolean allowBuildInPrecompile, Boolean throwIfNotFound, Boolean ensureIsUpToDate)
   在 System.Web.UI.BaseTemplateParser.GetReferencedType(VirtualPath virtualPath, Boolean allowNoCompile)
   在 System.Web.UI.BaseTemplateParser.GetUserControlType(VirtualPath virtualPath)
   在 System.Web.UI.MainTagNameToTypeMapper.ProcessUserControlRegistration(UserControlRegisterEntry ucRegisterEntry)
   在 System.Web.UI.BaseTemplateParser.ProcessDirective(String directiveName, IDictionary directive)
   在 System.Web.UI.TemplateControlParser.ProcessDirective(String directiveName, IDictionary directive)
   在 System.Web.UI.PageParser.ProcessDirective(String directiveName, IDictionary directive)
   在 System.Web.UI.TemplateParser.ParseStringInternal(String text, Encoding fileEncoding)
--------------------------------------------------------------------------------------------------
2015.10.22 13:29:36
.客户信息：
	Ip:127.0.0.1
	浏览器:IE
	浏览器版本:8
	操作系统:WinNT
.错误信息：
	页面：http://localhost:7000/Admin/OwnerTypeList.aspx
	错误信息：d:\avic\source\镜像库\MirrorWeb\MirrorWeb\AdminUserControl\OwnerTypeListView.ascx(70): error CS0103: 当前上下文中不存在名称“ReplaceRed”
	错误源：System.Web
	异常方法：System.Web.Compilation.BuildResult PostProcessFoundBuildResult(System.Web.Compilation.BuildResult, Boolean, System.Web.VirtualPath)
	堆栈信息：   在 System.Web.Compilation.BuildManager.PostProcessFoundBuildResult(BuildResult result, Boolean keyFromVPP, VirtualPath virtualPath)
   在 System.Web.Compilation.BuildManager.GetBuildResultFromCacheInternal(String cacheKey, Boolean keyFromVPP, VirtualPath virtualPath, Int64 hashCode, Boolean ensureIsUpToDate)
   在 System.Web.Compilation.BuildManager.GetVPathBuildResultFromCacheInternal(VirtualPath virtualPath, Boolean ensureIsUpToDate)
   在 System.Web.Compilation.BuildManager.GetVPathBuildResultInternal(VirtualPath virtualPath, Boolean noBuild, Boolean allowCrossApp, Boolean allowBuildInPrecompile, Boolean throwIfNotFound, Boolean ensureIsUpToDate)
   在 System.Web.Compilation.BuildManager.GetVPathBuildResultWithNoAssert(HttpContext context, VirtualPath virtualPath, Boolean noBuild, Boolean allowCrossApp, Boolean allowBuildInPrecompile, Boolean throwIfNotFound, Boolean ensureIsUpToDate)
   在 System.Web.UI.BaseTemplateParser.GetReferencedType(VirtualPath virtualPath, Boolean allowNoCompile)
   在 System.Web.UI.BaseTemplateParser.GetUserControlType(VirtualPath virtualPath)
   在 System.Web.UI.MainTagNameToTypeMapper.ProcessUserControlRegistration(UserControlRegisterEntry ucRegisterEntry)
   在 System.Web.UI.BaseTemplateParser.ProcessDirective(String directiveName, IDictionary directive)
   在 System.Web.UI.TemplateControlParser.ProcessDirective(String directiveName, IDictionary directive)
   在 System.Web.UI.PageParser.ProcessDirective(String directiveName, IDictionary directive)
   在 System.Web.UI.TemplateParser.ParseStringInternal(String text, Encoding fileEncoding)
--------------------------------------------------------------------------------------------------
2015.10.22 13:29:37
.客户信息：
	Ip:127.0.0.1
	浏览器:IE
	浏览器版本:8
	操作系统:WinNT
.错误信息：
	页面：http://localhost:7000/Admin/OwnerTypeList.aspx
	错误信息：d:\avic\source\镜像库\MirrorWeb\MirrorWeb\AdminUserControl\OwnerTypeListView.ascx(70): error CS0103: 当前上下文中不存在名称“ReplaceRed”
	错误源：System.Web
	异常方法：System.Web.Compilation.BuildResult PostProcessFoundBuildResult(System.Web.Compilation.BuildResult, Boolean, System.Web.VirtualPath)
	堆栈信息：   在 System.Web.Compilation.BuildManager.PostProcessFoundBuildResult(BuildResult result, Boolean keyFromVPP, VirtualPath virtualPath)
   在 System.Web.Compilation.BuildManager.GetBuildResultFromCacheInternal(String cacheKey, Boolean keyFromVPP, VirtualPath virtualPath, Int64 hashCode, Boolean ensureIsUpToDate)
   在 System.Web.Compilation.BuildManager.GetVPathBuildResultFromCacheInternal(VirtualPath virtualPath, Boolean ensureIsUpToDate)
   在 System.Web.Compilation.BuildManager.GetVPathBuildResultInternal(VirtualPath virtualPath, Boolean noBuild, Boolean allowCrossApp, Boolean allowBuildInPrecompile, Boolean throwIfNotFound, Boolean ensureIsUpToDate)
   在 System.Web.Compilation.BuildManager.GetVPathBuildResultWithNoAssert(HttpContext context, VirtualPath virtualPath, Boolean noBuild, Boolean allowCrossApp, Boolean allowBuildInPrecompile, Boolean throwIfNotFound, Boolean ensureIsUpToDate)
   在 System.Web.UI.BaseTemplateParser.GetReferencedType(VirtualPath virtualPath, Boolean allowNoCompile)
   在 System.Web.UI.BaseTemplateParser.GetUserControlType(VirtualPath virtualPath)
   在 System.Web.UI.MainTagNameToTypeMapper.ProcessUserControlRegistration(UserControlRegisterEntry ucRegisterEntry)
   在 System.Web.UI.BaseTemplateParser.ProcessDirective(String directiveName, IDictionary directive)
   在 System.Web.UI.TemplateControlParser.ProcessDirective(String directiveName, IDictionary directive)
   在 System.Web.UI.PageParser.ProcessDirective(String directiveName, IDictionary directive)
   在 System.Web.UI.TemplateParser.ParseStringInternal(String text, Encoding fileEncoding)
--------------------------------------------------------------------------------------------------
2015.10.22 13:29:40
.客户信息：
	Ip:127.0.0.1
	浏览器:IE
	浏览器版本:8
	操作系统:WinNT
.错误信息：
	页面：http://localhost:7000/Admin/OwnerTypeList.aspx
	错误信息：d:\avic\source\镜像库\MirrorWeb\MirrorWeb\AdminUserControl\OwnerTypeListView.ascx(70): error CS0103: 当前上下文中不存在名称“ReplaceRed”
	错误源：System.Web
	异常方法：System.Web.Compilation.BuildResult PostProcessFoundBuildResult(System.Web.Compilation.BuildResult, Boolean, System.Web.VirtualPath)
	堆栈信息：   在 System.Web.Compilation.BuildManager.PostProcessFoundBuildResult(BuildResult result, Boolean keyFromVPP, VirtualPath virtualPath)
   在 System.Web.Compilation.BuildManager.GetBuildResultFromCacheInternal(String cacheKey, Boolean keyFromVPP, VirtualPath virtualPath, Int64 hashCode, Boolean ensureIsUpToDate)
   在 System.Web.Compilation.BuildManager.GetVPathBuildResultFromCacheInternal(VirtualPath virtualPath, Boolean ensureIsUpToDate)
   在 System.Web.Compilation.BuildManager.GetVPathBuildResultInternal(VirtualPath virtualPath, Boolean noBuild, Boolean allowCrossApp, Boolean allowBuildInPrecompile, Boolean throwIfNotFound, Boolean ensureIsUpToDate)
   在 System.Web.Compilation.BuildManager.GetVPathBuildResultWithNoAssert(HttpContext context, VirtualPath virtualPath, Boolean noBuild, Boolean allowCrossApp, Boolean allowBuildInPrecompile, Boolean throwIfNotFound, Boolean ensureIsUpToDate)
   在 System.Web.UI.BaseTemplateParser.GetReferencedType(VirtualPath virtualPath, Boolean allowNoCompile)
   在 System.Web.UI.BaseTemplateParser.GetUserControlType(VirtualPath virtualPath)
   在 System.Web.UI.MainTagNameToTypeMapper.ProcessUserControlRegistration(UserControlRegisterEntry ucRegisterEntry)
   在 System.Web.UI.BaseTemplateParser.ProcessDirective(String directiveName, IDictionary directive)
   在 System.Web.UI.TemplateControlParser.ProcessDirective(String directiveName, IDictionary directive)
   在 System.Web.UI.PageParser.ProcessDirective(String directiveName, IDictionary directive)
   在 System.Web.UI.TemplateParser.ParseStringInternal(String text, Encoding fileEncoding)
--------------------------------------------------------------------------------------------------
2015.10.22 13:32:15
.客户信息：
	Ip:127.0.0.1
	浏览器:IE
	浏览器版本:8
	操作系统:WinNT
.错误信息：
	页面：http://localhost:7000/Admin/OwnerTypeList.aspx
	错误信息：d:\avic\source\镜像库\MirrorWeb\MirrorWeb\AdminUserControl\OwnerTypeListView.ascx(70): error CS0103: 当前上下文中不存在名称“ReplaceRed”
	错误源：System.Web
	异常方法：System.Web.Compilation.BuildResult PostProcessFoundBuildResult(System.Web.Compilation.BuildResult, Boolean, System.Web.VirtualPath)
	堆栈信息：   在 System.Web.Compilation.BuildManager.PostProcessFoundBuildResult(BuildResult result, Boolean keyFromVPP, VirtualPath virtualPath)
   在 System.Web.Compilation.BuildManager.GetBuildResultFromCacheInternal(String cacheKey, Boolean keyFromVPP, VirtualPath virtualPath, Int64 hashCode, Boolean ensureIsUpToDate)
   在 System.Web.Compilation.BuildManager.GetVPathBuildResultFromCacheInternal(VirtualPath virtualPath, Boolean ensureIsUpToDate)
   在 System.Web.Compilation.BuildManager.GetVPathBuildResultInternal(VirtualPath virtualPath, Boolean noBuild, Boolean allowCrossApp, Boolean allowBuildInPrecompile, Boolean throwIfNotFound, Boolean ensureIsUpToDate)
   在 System.Web.Compilation.BuildManager.GetVPathBuildResultWithNoAssert(HttpContext context, VirtualPath virtualPath, Boolean noBuild, Boolean allowCrossApp, Boolean allowBuildInPrecompile, Boolean throwIfNotFound, Boolean ensureIsUpToDate)
   在 System.Web.UI.BaseTemplateParser.GetReferencedType(VirtualPath virtualPath, Boolean allowNoCompile)
   在 System.Web.UI.BaseTemplateParser.GetUserControlType(VirtualPath virtualPath)
   在 System.Web.UI.MainTagNameToTypeMapper.ProcessUserControlRegistration(UserControlRegisterEntry ucRegisterEntry)
   在 System.Web.UI.BaseTemplateParser.ProcessDirective(String directiveName, IDictionary directive)
   在 System.Web.UI.TemplateControlParser.ProcessDirective(String directiveName, IDictionary directive)
   在 System.Web.UI.PageParser.ProcessDirective(String directiveName, IDictionary directive)
   在 System.Web.UI.TemplateParser.ParseStringInternal(String text, Encoding fileEncoding)
--------------------------------------------------------------------------------------------------
2015.10.22 13:32:17
.客户信息：
	Ip:127.0.0.1
	浏览器:IE
	浏览器版本:8
	操作系统:WinNT
.错误信息：
	页面：http://localhost:7000/Admin/OwnerTypeList.aspx
	错误信息：d:\avic\source\镜像库\MirrorWeb\MirrorWeb\AdminUserControl\OwnerTypeListView.ascx(70): error CS0103: 当前上下文中不存在名称“ReplaceRed”
	错误源：System.Web
	异常方法：System.Web.Compilation.BuildResult PostProcessFoundBuildResult(System.Web.Compilation.BuildResult, Boolean, System.Web.VirtualPath)
	堆栈信息：   在 System.Web.Compilation.BuildManager.PostProcessFoundBuildResult(BuildResult result, Boolean keyFromVPP, VirtualPath virtualPath)
   在 System.Web.Compilation.BuildManager.GetBuildResultFromCacheInternal(String cacheKey, Boolean keyFromVPP, VirtualPath virtualPath, Int64 hashCode, Boolean ensureIsUpToDate)
   在 System.Web.Compilation.BuildManager.GetVPathBuildResultFromCacheInternal(VirtualPath virtualPath, Boolean ensureIsUpToDate)
   在 System.Web.Compilation.BuildManager.GetVPathBuildResultInternal(VirtualPath virtualPath, Boolean noBuild, Boolean allowCrossApp, Boolean allowBuildInPrecompile, Boolean throwIfNotFound, Boolean ensureIsUpToDate)
   在 System.Web.Compilation.BuildManager.GetVPathBuildResultWithNoAssert(HttpContext context, VirtualPath virtualPath, Boolean noBuild, Boolean allowCrossApp, Boolean allowBuildInPrecompile, Boolean throwIfNotFound, Boolean ensureIsUpToDate)
   在 System.Web.UI.BaseTemplateParser.GetReferencedType(VirtualPath virtualPath, Boolean allowNoCompile)
   在 System.Web.UI.BaseTemplateParser.GetUserControlType(VirtualPath virtualPath)
   在 System.Web.UI.MainTagNameToTypeMapper.ProcessUserControlRegistration(UserControlRegisterEntry ucRegisterEntry)
   在 System.Web.UI.BaseTemplateParser.ProcessDirective(String directiveName, IDictionary directive)
   在 System.Web.UI.TemplateControlParser.ProcessDirective(String directiveName, IDictionary directive)
   在 System.Web.UI.PageParser.ProcessDirective(String directiveName, IDictionary directive)
   在 System.Web.UI.TemplateParser.ParseStringInternal(String text, Encoding fileEncoding)
--------------------------------------------------------------------------------------------------
2015.10.22 13:32:26
.客户信息：
	Ip:127.0.0.1
	浏览器:IE
	浏览器版本:8
	操作系统:WinNT
.错误信息：
	页面：http://localhost:7000/Admin/OwnerTypeList.aspx
	错误信息：d:\avic\source\镜像库\MirrorWeb\MirrorWeb\AdminUserControl\OwnerTypeListView.ascx(70): error CS0103: 当前上下文中不存在名称“ReplaceRed”
	错误源：System.Web
	异常方法：System.Web.Compilation.BuildResult PostProcessFoundBuildResult(System.Web.Compilation.BuildResult, Boolean, System.Web.VirtualPath)
	堆栈信息：   在 System.Web.Compilation.BuildManager.PostProcessFoundBuildResult(BuildResult result, Boolean keyFromVPP, VirtualPath virtualPath)
   在 System.Web.Compilation.BuildManager.GetBuildResultFromCacheInternal(String cacheKey, Boolean keyFromVPP, VirtualPath virtualPath, Int64 hashCode, Boolean ensureIsUpToDate)
   在 System.Web.Compilation.BuildManager.GetVPathBuildResultFromCacheInternal(VirtualPath virtualPath, Boolean ensureIsUpToDate)
   在 System.Web.Compilation.BuildManager.GetVPathBuildResultInternal(VirtualPath virtualPath, Boolean noBuild, Boolean allowCrossApp, Boolean allowBuildInPrecompile, Boolean throwIfNotFound, Boolean ensureIsUpToDate)
   在 System.Web.Compilation.BuildManager.GetVPathBuildResultWithNoAssert(HttpContext context, VirtualPath virtualPath, Boolean noBuild, Boolean allowCrossApp, Boolean allowBuildInPrecompile, Boolean throwIfNotFound, Boolean ensureIsUpToDate)
   在 System.Web.UI.BaseTemplateParser.GetReferencedType(VirtualPath virtualPath, Boolean allowNoCompile)
   在 System.Web.UI.BaseTemplateParser.GetUserControlType(VirtualPath virtualPath)
   在 System.Web.UI.MainTagNameToTypeMapper.ProcessUserControlRegistration(UserControlRegisterEntry ucRegisterEntry)
   在 System.Web.UI.BaseTemplateParser.ProcessDirective(String directiveName, IDictionary directive)
   在 System.Web.UI.TemplateControlParser.ProcessDirective(String directiveName, IDictionary directive)
   在 System.Web.UI.PageParser.ProcessDirective(String directiveName, IDictionary directive)
   在 System.Web.UI.TemplateParser.ParseStringInternal(String text, Encoding fileEncoding)
--------------------------------------------------------------------------------------------------
2015.10.22 13:32:47
.客户信息：
	Ip:127.0.0.1
	浏览器:IE
	浏览器版本:8
	操作系统:WinNT
.错误信息：
	页面：http://localhost:7000/Admin/OwnerList.aspx?flag=active
	错误信息：DataBinding:“DRMS.Model.JournalInfo”不包含名为“DESCRIPT”的属性。
	错误源：System.Web
	异常方法：System.Object GetPropertyValue(System.Object, System.String)
	堆栈信息：   在 System.Web.UI.DataBinder.GetPropertyValue(Object container, String propName)
   在 System.Web.UI.DataBinder.Eval(Object container, String[] expressionParts)
   在 System.Web.UI.DataBinder.Eval(Object container, String expression)
   在 System.Web.UI.TemplateControl.Eval(String expression)
   在 ASP.adminusercontrol_ownerlistview_ascx.__DataBind__control12(Object sender, EventArgs e) 位置 d:\avic\source\镜像库\MirrorWeb\MirrorWeb\AdminUserControl\OwnerListView.ascx:行号 73
   在 System.Web.UI.Control.OnDataBinding(EventArgs e)
   在 System.Web.UI.Control.DataBind(Boolean raiseOnDataBinding)
   在 System.Web.UI.Control.DataBind()
   在 System.Web.UI.Control.DataBindChildren()
   在 System.Web.UI.Control.DataBind(Boolean raiseOnDataBinding)
   在 System.Web.UI.Control.DataBind()
   在 System.Web.UI.WebControls.Repeater.CreateItem(Int32 itemIndex, ListItemType itemType, Boolean dataBind, Object dataItem)
   在 System.Web.UI.WebControls.Repeater.CreateControlHierarchy(Boolean useDataSource)
   在 System.Web.UI.WebControls.Repeater.OnDataBinding(EventArgs e)
   在 System.Web.UI.WebControls.Repeater.DataBind()
   在 DRMS.MirrorWeb.AdminUserControl.OwnerListView.BindOwnerList() 位置 d:\avic\source\镜像库\MirrorWeb\MirrorWeb\AdminUserControl\OwnerListView.ascx.cs:行号 219
   在 DRMS.MirrorWeb.AdminUserControl.OwnerListView.InitData() 位置 d:\avic\source\镜像库\MirrorWeb\MirrorWeb\AdminUserControl\OwnerListView.ascx.cs:行号 194
   在 DRMS.MirrorWeb.AdminUserControl.OwnerListView.Page_Load(Object sender, EventArgs e) 位置 d:\avic\source\镜像库\MirrorWeb\MirrorWeb\AdminUserControl\OwnerListView.ascx.cs:行号 77
   在 System.Web.Util.CalliEventHandlerDelegateProxy.Callback(Object sender, EventArgs e)
   在 System.Web.UI.Control.OnLoad(EventArgs e)
   在 System.Web.UI.Control.LoadRecursive()
   在 System.Web.UI.Control.LoadRecursive()
   在 System.Web.UI.Control.LoadRecursive()
   在 System.Web.UI.Control.LoadRecursive()
   在 System.Web.UI.Control.LoadRecursive()
   在 System.Web.UI.Page.ProcessRequestMain(Boolean includeStagesBeforeAsyncPoint, Boolean includeStagesAfterAsyncPoint)
--------------------------------------------------------------------------------------------------
2015.10.22 13:35:46
.客户信息：
	Ip:127.0.0.1
	浏览器:IE
	浏览器版本:8
	操作系统:WinNT
.错误信息：
	页面：http://localhost:7000/Admin/OwnerTypeList.aspx
	错误信息：d:\avic\source\镜像库\MirrorWeb\MirrorWeb\AdminUserControl\OwnerTypeListView.ascx(70): error CS0103: 当前上下文中不存在名称“ReplaceRed”
	错误源：System.Web
	异常方法：System.Web.Compilation.BuildResult PostProcessFoundBuildResult(System.Web.Compilation.BuildResult, Boolean, System.Web.VirtualPath)
	堆栈信息：   在 System.Web.Compilation.BuildManager.PostProcessFoundBuildResult(BuildResult result, Boolean keyFromVPP, VirtualPath virtualPath)
   在 System.Web.Compilation.BuildManager.GetBuildResultFromCacheInternal(String cacheKey, Boolean keyFromVPP, VirtualPath virtualPath, Int64 hashCode, Boolean ensureIsUpToDate)
   在 System.Web.Compilation.BuildManager.GetVPathBuildResultFromCacheInternal(VirtualPath virtualPath, Boolean ensureIsUpToDate)
   在 System.Web.Compilation.BuildManager.GetVPathBuildResultInternal(VirtualPath virtualPath, Boolean noBuild, Boolean allowCrossApp, Boolean allowBuildInPrecompile, Boolean throwIfNotFound, Boolean ensureIsUpToDate)
   在 System.Web.Compilation.BuildManager.GetVPathBuildResultWithNoAssert(HttpContext context, VirtualPath virtualPath, Boolean noBuild, Boolean allowCrossApp, Boolean allowBuildInPrecompile, Boolean throwIfNotFound, Boolean ensureIsUpToDate)
   在 System.Web.UI.BaseTemplateParser.GetReferencedType(VirtualPath virtualPath, Boolean allowNoCompile)
   在 System.Web.UI.BaseTemplateParser.GetUserControlType(VirtualPath virtualPath)
   在 System.Web.UI.MainTagNameToTypeMapper.ProcessUserControlRegistration(UserControlRegisterEntry ucRegisterEntry)
   在 System.Web.UI.BaseTemplateParser.ProcessDirective(String directiveName, IDictionary directive)
   在 System.Web.UI.TemplateControlParser.ProcessDirective(String directiveName, IDictionary directive)
   在 System.Web.UI.PageParser.ProcessDirective(String directiveName, IDictionary directive)
   在 System.Web.UI.TemplateParser.ParseStringInternal(String text, Encoding fileEncoding)
--------------------------------------------------------------------------------------------------
2015.10.22 14:35:08
.客户信息：
	Ip:127.0.0.1
	浏览器:IE
	浏览器版本:8
	操作系统:WinNT
.错误信息：
	页面：http://localhost:7000/Admin/OwnerTypeItem.aspx
	错误信息：d:\avic\source\镜像库\MirrorWeb\MirrorWeb\Admin\OwnerTypeItem.aspx(8): error CS0103: 当前上下文中不存在名称“tbxCodeName”
	错误源：System.Web
	异常方法：System.Web.Compilation.BuildResult PostProcessFoundBuildResult(System.Web.Compilation.BuildResult, Boolean, System.Web.VirtualPath)
	堆栈信息：   在 System.Web.Compilation.BuildManager.PostProcessFoundBuildResult(BuildResult result, Boolean keyFromVPP, VirtualPath virtualPath)
   在 System.Web.Compilation.BuildManager.GetBuildResultFromCacheInternal(String cacheKey, Boolean keyFromVPP, VirtualPath virtualPath, Int64 hashCode, Boolean ensureIsUpToDate)
   在 System.Web.Compilation.BuildManager.GetVPathBuildResultFromCacheInternal(VirtualPath virtualPath, Boolean ensureIsUpToDate)
   在 System.Web.Compilation.BuildManager.GetVPathBuildResultInternal(VirtualPath virtualPath, Boolean noBuild, Boolean allowCrossApp, Boolean allowBuildInPrecompile, Boolean throwIfNotFound, Boolean ensureIsUpToDate)
   在 System.Web.Compilation.BuildManager.GetVPathBuildResultWithNoAssert(HttpContext context, VirtualPath virtualPath, Boolean noBuild, Boolean allowCrossApp, Boolean allowBuildInPrecompile, Boolean throwIfNotFound, Boolean ensureIsUpToDate)
   在 System.Web.Compilation.BuildManager.GetVirtualPathObjectFactory(VirtualPath virtualPath, HttpContext context, Boolean allowCrossApp, Boolean throwIfNotFound)
   在 System.Web.Compilation.BuildManager.CreateInstanceFromVirtualPath(VirtualPath virtualPath, Type requiredBaseType, HttpContext context, Boolean allowCrossApp)
   在 System.Web.UI.PageHandlerFactory.GetHandlerHelper(HttpContext context, String requestType, VirtualPath virtualPath, String physicalPath)
   在 System.Web.UI.PageHandlerFactory.GetHandler(HttpContext context, String requestType, String virtualPath, String path)
   在 System.Web.HttpApplication.MaterializeHandlerExecutionStep.System.Web.HttpApplication.IExecutionStep.Execute()
   在 System.Web.HttpApplication.ExecuteStep(IExecutionStep step, Boolean& completedSynchronously)
--------------------------------------------------------------------------------------------------
2015.10.22 14:35:42
.客户信息：
	Ip:127.0.0.1
	浏览器:IE
	浏览器版本:8
	操作系统:WinNT
.错误信息：
	页面：http://localhost:7000/Admin/OwnerTypeItem.aspx
	错误信息：d:\avic\source\镜像库\MirrorWeb\MirrorWeb\Admin\OwnerTypeItem.aspx(8): error CS0103: 当前上下文中不存在名称“tbxCodeName”
	错误源：System.Web
	异常方法：System.Web.Compilation.BuildResult CompileWebFile(System.Web.VirtualPath)
	堆栈信息：   在 System.Web.Compilation.BuildManager.CompileWebFile(VirtualPath virtualPath)
   在 System.Web.Compilation.BuildManager.GetVPathBuildResultInternal(VirtualPath virtualPath, Boolean noBuild, Boolean allowCrossApp, Boolean allowBuildInPrecompile, Boolean throwIfNotFound, Boolean ensureIsUpToDate)
   在 System.Web.Compilation.BuildManager.GetVPathBuildResultWithNoAssert(HttpContext context, VirtualPath virtualPath, Boolean noBuild, Boolean allowCrossApp, Boolean allowBuildInPrecompile, Boolean throwIfNotFound, Boolean ensureIsUpToDate)
   在 System.Web.Compilation.BuildManager.GetVirtualPathObjectFactory(VirtualPath virtualPath, HttpContext context, Boolean allowCrossApp, Boolean throwIfNotFound)
   在 System.Web.Compilation.BuildManager.CreateInstanceFromVirtualPath(VirtualPath virtualPath, Type requiredBaseType, HttpContext context, Boolean allowCrossApp)
   在 System.Web.UI.PageHandlerFactory.GetHandlerHelper(HttpContext context, String requestType, VirtualPath virtualPath, String physicalPath)
   在 System.Web.UI.PageHandlerFactory.GetHandler(HttpContext context, String requestType, String virtualPath, String path)
   在 System.Web.HttpApplication.MaterializeHandlerExecutionStep.System.Web.HttpApplication.IExecutionStep.Execute()
   在 System.Web.HttpApplication.ExecuteStep(IExecutionStep step, Boolean& completedSynchronously)
--------------------------------------------------------------------------------------------------
2015.10.22 14:35:43
.客户信息：
	Ip:127.0.0.1
	浏览器:IE
	浏览器版本:8
	操作系统:WinNT
.错误信息：
	页面：http://localhost:7000/Admin/OwnerTypeItem.aspx
	错误信息：d:\avic\source\镜像库\MirrorWeb\MirrorWeb\Admin\OwnerTypeItem.aspx(8): error CS0103: 当前上下文中不存在名称“tbxCodeName”
	错误源：System.Web
	异常方法：System.Web.Compilation.BuildResult CompileWebFile(System.Web.VirtualPath)
	堆栈信息：   在 System.Web.Compilation.BuildManager.PostProcessFoundBuildResult(BuildResult result, Boolean keyFromVPP, VirtualPath virtualPath)
   在 System.Web.Compilation.BuildManager.GetBuildResultFromCacheInternal(String cacheKey, Boolean keyFromVPP, VirtualPath virtualPath, Int64 hashCode, Boolean ensureIsUpToDate)
   在 System.Web.Compilation.BuildManager.GetVPathBuildResultFromCacheInternal(VirtualPath virtualPath, Boolean ensureIsUpToDate)
   在 System.Web.Compilation.BuildManager.GetVPathBuildResultInternal(VirtualPath virtualPath, Boolean noBuild, Boolean allowCrossApp, Boolean allowBuildInPrecompile, Boolean throwIfNotFound, Boolean ensureIsUpToDate)
   在 System.Web.Compilation.BuildManager.GetVPathBuildResultWithNoAssert(HttpContext context, VirtualPath virtualPath, Boolean noBuild, Boolean allowCrossApp, Boolean allowBuildInPrecompile, Boolean throwIfNotFound, Boolean ensureIsUpToDate)
   在 System.Web.Compilation.BuildManager.GetVirtualPathObjectFactory(VirtualPath virtualPath, HttpContext context, Boolean allowCrossApp, Boolean throwIfNotFound)
   在 System.Web.Compilation.BuildManager.CreateInstanceFromVirtualPath(VirtualPath virtualPath, Type requiredBaseType, HttpContext context, Boolean allowCrossApp)
   在 System.Web.UI.PageHandlerFactory.GetHandlerHelper(HttpContext context, String requestType, VirtualPath virtualPath, String physicalPath)
   在 System.Web.UI.PageHandlerFactory.GetHandler(HttpContext context, String requestType, String virtualPath, String path)
   在 System.Web.HttpApplication.MaterializeHandlerExecutionStep.System.Web.HttpApplication.IExecutionStep.Execute()
   在 System.Web.HttpApplication.ExecuteStep(IExecutionStep step, Boolean& completedSynchronously)
--------------------------------------------------------------------------------------------------
2015.10.22 14:35:44
.客户信息：
	Ip:127.0.0.1
	浏览器:IE
	浏览器版本:8
	操作系统:WinNT
.错误信息：
	页面：http://localhost:7000/Admin/OwnerTypeItem.aspx
	错误信息：d:\avic\source\镜像库\MirrorWeb\MirrorWeb\Admin\OwnerTypeItem.aspx(8): error CS0103: 当前上下文中不存在名称“tbxCodeName”
	错误源：System.Web
	异常方法：System.Web.Compilation.BuildResult CompileWebFile(System.Web.VirtualPath)
	堆栈信息：   在 System.Web.Compilation.BuildManager.PostProcessFoundBuildResult(BuildResult result, Boolean keyFromVPP, VirtualPath virtualPath)
   在 System.Web.Compilation.BuildManager.GetBuildResultFromCacheInternal(String cacheKey, Boolean keyFromVPP, VirtualPath virtualPath, Int64 hashCode, Boolean ensureIsUpToDate)
   在 System.Web.Compilation.BuildManager.GetVPathBuildResultFromCacheInternal(VirtualPath virtualPath, Boolean ensureIsUpToDate)
   在 System.Web.Compilation.BuildManager.GetVPathBuildResultInternal(VirtualPath virtualPath, Boolean noBuild, Boolean allowCrossApp, Boolean allowBuildInPrecompile, Boolean throwIfNotFound, Boolean ensureIsUpToDate)
   在 System.Web.Compilation.BuildManager.GetVPathBuildResultWithNoAssert(HttpContext context, VirtualPath virtualPath, Boolean noBuild, Boolean allowCrossApp, Boolean allowBuildInPrecompile, Boolean throwIfNotFound, Boolean ensureIsUpToDate)
   在 System.Web.Compilation.BuildManager.GetVirtualPathObjectFactory(VirtualPath virtualPath, HttpContext context, Boolean allowCrossApp, Boolean throwIfNotFound)
   在 System.Web.Compilation.BuildManager.CreateInstanceFromVirtualPath(VirtualPath virtualPath, Type requiredBaseType, HttpContext context, Boolean allowCrossApp)
   在 System.Web.UI.PageHandlerFactory.GetHandlerHelper(HttpContext context, String requestType, VirtualPath virtualPath, String physicalPath)
   在 System.Web.UI.PageHandlerFactory.GetHandler(HttpContext context, String requestType, String virtualPath, String path)
   在 System.Web.HttpApplication.MaterializeHandlerExecutionStep.System.Web.HttpApplication.IExecutionStep.Execute()
   在 System.Web.HttpApplication.ExecuteStep(IExecutionStep step, Boolean& completedSynchronously)
--------------------------------------------------------------------------------------------------