
2016.03.13 10:32:43
.客户信息：
	Ip:127.0.0.1
	浏览器:IE
	浏览器版本:8
	操作系统:WinNT
.错误信息：
	页面：http://localhost:7000/view/DatabaseContent.aspx?type=16&keyword=&queryConn=&searchword=&selectValue=all&orderField=&second=0&owner=0
	错误信息：未将对象引用设置到对象的实例。
	错误源：DRMS.MirrorWeb
	异常方法：System.String GetKeyWordUrl(System.String)
	堆栈信息：   在 DRMS.MirrorWeb.UserControl.DBContentView.GetKeyWordUrl(String keyWord) 位置 d:\avic\source\镜像库\MirrorWeb\MirrorWeb\UserControl\DBContentView.ascx.cs:行号 3373
   在 DRMS.MirrorWeb.UserControl.DBContentView.GetChapterDetail(ChapterInfo info) 位置 d:\avic\source\镜像库\MirrorWeb\MirrorWeb\UserControl\DBContentView.ascx.cs:行号 2383
   在 DRMS.MirrorWeb.UserControl.DBContentView.BindChapter(String keyWord, String searchword) 位置 d:\avic\source\镜像库\MirrorWeb\MirrorWeb\UserControl\DBContentView.ascx.cs:行号 2324
   在 DRMS.MirrorWeb.UserControl.DBContentView.BindData(String type, String keyWord, String searchword) 位置 d:\avic\source\镜像库\MirrorWeb\MirrorWeb\UserControl\DBContentView.ascx.cs:行号 137
   在 DRMS.MirrorWeb.UserControl.DBContentView.Page_Load(Object sender, EventArgs e) 位置 d:\avic\source\镜像库\MirrorWeb\MirrorWeb\UserControl\DBContentView.ascx.cs:行号 83
   在 System.Web.Util.CalliEventHandlerDelegateProxy.Callback(Object sender, EventArgs e)
   在 System.Web.UI.Control.OnLoad(EventArgs e)
   在 System.Web.UI.Control.LoadRecursive()
   在 System.Web.UI.Control.LoadRecursive()
   在 System.Web.UI.Control.LoadRecursive()
   在 System.Web.UI.Page.ProcessRequestMain(Boolean includeStagesBeforeAsyncPoint, Boolean includeStagesAfterAsyncPoint)
--------------------------------------------------------------------------------------------------
2016.03.13 10:33:13
.客户信息：
	Ip:127.0.0.1
	浏览器:IE
	浏览器版本:8
	操作系统:WinNT
.错误信息：
	页面：http://localhost:7000/view/DatabaseContent.aspx?type=16&keyword=&queryConn=&searchword=&selectValue=all&orderField=&second=&owner=
	错误信息：未将对象引用设置到对象的实例。
	错误源：DRMS.MirrorWeb
	异常方法：System.String GetKeyWordUrl(System.String)
	堆栈信息：   在 DRMS.MirrorWeb.UserControl.DBContentView.GetKeyWordUrl(String keyWord) 位置 d:\avic\source\镜像库\MirrorWeb\MirrorWeb\UserControl\DBContentView.ascx.cs:行号 3373
   在 DRMS.MirrorWeb.UserControl.DBContentView.GetChapterDetail(ChapterInfo info) 位置 d:\avic\source\镜像库\MirrorWeb\MirrorWeb\UserControl\DBContentView.ascx.cs:行号 2383
   在 DRMS.MirrorWeb.UserControl.DBContentView.BindChapter(String keyWord, String searchword) 位置 d:\avic\source\镜像库\MirrorWeb\MirrorWeb\UserControl\DBContentView.ascx.cs:行号 2324
   在 DRMS.MirrorWeb.UserControl.DBContentView.BindData(String type, String keyWord, String searchword) 位置 d:\avic\source\镜像库\MirrorWeb\MirrorWeb\UserControl\DBContentView.ascx.cs:行号 137
   在 DRMS.MirrorWeb.UserControl.DBContentView.Page_Load(Object sender, EventArgs e) 位置 d:\avic\source\镜像库\MirrorWeb\MirrorWeb\UserControl\DBContentView.ascx.cs:行号 83
   在 System.Web.Util.CalliEventHandlerDelegateProxy.Callback(Object sender, EventArgs e)
   在 System.Web.UI.Control.OnLoad(EventArgs e)
   在 System.Web.UI.Control.LoadRecursive()
   在 System.Web.UI.Control.LoadRecursive()
   在 System.Web.UI.Control.LoadRecursive()
   在 System.Web.UI.Page.ProcessRequestMain(Boolean includeStagesBeforeAsyncPoint, Boolean includeStagesAfterAsyncPoint)
--------------------------------------------------------------------------------------------------
2016.03.13 10:37:02
.客户信息：
	Ip:127.0.0.1
	浏览器:IE
	浏览器版本:8
	操作系统:WinNT
.错误信息：
	页面：http://localhost:7000/view/DatabaseContent.aspx?type=16&keyword=&queryConn=&searchword=&selectValue=all&orderField=&second=&owner=
	错误信息：未将对象引用设置到对象的实例。
	错误源：DRMS.MirrorWeb
	异常方法：System.String GetKeyWordUrl(System.String)
	堆栈信息：   在 DRMS.MirrorWeb.UserControl.DBContentView.GetKeyWordUrl(String keyWord) 位置 d:\avic\source\镜像库\MirrorWeb\MirrorWeb\UserControl\DBContentView.ascx.cs:行号 3373
   在 DRMS.MirrorWeb.UserControl.DBContentView.GetChapterDetail(ChapterInfo info) 位置 d:\avic\source\镜像库\MirrorWeb\MirrorWeb\UserControl\DBContentView.ascx.cs:行号 2383
   在 DRMS.MirrorWeb.UserControl.DBContentView.BindChapter(String keyWord, String searchword) 位置 d:\avic\source\镜像库\MirrorWeb\MirrorWeb\UserControl\DBContentView.ascx.cs:行号 2324
   在 DRMS.MirrorWeb.UserControl.DBContentView.BindData(String type, String keyWord, String searchword) 位置 d:\avic\source\镜像库\MirrorWeb\MirrorWeb\UserControl\DBContentView.ascx.cs:行号 137
   在 DRMS.MirrorWeb.UserControl.DBContentView.Page_Load(Object sender, EventArgs e) 位置 d:\avic\source\镜像库\MirrorWeb\MirrorWeb\UserControl\DBContentView.ascx.cs:行号 83
   在 System.Web.Util.CalliEventHandlerDelegateProxy.Callback(Object sender, EventArgs e)
   在 System.Web.UI.Control.OnLoad(EventArgs e)
   在 System.Web.UI.Control.LoadRecursive()
   在 System.Web.UI.Control.LoadRecursive()
   在 System.Web.UI.Control.LoadRecursive()
   在 System.Web.UI.Page.ProcessRequestMain(Boolean includeStagesBeforeAsyncPoint, Boolean includeStagesAfterAsyncPoint)
--------------------------------------------------------------------------------------------------
2016.03.13 10:46:22
.客户信息：
	Ip:127.0.0.1
	浏览器:Chrome
	浏览器版本:38
	操作系统:WinNT
.错误信息：
	页面：http://localhost:7000/view/DatabaseContent.aspx?type=16&keyword=&queryConn=&searchword=&selectValue=&orderField=&second=0&owner=0
	错误信息：未将对象引用设置到对象的实例。
	错误源：DRMS.MirrorWeb
	异常方法：System.String GetKeyWordUrl(System.String)
	堆栈信息：   在 DRMS.MirrorWeb.UserControl.DBContentView.GetKeyWordUrl(String keyWord) 位置 d:\avic\source\镜像库\MirrorWeb\MirrorWeb\UserControl\DBContentView.ascx.cs:行号 3373
   在 DRMS.MirrorWeb.UserControl.DBContentView.GetChapterDetail(ChapterInfo info) 位置 d:\avic\source\镜像库\MirrorWeb\MirrorWeb\UserControl\DBContentView.ascx.cs:行号 2383
   在 DRMS.MirrorWeb.UserControl.DBContentView.BindChapter(String keyWord, String searchword) 位置 d:\avic\source\镜像库\MirrorWeb\MirrorWeb\UserControl\DBContentView.ascx.cs:行号 2324
   在 DRMS.MirrorWeb.UserControl.DBContentView.BindData(String type, String keyWord, String searchword) 位置 d:\avic\source\镜像库\MirrorWeb\MirrorWeb\UserControl\DBContentView.ascx.cs:行号 137
   在 DRMS.MirrorWeb.UserControl.DBContentView.Page_Load(Object sender, EventArgs e) 位置 d:\avic\source\镜像库\MirrorWeb\MirrorWeb\UserControl\DBContentView.ascx.cs:行号 83
   在 System.Web.Util.CalliEventHandlerDelegateProxy.Callback(Object sender, EventArgs e)
   在 System.Web.UI.Control.OnLoad(EventArgs e)
   在 System.Web.UI.Control.LoadRecursive()
   在 System.Web.UI.Control.LoadRecursive()
   在 System.Web.UI.Control.LoadRecursive()
   在 System.Web.UI.Page.ProcessRequestMain(Boolean includeStagesBeforeAsyncPoint, Boolean includeStagesAfterAsyncPoint)
--------------------------------------------------------------------------------------------------
2016.03.13 10:46:23
.客户信息：
	Ip:127.0.0.1
	浏览器:Chrome
	浏览器版本:38
	操作系统:WinNT
.错误信息：
	页面：http://localhost:7000/view/DatabaseContent.aspx?type=16&keyword=&queryConn=&searchword=&selectValue=&orderField=&second=0&owner=0
	错误信息：未将对象引用设置到对象的实例。
	错误源：DRMS.MirrorWeb
	异常方法：System.String GetKeyWordUrl(System.String)
	堆栈信息：   在 DRMS.MirrorWeb.UserControl.DBContentView.GetKeyWordUrl(String keyWord) 位置 d:\avic\source\镜像库\MirrorWeb\MirrorWeb\UserControl\DBContentView.ascx.cs:行号 3373
   在 DRMS.MirrorWeb.UserControl.DBContentView.GetChapterDetail(ChapterInfo info) 位置 d:\avic\source\镜像库\MirrorWeb\MirrorWeb\UserControl\DBContentView.ascx.cs:行号 2383
   在 DRMS.MirrorWeb.UserControl.DBContentView.BindChapter(String keyWord, String searchword) 位置 d:\avic\source\镜像库\MirrorWeb\MirrorWeb\UserControl\DBContentView.ascx.cs:行号 2324
   在 DRMS.MirrorWeb.UserControl.DBContentView.BindData(String type, String keyWord, String searchword) 位置 d:\avic\source\镜像库\MirrorWeb\MirrorWeb\UserControl\DBContentView.ascx.cs:行号 137
   在 DRMS.MirrorWeb.UserControl.DBContentView.Page_Load(Object sender, EventArgs e) 位置 d:\avic\source\镜像库\MirrorWeb\MirrorWeb\UserControl\DBContentView.ascx.cs:行号 83
   在 System.Web.Util.CalliEventHandlerDelegateProxy.Callback(Object sender, EventArgs e)
   在 System.Web.UI.Control.OnLoad(EventArgs e)
   在 System.Web.UI.Control.LoadRecursive()
   在 System.Web.UI.Control.LoadRecursive()
   在 System.Web.UI.Control.LoadRecursive()
   在 System.Web.UI.Page.ProcessRequestMain(Boolean includeStagesBeforeAsyncPoint, Boolean includeStagesAfterAsyncPoint)
--------------------------------------------------------------------------------------------------
2016.03.13 10:57:06
.客户信息：
	Ip:127.0.0.1
	浏览器:IE
	浏览器版本:8
	操作系统:WinNT
.错误信息：
	页面：http://localhost:7000/view/DatabaseContent.aspx?type=16&keyword=&queryConn=&searchword=&selectValue=all&orderField=&second=&owner=
	错误信息：未将对象引用设置到对象的实例。
	错误源：DRMS.MirrorWeb
	异常方法：System.String GetKeyWordUrl(System.String)
	堆栈信息：   在 DRMS.MirrorWeb.UserControl.DBContentView.GetKeyWordUrl(String keyWord) 位置 d:\avic\source\镜像库\MirrorWeb\MirrorWeb\UserControl\DBContentView.ascx.cs:行号 3373
   在 DRMS.MirrorWeb.UserControl.DBContentView.GetChapterDetail(ChapterInfo info) 位置 d:\avic\source\镜像库\MirrorWeb\MirrorWeb\UserControl\DBContentView.ascx.cs:行号 2383
   在 DRMS.MirrorWeb.UserControl.DBContentView.BindChapter(String keyWord, String searchword) 位置 d:\avic\source\镜像库\MirrorWeb\MirrorWeb\UserControl\DBContentView.ascx.cs:行号 2324
   在 DRMS.MirrorWeb.UserControl.DBContentView.BindData(String type, String keyWord, String searchword) 位置 d:\avic\source\镜像库\MirrorWeb\MirrorWeb\UserControl\DBContentView.ascx.cs:行号 137
   在 DRMS.MirrorWeb.UserControl.DBContentView.Page_Load(Object sender, EventArgs e) 位置 d:\avic\source\镜像库\MirrorWeb\MirrorWeb\UserControl\DBContentView.ascx.cs:行号 83
   在 System.Web.Util.CalliEventHandlerDelegateProxy.Callback(Object sender, EventArgs e)
   在 System.Web.UI.Control.OnLoad(EventArgs e)
   在 System.Web.UI.Control.LoadRecursive()
   在 System.Web.UI.Control.LoadRecursive()
   在 System.Web.UI.Control.LoadRecursive()
   在 System.Web.UI.Page.ProcessRequestMain(Boolean includeStagesBeforeAsyncPoint, Boolean includeStagesAfterAsyncPoint)
--------------------------------------------------------------------------------------------------
2016.03.13 10:57:36
.客户信息：
	Ip:127.0.0.1
	浏览器:IE
	浏览器版本:8
	操作系统:WinNT
.错误信息：
	页面：http://localhost:7000/view/DatabaseContent.aspx?type=16&keyword=&queryConn=&searchword=&selectValue=all&orderField=&second=&owner=
	错误信息：未将对象引用设置到对象的实例。
	错误源：DRMS.MirrorWeb
	异常方法：System.String GetKeyWordUrl(System.String)
	堆栈信息：   在 DRMS.MirrorWeb.UserControl.DBContentView.GetKeyWordUrl(String keyWord) 位置 d:\avic\source\镜像库\MirrorWeb\MirrorWeb\UserControl\DBContentView.ascx.cs:行号 3373
   在 DRMS.MirrorWeb.UserControl.DBContentView.GetChapterDetail(ChapterInfo info) 位置 d:\avic\source\镜像库\MirrorWeb\MirrorWeb\UserControl\DBContentView.ascx.cs:行号 2383
   在 DRMS.MirrorWeb.UserControl.DBContentView.BindChapter(String keyWord, String searchword) 位置 d:\avic\source\镜像库\MirrorWeb\MirrorWeb\UserControl\DBContentView.ascx.cs:行号 2324
   在 DRMS.MirrorWeb.UserControl.DBContentView.BindData(String type, String keyWord, String searchword) 位置 d:\avic\source\镜像库\MirrorWeb\MirrorWeb\UserControl\DBContentView.ascx.cs:行号 137
   在 DRMS.MirrorWeb.UserControl.DBContentView.Page_Load(Object sender, EventArgs e) 位置 d:\avic\source\镜像库\MirrorWeb\MirrorWeb\UserControl\DBContentView.ascx.cs:行号 83
   在 System.Web.Util.CalliEventHandlerDelegateProxy.Callback(Object sender, EventArgs e)
   在 System.Web.UI.Control.OnLoad(EventArgs e)
   在 System.Web.UI.Control.LoadRecursive()
   在 System.Web.UI.Control.LoadRecursive()
   在 System.Web.UI.Control.LoadRecursive()
   在 System.Web.UI.Page.ProcessRequestMain(Boolean includeStagesBeforeAsyncPoint, Boolean includeStagesAfterAsyncPoint)
--------------------------------------------------------------------------------------------------
2016.03.13 10:57:39
.客户信息：
	Ip:127.0.0.1
	浏览器:IE
	浏览器版本:8
	操作系统:WinNT
.错误信息：
	页面：http://localhost:7000/view/DatabaseContent.aspx?type=16&keyword=&queryConn=&searchword=&selectValue=all&orderField=&second=&owner=
	错误信息：未将对象引用设置到对象的实例。
	错误源：DRMS.MirrorWeb
	异常方法：System.String GetKeyWordUrl(System.String)
	堆栈信息：   在 DRMS.MirrorWeb.UserControl.DBContentView.GetKeyWordUrl(String keyWord) 位置 d:\avic\source\镜像库\MirrorWeb\MirrorWeb\UserControl\DBContentView.ascx.cs:行号 3373
   在 DRMS.MirrorWeb.UserControl.DBContentView.GetChapterDetail(ChapterInfo info) 位置 d:\avic\source\镜像库\MirrorWeb\MirrorWeb\UserControl\DBContentView.ascx.cs:行号 2383
   在 DRMS.MirrorWeb.UserControl.DBContentView.BindChapter(String keyWord, String searchword) 位置 d:\avic\source\镜像库\MirrorWeb\MirrorWeb\UserControl\DBContentView.ascx.cs:行号 2324
   在 DRMS.MirrorWeb.UserControl.DBContentView.BindData(String type, String keyWord, String searchword) 位置 d:\avic\source\镜像库\MirrorWeb\MirrorWeb\UserControl\DBContentView.ascx.cs:行号 137
   在 DRMS.MirrorWeb.UserControl.DBContentView.Page_Load(Object sender, EventArgs e) 位置 d:\avic\source\镜像库\MirrorWeb\MirrorWeb\UserControl\DBContentView.ascx.cs:行号 83
   在 System.Web.Util.CalliEventHandlerDelegateProxy.Callback(Object sender, EventArgs e)
   在 System.Web.UI.Control.OnLoad(EventArgs e)
   在 System.Web.UI.Control.LoadRecursive()
   在 System.Web.UI.Control.LoadRecursive()
   在 System.Web.UI.Control.LoadRecursive()
   在 System.Web.UI.Page.ProcessRequestMain(Boolean includeStagesBeforeAsyncPoint, Boolean includeStagesAfterAsyncPoint)
--------------------------------------------------------------------------------------------------
2016.03.13 10:57:58
.客户信息：
	Ip:127.0.0.1
	浏览器:IE
	浏览器版本:8
	操作系统:WinNT
.错误信息：
	页面：http://localhost:7000/view/DatabaseContent.aspx?type=16&keyword=航空&queryConn=&searchword=&selectValue=content&orderField=&second=0&owner=0
	错误信息：未将对象引用设置到对象的实例。
	错误源：DRMS.MirrorWeb
	异常方法：System.String GetKeyWordUrl(System.String)
	堆栈信息：   在 DRMS.MirrorWeb.UserControl.DBContentView.GetKeyWordUrl(String keyWord) 位置 d:\avic\source\镜像库\MirrorWeb\MirrorWeb\UserControl\DBContentView.ascx.cs:行号 3373
   在 DRMS.MirrorWeb.UserControl.DBContentView.GetChapterDetail(ChapterInfo info) 位置 d:\avic\source\镜像库\MirrorWeb\MirrorWeb\UserControl\DBContentView.ascx.cs:行号 2383
   在 DRMS.MirrorWeb.UserControl.DBContentView.BindChapter(String keyWord, String searchword) 位置 d:\avic\source\镜像库\MirrorWeb\MirrorWeb\UserControl\DBContentView.ascx.cs:行号 2324
   在 DRMS.MirrorWeb.UserControl.DBContentView.BindData(String type, String keyWord, String searchword) 位置 d:\avic\source\镜像库\MirrorWeb\MirrorWeb\UserControl\DBContentView.ascx.cs:行号 137
   在 DRMS.MirrorWeb.UserControl.DBContentView.Page_Load(Object sender, EventArgs e) 位置 d:\avic\source\镜像库\MirrorWeb\MirrorWeb\UserControl\DBContentView.ascx.cs:行号 83
   在 System.Web.Util.CalliEventHandlerDelegateProxy.Callback(Object sender, EventArgs e)
   在 System.Web.UI.Control.OnLoad(EventArgs e)
   在 System.Web.UI.Control.LoadRecursive()
   在 System.Web.UI.Control.LoadRecursive()
   在 System.Web.UI.Control.LoadRecursive()
   在 System.Web.UI.Page.ProcessRequestMain(Boolean includeStagesBeforeAsyncPoint, Boolean includeStagesAfterAsyncPoint)
--------------------------------------------------------------------------------------------------
2016.03.13 10:58:28
.客户信息：
	Ip:127.0.0.1
	浏览器:IE
	浏览器版本:8
	操作系统:WinNT
.错误信息：
	页面：http://localhost:7000/view/DatabaseContent.aspx?type=16&keyword=&queryConn=&searchword=&selectValue=all&orderField=&second=&owner=
	错误信息：未将对象引用设置到对象的实例。
	错误源：DRMS.MirrorWeb
	异常方法：System.String GetKeyWordUrl(System.String)
	堆栈信息：   在 DRMS.MirrorWeb.UserControl.DBContentView.GetKeyWordUrl(String keyWord) 位置 d:\avic\source\镜像库\MirrorWeb\MirrorWeb\UserControl\DBContentView.ascx.cs:行号 3373
   在 DRMS.MirrorWeb.UserControl.DBContentView.GetChapterDetail(ChapterInfo info) 位置 d:\avic\source\镜像库\MirrorWeb\MirrorWeb\UserControl\DBContentView.ascx.cs:行号 2383
   在 DRMS.MirrorWeb.UserControl.DBContentView.BindChapter(String keyWord, String searchword) 位置 d:\avic\source\镜像库\MirrorWeb\MirrorWeb\UserControl\DBContentView.ascx.cs:行号 2324
   在 DRMS.MirrorWeb.UserControl.DBContentView.BindData(String type, String keyWord, String searchword) 位置 d:\avic\source\镜像库\MirrorWeb\MirrorWeb\UserControl\DBContentView.ascx.cs:行号 137
   在 DRMS.MirrorWeb.UserControl.DBContentView.Page_Load(Object sender, EventArgs e) 位置 d:\avic\source\镜像库\MirrorWeb\MirrorWeb\UserControl\DBContentView.ascx.cs:行号 83
   在 System.Web.Util.CalliEventHandlerDelegateProxy.Callback(Object sender, EventArgs e)
   在 System.Web.UI.Control.OnLoad(EventArgs e)
   在 System.Web.UI.Control.LoadRecursive()
   在 System.Web.UI.Control.LoadRecursive()
   在 System.Web.UI.Control.LoadRecursive()
   在 System.Web.UI.Page.ProcessRequestMain(Boolean includeStagesBeforeAsyncPoint, Boolean includeStagesAfterAsyncPoint)
--------------------------------------------------------------------------------------------------
2016.03.13 11:37:43
.客户信息：
	Ip:127.0.0.1
	浏览器:IE
	浏览器版本:8
	操作系统:WinNT
.错误信息：
	页面：http://localhost:7000/view/DatabaseContent.aspx?type=16&keyword=&queryConn=&searchword=&selectValue=all&orderField=&second=0&owner=0
	错误信息：未将对象引用设置到对象的实例。
	错误源：DRMS.MirrorWeb
	异常方法：System.String GetKeyWordUrl(System.String)
	堆栈信息：   在 DRMS.MirrorWeb.UserControl.DBContentView.GetKeyWordUrl(String keyWord) 位置 d:\avic\source\镜像库\MirrorWeb\MirrorWeb\UserControl\DBContentView.ascx.cs:行号 3373
   在 DRMS.MirrorWeb.UserControl.DBContentView.GetChapterDetail(ChapterInfo info) 位置 d:\avic\source\镜像库\MirrorWeb\MirrorWeb\UserControl\DBContentView.ascx.cs:行号 2383
   在 DRMS.MirrorWeb.UserControl.DBContentView.BindChapter(String keyWord, String searchword) 位置 d:\avic\source\镜像库\MirrorWeb\MirrorWeb\UserControl\DBContentView.ascx.cs:行号 2324
   在 DRMS.MirrorWeb.UserControl.DBContentView.BindData(String type, String keyWord, String searchword) 位置 d:\avic\source\镜像库\MirrorWeb\MirrorWeb\UserControl\DBContentView.ascx.cs:行号 137
   在 DRMS.MirrorWeb.UserControl.DBContentView.Page_Load(Object sender, EventArgs e) 位置 d:\avic\source\镜像库\MirrorWeb\MirrorWeb\UserControl\DBContentView.ascx.cs:行号 83
   在 System.Web.Util.CalliEventHandlerDelegateProxy.Callback(Object sender, EventArgs e)
   在 System.Web.UI.Control.OnLoad(EventArgs e)
   在 System.Web.UI.Control.LoadRecursive()
   在 System.Web.UI.Control.LoadRecursive()
   在 System.Web.UI.Control.LoadRecursive()
   在 System.Web.UI.Page.ProcessRequestMain(Boolean includeStagesBeforeAsyncPoint, Boolean includeStagesAfterAsyncPoint)
--------------------------------------------------------------------------------------------------
2016.03.13 11:39:05
.客户信息：
	Ip:127.0.0.1
	浏览器:IE
	浏览器版本:8
	操作系统:WinNT
.错误信息：
	页面：http://localhost:7000/view/DatabaseContent.aspx?type=16&keyword=&queryConn=&searchword=&selectValue=all&orderField=&second=0&owner=0
	错误信息：未将对象引用设置到对象的实例。
	错误源：DRMS.MirrorWeb
	异常方法：System.String GetKeyWordUrl(System.String)
	堆栈信息：   在 DRMS.MirrorWeb.UserControl.DBContentView.GetKeyWordUrl(String keyWord) 位置 d:\avic\source\镜像库\MirrorWeb\MirrorWeb\UserControl\DBContentView.ascx.cs:行号 3373
   在 DRMS.MirrorWeb.UserControl.DBContentView.GetChapterDetail(ChapterInfo info) 位置 d:\avic\source\镜像库\MirrorWeb\MirrorWeb\UserControl\DBContentView.ascx.cs:行号 2383
   在 DRMS.MirrorWeb.UserControl.DBContentView.BindChapter(String keyWord, String searchword) 位置 d:\avic\source\镜像库\MirrorWeb\MirrorWeb\UserControl\DBContentView.ascx.cs:行号 2324
   在 DRMS.MirrorWeb.UserControl.DBContentView.BindData(String type, String keyWord, String searchword) 位置 d:\avic\source\镜像库\MirrorWeb\MirrorWeb\UserControl\DBContentView.ascx.cs:行号 137
   在 DRMS.MirrorWeb.UserControl.DBContentView.Page_Load(Object sender, EventArgs e) 位置 d:\avic\source\镜像库\MirrorWeb\MirrorWeb\UserControl\DBContentView.ascx.cs:行号 83
   在 System.Web.Util.CalliEventHandlerDelegateProxy.Callback(Object sender, EventArgs e)
   在 System.Web.UI.Control.OnLoad(EventArgs e)
   在 System.Web.UI.Control.LoadRecursive()
   在 System.Web.UI.Control.LoadRecursive()
   在 System.Web.UI.Control.LoadRecursive()
   在 System.Web.UI.Page.ProcessRequestMain(Boolean includeStagesBeforeAsyncPoint, Boolean includeStagesAfterAsyncPoint)
--------------------------------------------------------------------------------------------------
2016.03.13 11:40:13
.客户信息：
	Ip:127.0.0.1
	浏览器:IE
	浏览器版本:8
	操作系统:WinNT
.错误信息：
	页面：http://localhost:7000/view/DatabaseContent.aspx?type=16&keyword=&queryConn=&searchword=&selectValue=all&orderField=&second=0&owner=0
	错误信息：未将对象引用设置到对象的实例。
	错误源：DRMS.MirrorWeb
	异常方法：System.String GetKeyWordUrl(System.String)
	堆栈信息：   在 DRMS.MirrorWeb.UserControl.DBContentView.GetKeyWordUrl(String keyWord) 位置 d:\avic\source\镜像库\MirrorWeb\MirrorWeb\UserControl\DBContentView.ascx.cs:行号 3376
   在 DRMS.MirrorWeb.UserControl.DBContentView.GetChapterDetail(ChapterInfo info) 位置 d:\avic\source\镜像库\MirrorWeb\MirrorWeb\UserControl\DBContentView.ascx.cs:行号 2383
   在 DRMS.MirrorWeb.UserControl.DBContentView.BindChapter(String keyWord, String searchword) 位置 d:\avic\source\镜像库\MirrorWeb\MirrorWeb\UserControl\DBContentView.ascx.cs:行号 2324
   在 DRMS.MirrorWeb.UserControl.DBContentView.BindData(String type, String keyWord, String searchword) 位置 d:\avic\source\镜像库\MirrorWeb\MirrorWeb\UserControl\DBContentView.ascx.cs:行号 137
   在 DRMS.MirrorWeb.UserControl.DBContentView.Page_Load(Object sender, EventArgs e) 位置 d:\avic\source\镜像库\MirrorWeb\MirrorWeb\UserControl\DBContentView.ascx.cs:行号 83
   在 System.Web.Util.CalliEventHandlerDelegateProxy.Callback(Object sender, EventArgs e)
   在 System.Web.UI.Control.OnLoad(EventArgs e)
   在 System.Web.UI.Control.LoadRecursive()
   在 System.Web.UI.Control.LoadRecursive()
   在 System.Web.UI.Control.LoadRecursive()
   在 System.Web.UI.Page.ProcessRequestMain(Boolean includeStagesBeforeAsyncPoint, Boolean includeStagesAfterAsyncPoint)
--------------------------------------------------------------------------------------------------