
2016.03.16 09:28:23
.客户信息：
	Ip:127.0.0.1
	浏览器:IE
	浏览器版本:8
	操作系统:WinNT
.错误信息：
	页面：http://localhost:7000/admin/BookList.aspx
	错误信息：服务器标记的格式不正确。
	错误源：System.Web
	异常方法：Void ProcessError(System.String)
	堆栈信息：   在 System.Web.UI.TemplateParser.ProcessError(String message)
   在 System.Web.UI.TemplateParser.DetectSpecialServerTagError(String text, Int32 textPos)
   在 System.Web.UI.TemplateParser.ParseStringInternal(String text, Encoding fileEncoding)
   在 System.Web.UI.TemplateParser.ParseString(String text, VirtualPath virtualPath, Encoding fileEncoding)
--------------------------------------------------------------------------------------------------
2016.03.16 09:29:12
.客户信息：
	Ip:127.0.0.1
	浏览器:IE
	浏览器版本:8
	操作系统:WinNT
.错误信息：
	页面：http://localhost:7000/admin/BookList.aspx
	错误信息：服务器标记的格式不正确。
	错误源：System.Web
	异常方法：Void ProcessError(System.String)
	堆栈信息：   在 System.Web.UI.TemplateParser.ProcessError(String message)
   在 System.Web.UI.TemplateParser.DetectSpecialServerTagError(String text, Int32 textPos)
   在 System.Web.UI.TemplateParser.ParseStringInternal(String text, Encoding fileEncoding)
   在 System.Web.UI.TemplateParser.ParseString(String text, VirtualPath virtualPath, Encoding fileEncoding)
--------------------------------------------------------------------------------------------------
2016.03.16 09:29:22
.客户信息：
	Ip:127.0.0.1
	浏览器:IE
	浏览器版本:8
	操作系统:WinNT
.错误信息：
	页面：http://localhost:7000/admin/BookList.aspx
	错误信息：服务器标记的格式不正确。
	错误源：System.Web
	异常方法：Void ProcessError(System.String)
	堆栈信息：   在 System.Web.UI.TemplateParser.ProcessError(String message)
   在 System.Web.UI.TemplateParser.DetectSpecialServerTagError(String text, Int32 textPos)
   在 System.Web.UI.TemplateParser.ParseStringInternal(String text, Encoding fileEncoding)
   在 System.Web.UI.TemplateParser.ParseString(String text, VirtualPath virtualPath, Encoding fileEncoding)
--------------------------------------------------------------------------------------------------
2016.03.16 09:29:23
.客户信息：
	Ip:127.0.0.1
	浏览器:IE
	浏览器版本:8
	操作系统:WinNT
.错误信息：
	页面：http://localhost:7000/admin/BookList.aspx
	错误信息：服务器标记的格式不正确。
	错误源：System.Web
	异常方法：Void ProcessError(System.String)
	堆栈信息：   在 System.Web.UI.TemplateParser.ProcessError(String message)
   在 System.Web.UI.TemplateParser.DetectSpecialServerTagError(String text, Int32 textPos)
   在 System.Web.UI.TemplateParser.ParseStringInternal(String text, Encoding fileEncoding)
   在 System.Web.UI.TemplateParser.ParseString(String text, VirtualPath virtualPath, Encoding fileEncoding)
--------------------------------------------------------------------------------------------------
2016.03.16 09:29:29
.客户信息：
	Ip:127.0.0.1
	浏览器:IE
	浏览器版本:8
	操作系统:WinNT
.错误信息：
	页面：http://localhost:7000/admin/BookList.aspx
	错误信息：服务器标记的格式不正确。
	错误源：System.Web
	异常方法：Void ProcessError(System.String)
	堆栈信息：   在 System.Web.UI.TemplateParser.ProcessError(String message)
   在 System.Web.UI.TemplateParser.DetectSpecialServerTagError(String text, Int32 textPos)
   在 System.Web.UI.TemplateParser.ParseStringInternal(String text, Encoding fileEncoding)
   在 System.Web.UI.TemplateParser.ParseString(String text, VirtualPath virtualPath, Encoding fileEncoding)
--------------------------------------------------------------------------------------------------
2016.03.16 09:29:30
.客户信息：
	Ip:127.0.0.1
	浏览器:IE
	浏览器版本:8
	操作系统:WinNT
.错误信息：
	页面：http://localhost:7000/admin/BookList.aspx
	错误信息：服务器标记的格式不正确。
	错误源：System.Web
	异常方法：Void ProcessError(System.String)
	堆栈信息：   在 System.Web.UI.TemplateParser.ProcessError(String message)
   在 System.Web.UI.TemplateParser.DetectSpecialServerTagError(String text, Int32 textPos)
   在 System.Web.UI.TemplateParser.ParseStringInternal(String text, Encoding fileEncoding)
   在 System.Web.UI.TemplateParser.ParseString(String text, VirtualPath virtualPath, Encoding fileEncoding)
--------------------------------------------------------------------------------------------------
2016.03.16 09:29:30
.客户信息：
	Ip:127.0.0.1
	浏览器:IE
	浏览器版本:8
	操作系统:WinNT
.错误信息：
	页面：http://localhost:7000/admin/BookList.aspx
	错误信息：服务器标记的格式不正确。
	错误源：System.Web
	异常方法：Void ProcessError(System.String)
	堆栈信息：   在 System.Web.UI.TemplateParser.ProcessError(String message)
   在 System.Web.UI.TemplateParser.DetectSpecialServerTagError(String text, Int32 textPos)
   在 System.Web.UI.TemplateParser.ParseStringInternal(String text, Encoding fileEncoding)
   在 System.Web.UI.TemplateParser.ParseString(String text, VirtualPath virtualPath, Encoding fileEncoding)
--------------------------------------------------------------------------------------------------
2016.03.16 09:29:31
.客户信息：
	Ip:127.0.0.1
	浏览器:IE
	浏览器版本:8
	操作系统:WinNT
.错误信息：
	页面：http://localhost:7000/admin/BookList.aspx
	错误信息：服务器标记的格式不正确。
	错误源：System.Web
	异常方法：Void ProcessError(System.String)
	堆栈信息：   在 System.Web.UI.TemplateParser.ProcessError(String message)
   在 System.Web.UI.TemplateParser.DetectSpecialServerTagError(String text, Int32 textPos)
   在 System.Web.UI.TemplateParser.ParseStringInternal(String text, Encoding fileEncoding)
   在 System.Web.UI.TemplateParser.ParseString(String text, VirtualPath virtualPath, Encoding fileEncoding)
--------------------------------------------------------------------------------------------------
2016.03.16 09:29:31
.客户信息：
	Ip:127.0.0.1
	浏览器:IE
	浏览器版本:8
	操作系统:WinNT
.错误信息：
	页面：http://localhost:7000/admin/BookList.aspx
	错误信息：服务器标记的格式不正确。
	错误源：System.Web
	异常方法：Void ProcessError(System.String)
	堆栈信息：   在 System.Web.UI.TemplateParser.ProcessError(String message)
   在 System.Web.UI.TemplateParser.DetectSpecialServerTagError(String text, Int32 textPos)
   在 System.Web.UI.TemplateParser.ParseStringInternal(String text, Encoding fileEncoding)
   在 System.Web.UI.TemplateParser.ParseString(String text, VirtualPath virtualPath, Encoding fileEncoding)
--------------------------------------------------------------------------------------------------
2016.03.16 09:29:31
.客户信息：
	Ip:127.0.0.1
	浏览器:IE
	浏览器版本:8
	操作系统:WinNT
.错误信息：
	页面：http://localhost:7000/admin/BookList.aspx
	错误信息：服务器标记的格式不正确。
	错误源：System.Web
	异常方法：Void ProcessError(System.String)
	堆栈信息：   在 System.Web.UI.TemplateParser.ProcessError(String message)
   在 System.Web.UI.TemplateParser.DetectSpecialServerTagError(String text, Int32 textPos)
   在 System.Web.UI.TemplateParser.ParseStringInternal(String text, Encoding fileEncoding)
   在 System.Web.UI.TemplateParser.ParseString(String text, VirtualPath virtualPath, Encoding fileEncoding)
--------------------------------------------------------------------------------------------------
2016.03.16 09:29:32
.客户信息：
	Ip:127.0.0.1
	浏览器:IE
	浏览器版本:8
	操作系统:WinNT
.错误信息：
	页面：http://localhost:7000/admin/BookList.aspx
	错误信息：服务器标记的格式不正确。
	错误源：System.Web
	异常方法：Void ProcessError(System.String)
	堆栈信息：   在 System.Web.UI.TemplateParser.ProcessError(String message)
   在 System.Web.UI.TemplateParser.DetectSpecialServerTagError(String text, Int32 textPos)
   在 System.Web.UI.TemplateParser.ParseStringInternal(String text, Encoding fileEncoding)
   在 System.Web.UI.TemplateParser.ParseString(String text, VirtualPath virtualPath, Encoding fileEncoding)
--------------------------------------------------------------------------------------------------