
2016.04.14 10:12:58
.客户信息：
	Ip:127.0.0.1
	浏览器:Chrome
	浏览器版本:38
	操作系统:WinNT
.错误信息：
	页面：http://localhost:57372/favicon.ico
	错误信息：文件不存在。
	错误源：System.Web
	异常方法：System.IO.FileInfo GetFileInfo(System.String, System.String, System.Web.HttpResponse)
	堆栈信息：   在 System.Web.StaticFileHandler.GetFileInfo(String virtualPathWithPathInfo, String physicalPath, HttpResponse response)
   在 System.Web.StaticFileHandler.ProcessRequestInternal(HttpContext context, String overrideVirtualPath)
   在 System.Web.DefaultHttpHandler.BeginProcessRequest(HttpContext context, AsyncCallback callback, Object state)
   在 System.Web.HttpApplication.CallHandlerExecutionStep.System.Web.HttpApplication.IExecutionStep.Execute()
   在 System.Web.HttpApplication.ExecuteStep(IExecutionStep step, Boolean& completedSynchronously)
--------------------------------------------------------------------------------------------------
2016.04.14 10:13:08
.客户信息：
	Ip:127.0.0.1
	浏览器:Chrome
	浏览器版本:38
	操作系统:WinNT
.错误信息：
	页面：http://localhost:57372/images/shortcut-button-bg.gif
	错误信息：文件不存在。
	错误源：System.Web
	异常方法：System.IO.FileInfo GetFileInfo(System.String, System.String, System.Web.HttpResponse)
	堆栈信息：   在 System.Web.StaticFileHandler.GetFileInfo(String virtualPathWithPathInfo, String physicalPath, HttpResponse response)
   在 System.Web.StaticFileHandler.ProcessRequestInternal(HttpContext context, String overrideVirtualPath)
   在 System.Web.DefaultHttpHandler.BeginProcessRequest(HttpContext context, AsyncCallback callback, Object state)
   在 System.Web.HttpApplication.CallHandlerExecutionStep.System.Web.HttpApplication.IExecutionStep.Execute()
   在 System.Web.HttpApplication.ExecuteStep(IExecutionStep step, Boolean& completedSynchronously)
--------------------------------------------------------------------------------------------------
2016.04.14 10:13:08
.客户信息：
	Ip:127.0.0.1
	浏览器:Chrome
	浏览器版本:38
	操作系统:WinNT
.错误信息：
	页面：http://localhost:57372/images/menu-current-arrow.gif
	错误信息：文件不存在。
	错误源：System.Web
	异常方法：System.IO.FileInfo GetFileInfo(System.String, System.String, System.Web.HttpResponse)
	堆栈信息：   在 System.Web.StaticFileHandler.GetFileInfo(String virtualPathWithPathInfo, String physicalPath, HttpResponse response)
   在 System.Web.StaticFileHandler.ProcessRequestInternal(HttpContext context, String overrideVirtualPath)
   在 System.Web.DefaultHttpHandler.BeginProcessRequest(HttpContext context, AsyncCallback callback, Object state)
   在 System.Web.HttpApplication.CallHandlerExecutionStep.System.Web.HttpApplication.IExecutionStep.Execute()
   在 System.Web.HttpApplication.ExecuteStep(IExecutionStep step, Boolean& completedSynchronously)
--------------------------------------------------------------------------------------------------
2016.04.14 10:13:34
.客户信息：
	Ip:127.0.0.1
	浏览器:Chrome
	浏览器版本:38
	操作系统:WinNT
.错误信息：
	页面：http://localhost:57372/images/shortcut-button-bg.gif
	错误信息：文件不存在。
	错误源：System.Web
	异常方法：System.IO.FileInfo GetFileInfo(System.String, System.String, System.Web.HttpResponse)
	堆栈信息：   在 System.Web.StaticFileHandler.GetFileInfo(String virtualPathWithPathInfo, String physicalPath, HttpResponse response)
   在 System.Web.StaticFileHandler.ProcessRequestInternal(HttpContext context, String overrideVirtualPath)
   在 System.Web.DefaultHttpHandler.BeginProcessRequest(HttpContext context, AsyncCallback callback, Object state)
   在 System.Web.HttpApplication.CallHandlerExecutionStep.System.Web.HttpApplication.IExecutionStep.Execute()
   在 System.Web.HttpApplication.ExecuteStep(IExecutionStep step, Boolean& completedSynchronously)
--------------------------------------------------------------------------------------------------
2016.04.14 10:13:38
.客户信息：
	Ip:127.0.0.1
	浏览器:Chrome
	浏览器版本:38
	操作系统:WinNT
.错误信息：
	页面：http://localhost:57372/images/shortcut-button-bg.gif
	错误信息：文件不存在。
	错误源：System.Web
	异常方法：System.IO.FileInfo GetFileInfo(System.String, System.String, System.Web.HttpResponse)
	堆栈信息：   在 System.Web.StaticFileHandler.GetFileInfo(String virtualPathWithPathInfo, String physicalPath, HttpResponse response)
   在 System.Web.StaticFileHandler.ProcessRequestInternal(HttpContext context, String overrideVirtualPath)
   在 System.Web.DefaultHttpHandler.BeginProcessRequest(HttpContext context, AsyncCallback callback, Object state)
   在 System.Web.HttpApplication.CallHandlerExecutionStep.System.Web.HttpApplication.IExecutionStep.Execute()
   在 System.Web.HttpApplication.ExecuteStep(IExecutionStep step, Boolean& completedSynchronously)
--------------------------------------------------------------------------------------------------
2016.04.14 10:16:40
.客户信息：
	Ip:127.0.0.1
	浏览器:Chrome
	浏览器版本:38
	操作系统:WinNT
.错误信息：
	页面：http://localhost:57372/images/menu-current-arrow.gif
	错误信息：文件不存在。
	错误源：System.Web
	异常方法：System.IO.FileInfo GetFileInfo(System.String, System.String, System.Web.HttpResponse)
	堆栈信息：   在 System.Web.StaticFileHandler.GetFileInfo(String virtualPathWithPathInfo, String physicalPath, HttpResponse response)
   在 System.Web.StaticFileHandler.ProcessRequestInternal(HttpContext context, String overrideVirtualPath)
   在 System.Web.DefaultHttpHandler.BeginProcessRequest(HttpContext context, AsyncCallback callback, Object state)
   在 System.Web.HttpApplication.CallHandlerExecutionStep.System.Web.HttpApplication.IExecutionStep.Execute()
   在 System.Web.HttpApplication.ExecuteStep(IExecutionStep step, Boolean& completedSynchronously)
--------------------------------------------------------------------------------------------------
2016.04.14 10:16:49
.客户信息：
	Ip:127.0.0.1
	浏览器:Chrome
	浏览器版本:38
	操作系统:WinNT
.错误信息：
	页面：http://localhost:57372/images/bg-form-field.gif
	错误信息：文件不存在。
	错误源：System.Web
	异常方法：System.IO.FileInfo GetFileInfo(System.String, System.String, System.Web.HttpResponse)
	堆栈信息：   在 System.Web.StaticFileHandler.GetFileInfo(String virtualPathWithPathInfo, String physicalPath, HttpResponse response)
   在 System.Web.StaticFileHandler.ProcessRequestInternal(HttpContext context, String overrideVirtualPath)
   在 System.Web.DefaultHttpHandler.BeginProcessRequest(HttpContext context, AsyncCallback callback, Object state)
   在 System.Web.HttpApplication.CallHandlerExecutionStep.System.Web.HttpApplication.IExecutionStep.Execute()
   在 System.Web.HttpApplication.ExecuteStep(IExecutionStep step, Boolean& completedSynchronously)
--------------------------------------------------------------------------------------------------
2016.04.14 10:23:53
.客户信息：
	Ip:127.0.0.1
	浏览器:Chrome
	浏览器版本:38
	操作系统:WinNT
.错误信息：
	页面：http://localhost:57372/images/shortcut-button-bg.gif
	错误信息：文件不存在。
	错误源：System.Web
	异常方法：System.IO.FileInfo GetFileInfo(System.String, System.String, System.Web.HttpResponse)
	堆栈信息：   在 System.Web.StaticFileHandler.GetFileInfo(String virtualPathWithPathInfo, String physicalPath, HttpResponse response)
   在 System.Web.StaticFileHandler.ProcessRequestInternal(HttpContext context, String overrideVirtualPath)
   在 System.Web.DefaultHttpHandler.BeginProcessRequest(HttpContext context, AsyncCallback callback, Object state)
   在 System.Web.HttpApplication.CallHandlerExecutionStep.System.Web.HttpApplication.IExecutionStep.Execute()
   在 System.Web.HttpApplication.ExecuteStep(IExecutionStep step, Boolean& completedSynchronously)
--------------------------------------------------------------------------------------------------
2016.04.14 10:24:07
.客户信息：
	Ip:127.0.0.1
	浏览器:Chrome
	浏览器版本:38
	操作系统:WinNT
.错误信息：
	页面：http://localhost:57372/images/menu-current-arrow.gif
	错误信息：文件不存在。
	错误源：System.Web
	异常方法：System.IO.FileInfo GetFileInfo(System.String, System.String, System.Web.HttpResponse)
	堆栈信息：   在 System.Web.StaticFileHandler.GetFileInfo(String virtualPathWithPathInfo, String physicalPath, HttpResponse response)
   在 System.Web.StaticFileHandler.ProcessRequestInternal(HttpContext context, String overrideVirtualPath)
   在 System.Web.DefaultHttpHandler.BeginProcessRequest(HttpContext context, AsyncCallback callback, Object state)
   在 System.Web.HttpApplication.CallHandlerExecutionStep.System.Web.HttpApplication.IExecutionStep.Execute()
   在 System.Web.HttpApplication.ExecuteStep(IExecutionStep step, Boolean& completedSynchronously)
--------------------------------------------------------------------------------------------------
2016.04.14 10:24:09
.客户信息：
	Ip:127.0.0.1
	浏览器:Chrome
	浏览器版本:38
	操作系统:WinNT
.错误信息：
	页面：http://localhost:57372/images/shortcut-button-bg.gif
	错误信息：文件不存在。
	错误源：System.Web
	异常方法：System.IO.FileInfo GetFileInfo(System.String, System.String, System.Web.HttpResponse)
	堆栈信息：   在 System.Web.StaticFileHandler.GetFileInfo(String virtualPathWithPathInfo, String physicalPath, HttpResponse response)
   在 System.Web.StaticFileHandler.ProcessRequestInternal(HttpContext context, String overrideVirtualPath)
   在 System.Web.DefaultHttpHandler.BeginProcessRequest(HttpContext context, AsyncCallback callback, Object state)
   在 System.Web.HttpApplication.CallHandlerExecutionStep.System.Web.HttpApplication.IExecutionStep.Execute()
   在 System.Web.HttpApplication.ExecuteStep(IExecutionStep step, Boolean& completedSynchronously)
--------------------------------------------------------------------------------------------------
2016.04.14 10:24:12
.客户信息：
	Ip:127.0.0.1
	浏览器:Chrome
	浏览器版本:38
	操作系统:WinNT
.错误信息：
	页面：http://localhost:57372/images/shortcut-button-bg.gif
	错误信息：文件不存在。
	错误源：System.Web
	异常方法：System.IO.FileInfo GetFileInfo(System.String, System.String, System.Web.HttpResponse)
	堆栈信息：   在 System.Web.StaticFileHandler.GetFileInfo(String virtualPathWithPathInfo, String physicalPath, HttpResponse response)
   在 System.Web.StaticFileHandler.ProcessRequestInternal(HttpContext context, String overrideVirtualPath)
   在 System.Web.DefaultHttpHandler.BeginProcessRequest(HttpContext context, AsyncCallback callback, Object state)
   在 System.Web.HttpApplication.CallHandlerExecutionStep.System.Web.HttpApplication.IExecutionStep.Execute()
   在 System.Web.HttpApplication.ExecuteStep(IExecutionStep step, Boolean& completedSynchronously)
--------------------------------------------------------------------------------------------------
2016.04.14 10:24:15
.客户信息：
	Ip:127.0.0.1
	浏览器:Chrome
	浏览器版本:38
	操作系统:WinNT
.错误信息：
	页面：http://localhost:57372/images/menu-current-arrow.gif
	错误信息：文件不存在。
	错误源：System.Web
	异常方法：System.IO.FileInfo GetFileInfo(System.String, System.String, System.Web.HttpResponse)
	堆栈信息：   在 System.Web.StaticFileHandler.GetFileInfo(String virtualPathWithPathInfo, String physicalPath, HttpResponse response)
   在 System.Web.StaticFileHandler.ProcessRequestInternal(HttpContext context, String overrideVirtualPath)
   在 System.Web.DefaultHttpHandler.BeginProcessRequest(HttpContext context, AsyncCallback callback, Object state)
   在 System.Web.HttpApplication.CallHandlerExecutionStep.System.Web.HttpApplication.IExecutionStep.Execute()
   在 System.Web.HttpApplication.ExecuteStep(IExecutionStep step, Boolean& completedSynchronously)
--------------------------------------------------------------------------------------------------
2016.04.14 10:24:17
.客户信息：
	Ip:127.0.0.1
	浏览器:Chrome
	浏览器版本:38
	操作系统:WinNT
.错误信息：
	页面：http://localhost:57372/images/menu-current-arrow.gif
	错误信息：文件不存在。
	错误源：System.Web
	异常方法：System.IO.FileInfo GetFileInfo(System.String, System.String, System.Web.HttpResponse)
	堆栈信息：   在 System.Web.StaticFileHandler.GetFileInfo(String virtualPathWithPathInfo, String physicalPath, HttpResponse response)
   在 System.Web.StaticFileHandler.ProcessRequestInternal(HttpContext context, String overrideVirtualPath)
   在 System.Web.DefaultHttpHandler.BeginProcessRequest(HttpContext context, AsyncCallback callback, Object state)
   在 System.Web.HttpApplication.CallHandlerExecutionStep.System.Web.HttpApplication.IExecutionStep.Execute()
   在 System.Web.HttpApplication.ExecuteStep(IExecutionStep step, Boolean& completedSynchronously)
--------------------------------------------------------------------------------------------------
2016.04.14 10:24:20
.客户信息：
	Ip:127.0.0.1
	浏览器:Chrome
	浏览器版本:38
	操作系统:WinNT
.错误信息：
	页面：http://localhost:57372/images/shortcut-button-bg.gif
	错误信息：文件不存在。
	错误源：System.Web
	异常方法：System.IO.FileInfo GetFileInfo(System.String, System.String, System.Web.HttpResponse)
	堆栈信息：   在 System.Web.StaticFileHandler.GetFileInfo(String virtualPathWithPathInfo, String physicalPath, HttpResponse response)
   在 System.Web.StaticFileHandler.ProcessRequestInternal(HttpContext context, String overrideVirtualPath)
   在 System.Web.DefaultHttpHandler.BeginProcessRequest(HttpContext context, AsyncCallback callback, Object state)
   在 System.Web.HttpApplication.CallHandlerExecutionStep.System.Web.HttpApplication.IExecutionStep.Execute()
   在 System.Web.HttpApplication.ExecuteStep(IExecutionStep step, Boolean& completedSynchronously)
--------------------------------------------------------------------------------------------------
2016.04.14 10:26:02
.客户信息：
	Ip:127.0.0.1
	浏览器:Chrome
	浏览器版本:38
	操作系统:WinNT
.错误信息：
	页面：http://localhost:57372/images/shortcut-button-bg.gif
	错误信息：文件不存在。
	错误源：System.Web
	异常方法：System.IO.FileInfo GetFileInfo(System.String, System.String, System.Web.HttpResponse)
	堆栈信息：   在 System.Web.StaticFileHandler.GetFileInfo(String virtualPathWithPathInfo, String physicalPath, HttpResponse response)
   在 System.Web.StaticFileHandler.ProcessRequestInternal(HttpContext context, String overrideVirtualPath)
   在 System.Web.DefaultHttpHandler.BeginProcessRequest(HttpContext context, AsyncCallback callback, Object state)
   在 System.Web.HttpApplication.CallHandlerExecutionStep.System.Web.HttpApplication.IExecutionStep.Execute()
   在 System.Web.HttpApplication.ExecuteStep(IExecutionStep step, Boolean& completedSynchronously)
--------------------------------------------------------------------------------------------------
2016.04.14 10:52:19
.客户信息：
	Ip:127.0.0.1
	浏览器:Chrome
	浏览器版本:38
	操作系统:WinNT
.错误信息：
	页面：http://localhost:57372/images/shortcut-button-bg.gif
	错误信息：文件不存在。
	错误源：System.Web
	异常方法：System.IO.FileInfo GetFileInfo(System.String, System.String, System.Web.HttpResponse)
	堆栈信息：   在 System.Web.StaticFileHandler.GetFileInfo(String virtualPathWithPathInfo, String physicalPath, HttpResponse response)
   在 System.Web.StaticFileHandler.ProcessRequestInternal(HttpContext context, String overrideVirtualPath)
   在 System.Web.DefaultHttpHandler.BeginProcessRequest(HttpContext context, AsyncCallback callback, Object state)
   在 System.Web.HttpApplication.CallHandlerExecutionStep.System.Web.HttpApplication.IExecutionStep.Execute()
   在 System.Web.HttpApplication.ExecuteStep(IExecutionStep step, Boolean& completedSynchronously)
--------------------------------------------------------------------------------------------------
2016.04.14 10:52:21
.客户信息：
	Ip:127.0.0.1
	浏览器:Chrome
	浏览器版本:38
	操作系统:WinNT
.错误信息：
	页面：http://localhost:57372/images/shortcut-button-bg.gif
	错误信息：文件不存在。
	错误源：System.Web
	异常方法：System.IO.FileInfo GetFileInfo(System.String, System.String, System.Web.HttpResponse)
	堆栈信息：   在 System.Web.StaticFileHandler.GetFileInfo(String virtualPathWithPathInfo, String physicalPath, HttpResponse response)
   在 System.Web.StaticFileHandler.ProcessRequestInternal(HttpContext context, String overrideVirtualPath)
   在 System.Web.DefaultHttpHandler.BeginProcessRequest(HttpContext context, AsyncCallback callback, Object state)
   在 System.Web.HttpApplication.CallHandlerExecutionStep.System.Web.HttpApplication.IExecutionStep.Execute()
   在 System.Web.HttpApplication.ExecuteStep(IExecutionStep step, Boolean& completedSynchronously)
--------------------------------------------------------------------------------------------------
2016.04.14 10:52:42
.客户信息：
	Ip:127.0.0.1
	浏览器:Chrome
	浏览器版本:38
	操作系统:WinNT
.错误信息：
	页面：http://localhost:57372/images/shortcut-button-bg.gif
	错误信息：文件不存在。
	错误源：System.Web
	异常方法：System.IO.FileInfo GetFileInfo(System.String, System.String, System.Web.HttpResponse)
	堆栈信息：   在 System.Web.StaticFileHandler.GetFileInfo(String virtualPathWithPathInfo, String physicalPath, HttpResponse response)
   在 System.Web.StaticFileHandler.ProcessRequestInternal(HttpContext context, String overrideVirtualPath)
   在 System.Web.DefaultHttpHandler.BeginProcessRequest(HttpContext context, AsyncCallback callback, Object state)
   在 System.Web.HttpApplication.CallHandlerExecutionStep.System.Web.HttpApplication.IExecutionStep.Execute()
   在 System.Web.HttpApplication.ExecuteStep(IExecutionStep step, Boolean& completedSynchronously)
--------------------------------------------------------------------------------------------------
2016.04.14 10:52:51
.客户信息：
	Ip:127.0.0.1
	浏览器:Chrome
	浏览器版本:38
	操作系统:WinNT
.错误信息：
	页面：http://localhost:57372/images/menu-current-arrow.gif
	错误信息：文件不存在。
	错误源：System.Web
	异常方法：System.IO.FileInfo GetFileInfo(System.String, System.String, System.Web.HttpResponse)
	堆栈信息：   在 System.Web.StaticFileHandler.GetFileInfo(String virtualPathWithPathInfo, String physicalPath, HttpResponse response)
   在 System.Web.StaticFileHandler.ProcessRequestInternal(HttpContext context, String overrideVirtualPath)
   在 System.Web.DefaultHttpHandler.BeginProcessRequest(HttpContext context, AsyncCallback callback, Object state)
   在 System.Web.HttpApplication.CallHandlerExecutionStep.System.Web.HttpApplication.IExecutionStep.Execute()
   在 System.Web.HttpApplication.ExecuteStep(IExecutionStep step, Boolean& completedSynchronously)
--------------------------------------------------------------------------------------------------
2016.04.14 10:53:52
.客户信息：
	Ip:127.0.0.1
	浏览器:Chrome
	浏览器版本:38
	操作系统:WinNT
.错误信息：
	页面：http://localhost:57372/images/shortcut-button-bg.gif
	错误信息：文件不存在。
	错误源：System.Web
	异常方法：System.IO.FileInfo GetFileInfo(System.String, System.String, System.Web.HttpResponse)
	堆栈信息：   在 System.Web.StaticFileHandler.GetFileInfo(String virtualPathWithPathInfo, String physicalPath, HttpResponse response)
   在 System.Web.StaticFileHandler.ProcessRequestInternal(HttpContext context, String overrideVirtualPath)
   在 System.Web.DefaultHttpHandler.BeginProcessRequest(HttpContext context, AsyncCallback callback, Object state)
   在 System.Web.HttpApplication.CallHandlerExecutionStep.System.Web.HttpApplication.IExecutionStep.Execute()
   在 System.Web.HttpApplication.ExecuteStep(IExecutionStep step, Boolean& completedSynchronously)
--------------------------------------------------------------------------------------------------
2016.04.14 10:54:16
.客户信息：
	Ip:127.0.0.1
	浏览器:Chrome
	浏览器版本:38
	操作系统:WinNT
.错误信息：
	页面：http://localhost:57372/images/menu-current-arrow.gif
	错误信息：文件不存在。
	错误源：System.Web
	异常方法：System.IO.FileInfo GetFileInfo(System.String, System.String, System.Web.HttpResponse)
	堆栈信息：   在 System.Web.StaticFileHandler.GetFileInfo(String virtualPathWithPathInfo, String physicalPath, HttpResponse response)
   在 System.Web.StaticFileHandler.ProcessRequestInternal(HttpContext context, String overrideVirtualPath)
   在 System.Web.DefaultHttpHandler.BeginProcessRequest(HttpContext context, AsyncCallback callback, Object state)
   在 System.Web.HttpApplication.CallHandlerExecutionStep.System.Web.HttpApplication.IExecutionStep.Execute()
   在 System.Web.HttpApplication.ExecuteStep(IExecutionStep step, Boolean& completedSynchronously)
--------------------------------------------------------------------------------------------------
2016.04.14 10:54:18
.客户信息：
	Ip:127.0.0.1
	浏览器:Chrome
	浏览器版本:38
	操作系统:WinNT
.错误信息：
	页面：http://localhost:57372/images/menu-current-arrow.gif
	错误信息：文件不存在。
	错误源：System.Web
	异常方法：System.IO.FileInfo GetFileInfo(System.String, System.String, System.Web.HttpResponse)
	堆栈信息：   在 System.Web.StaticFileHandler.GetFileInfo(String virtualPathWithPathInfo, String physicalPath, HttpResponse response)
   在 System.Web.StaticFileHandler.ProcessRequestInternal(HttpContext context, String overrideVirtualPath)
   在 System.Web.DefaultHttpHandler.BeginProcessRequest(HttpContext context, AsyncCallback callback, Object state)
   在 System.Web.HttpApplication.CallHandlerExecutionStep.System.Web.HttpApplication.IExecutionStep.Execute()
   在 System.Web.HttpApplication.ExecuteStep(IExecutionStep step, Boolean& completedSynchronously)
--------------------------------------------------------------------------------------------------
2016.04.14 10:57:12
.客户信息：
	Ip:127.0.0.1
	浏览器:Chrome
	浏览器版本:38
	操作系统:WinNT
.错误信息：
	页面：http://localhost:57372/images/menu-current-arrow.gif
	错误信息：文件不存在。
	错误源：System.Web
	异常方法：System.IO.FileInfo GetFileInfo(System.String, System.String, System.Web.HttpResponse)
	堆栈信息：   在 System.Web.StaticFileHandler.GetFileInfo(String virtualPathWithPathInfo, String physicalPath, HttpResponse response)
   在 System.Web.StaticFileHandler.ProcessRequestInternal(HttpContext context, String overrideVirtualPath)
   在 System.Web.DefaultHttpHandler.BeginProcessRequest(HttpContext context, AsyncCallback callback, Object state)
   在 System.Web.HttpApplication.CallHandlerExecutionStep.System.Web.HttpApplication.IExecutionStep.Execute()
   在 System.Web.HttpApplication.ExecuteStep(IExecutionStep step, Boolean& completedSynchronously)
--------------------------------------------------------------------------------------------------
2016.04.14 10:57:14
.客户信息：
	Ip:127.0.0.1
	浏览器:Chrome
	浏览器版本:38
	操作系统:WinNT
.错误信息：
	页面：http://localhost:57372/images/menu-current-arrow.gif
	错误信息：文件不存在。
	错误源：System.Web
	异常方法：System.IO.FileInfo GetFileInfo(System.String, System.String, System.Web.HttpResponse)
	堆栈信息：   在 System.Web.StaticFileHandler.GetFileInfo(String virtualPathWithPathInfo, String physicalPath, HttpResponse response)
   在 System.Web.StaticFileHandler.ProcessRequestInternal(HttpContext context, String overrideVirtualPath)
   在 System.Web.DefaultHttpHandler.BeginProcessRequest(HttpContext context, AsyncCallback callback, Object state)
   在 System.Web.HttpApplication.CallHandlerExecutionStep.System.Web.HttpApplication.IExecutionStep.Execute()
   在 System.Web.HttpApplication.ExecuteStep(IExecutionStep step, Boolean& completedSynchronously)
--------------------------------------------------------------------------------------------------
2016.04.14 11:00:20
.客户信息：
	Ip:127.0.0.1
	浏览器:Chrome
	浏览器版本:38
	操作系统:WinNT
.错误信息：
	页面：http://localhost:57372/images/menu-current-arrow.gif
	错误信息：文件不存在。
	错误源：System.Web
	异常方法：System.IO.FileInfo GetFileInfo(System.String, System.String, System.Web.HttpResponse)
	堆栈信息：   在 System.Web.StaticFileHandler.GetFileInfo(String virtualPathWithPathInfo, String physicalPath, HttpResponse response)
   在 System.Web.StaticFileHandler.ProcessRequestInternal(HttpContext context, String overrideVirtualPath)
   在 System.Web.DefaultHttpHandler.BeginProcessRequest(HttpContext context, AsyncCallback callback, Object state)
   在 System.Web.HttpApplication.CallHandlerExecutionStep.System.Web.HttpApplication.IExecutionStep.Execute()
   在 System.Web.HttpApplication.ExecuteStep(IExecutionStep step, Boolean& completedSynchronously)
--------------------------------------------------------------------------------------------------
2016.04.14 11:01:49
.客户信息：
	Ip:127.0.0.1
	浏览器:Chrome
	浏览器版本:38
	操作系统:WinNT
.错误信息：
	页面：http://localhost:57372/images/shortcut-button-bg.gif
	错误信息：文件不存在。
	错误源：System.Web
	异常方法：System.IO.FileInfo GetFileInfo(System.String, System.String, System.Web.HttpResponse)
	堆栈信息：   在 System.Web.StaticFileHandler.GetFileInfo(String virtualPathWithPathInfo, String physicalPath, HttpResponse response)
   在 System.Web.StaticFileHandler.ProcessRequestInternal(HttpContext context, String overrideVirtualPath)
   在 System.Web.DefaultHttpHandler.BeginProcessRequest(HttpContext context, AsyncCallback callback, Object state)
   在 System.Web.HttpApplication.CallHandlerExecutionStep.System.Web.HttpApplication.IExecutionStep.Execute()
   在 System.Web.HttpApplication.ExecuteStep(IExecutionStep step, Boolean& completedSynchronously)
--------------------------------------------------------------------------------------------------
2016.04.14 11:02:42
.客户信息：
	Ip:127.0.0.1
	浏览器:Chrome
	浏览器版本:38
	操作系统:WinNT
.错误信息：
	页面：http://localhost:57372/images/menu-current-arrow.gif
	错误信息：文件不存在。
	错误源：System.Web
	异常方法：System.IO.FileInfo GetFileInfo(System.String, System.String, System.Web.HttpResponse)
	堆栈信息：   在 System.Web.StaticFileHandler.GetFileInfo(String virtualPathWithPathInfo, String physicalPath, HttpResponse response)
   在 System.Web.StaticFileHandler.ProcessRequestInternal(HttpContext context, String overrideVirtualPath)
   在 System.Web.DefaultHttpHandler.BeginProcessRequest(HttpContext context, AsyncCallback callback, Object state)
   在 System.Web.HttpApplication.CallHandlerExecutionStep.System.Web.HttpApplication.IExecutionStep.Execute()
   在 System.Web.HttpApplication.ExecuteStep(IExecutionStep step, Boolean& completedSynchronously)
--------------------------------------------------------------------------------------------------
2016.04.14 11:02:44
.客户信息：
	Ip:127.0.0.1
	浏览器:Chrome
	浏览器版本:38
	操作系统:WinNT
.错误信息：
	页面：http://localhost:57372/images/menu-current-arrow.gif
	错误信息：文件不存在。
	错误源：System.Web
	异常方法：System.IO.FileInfo GetFileInfo(System.String, System.String, System.Web.HttpResponse)
	堆栈信息：   在 System.Web.StaticFileHandler.GetFileInfo(String virtualPathWithPathInfo, String physicalPath, HttpResponse response)
   在 System.Web.StaticFileHandler.ProcessRequestInternal(HttpContext context, String overrideVirtualPath)
   在 System.Web.DefaultHttpHandler.BeginProcessRequest(HttpContext context, AsyncCallback callback, Object state)
   在 System.Web.HttpApplication.CallHandlerExecutionStep.System.Web.HttpApplication.IExecutionStep.Execute()
   在 System.Web.HttpApplication.ExecuteStep(IExecutionStep step, Boolean& completedSynchronously)
--------------------------------------------------------------------------------------------------
2016.04.14 11:06:53
.客户信息：
	Ip:127.0.0.1
	浏览器:Chrome
	浏览器版本:38
	操作系统:WinNT
.错误信息：
	页面：http://localhost:57372/images/shortcut-button-bg.gif
	错误信息：文件不存在。
	错误源：System.Web
	异常方法：System.IO.FileInfo GetFileInfo(System.String, System.String, System.Web.HttpResponse)
	堆栈信息：   在 System.Web.StaticFileHandler.GetFileInfo(String virtualPathWithPathInfo, String physicalPath, HttpResponse response)
   在 System.Web.StaticFileHandler.ProcessRequestInternal(HttpContext context, String overrideVirtualPath)
   在 System.Web.DefaultHttpHandler.BeginProcessRequest(HttpContext context, AsyncCallback callback, Object state)
   在 System.Web.HttpApplication.CallHandlerExecutionStep.System.Web.HttpApplication.IExecutionStep.Execute()
   在 System.Web.HttpApplication.ExecuteStep(IExecutionStep step, Boolean& completedSynchronously)
--------------------------------------------------------------------------------------------------
2016.04.14 13:57:10
.客户信息：
	Ip:127.0.0.1
	浏览器:Chrome
	浏览器版本:38
	操作系统:WinNT
.错误信息：
	页面：http://localhost:57372/favicon.ico
	错误信息：文件不存在。
	错误源：System.Web
	异常方法：System.IO.FileInfo GetFileInfo(System.String, System.String, System.Web.HttpResponse)
	堆栈信息：   在 System.Web.StaticFileHandler.GetFileInfo(String virtualPathWithPathInfo, String physicalPath, HttpResponse response)
   在 System.Web.StaticFileHandler.ProcessRequestInternal(HttpContext context, String overrideVirtualPath)
   在 System.Web.DefaultHttpHandler.BeginProcessRequest(HttpContext context, AsyncCallback callback, Object state)
   在 System.Web.HttpApplication.CallHandlerExecutionStep.System.Web.HttpApplication.IExecutionStep.Execute()
   在 System.Web.HttpApplication.ExecuteStep(IExecutionStep step, Boolean& completedSynchronously)
--------------------------------------------------------------------------------------------------
2016.04.14 13:57:21
.客户信息：
	Ip:127.0.0.1
	浏览器:Chrome
	浏览器版本:38
	操作系统:WinNT
.错误信息：
	页面：http://localhost:57372/images/shortcut-button-bg.gif
	错误信息：文件不存在。
	错误源：System.Web
	异常方法：System.IO.FileInfo GetFileInfo(System.String, System.String, System.Web.HttpResponse)
	堆栈信息：   在 System.Web.StaticFileHandler.GetFileInfo(String virtualPathWithPathInfo, String physicalPath, HttpResponse response)
   在 System.Web.StaticFileHandler.ProcessRequestInternal(HttpContext context, String overrideVirtualPath)
   在 System.Web.DefaultHttpHandler.BeginProcessRequest(HttpContext context, AsyncCallback callback, Object state)
   在 System.Web.HttpApplication.CallHandlerExecutionStep.System.Web.HttpApplication.IExecutionStep.Execute()
   在 System.Web.HttpApplication.ExecuteStep(IExecutionStep step, Boolean& completedSynchronously)
--------------------------------------------------------------------------------------------------
2016.04.14 13:59:06
.客户信息：
	Ip:127.0.0.1
	浏览器:Chrome
	浏览器版本:38
	操作系统:WinNT
.错误信息：
	页面：http://localhost:57372/images/shortcut-button-bg.gif
	错误信息：文件不存在。
	错误源：System.Web
	异常方法：System.IO.FileInfo GetFileInfo(System.String, System.String, System.Web.HttpResponse)
	堆栈信息：   在 System.Web.StaticFileHandler.GetFileInfo(String virtualPathWithPathInfo, String physicalPath, HttpResponse response)
   在 System.Web.StaticFileHandler.ProcessRequestInternal(HttpContext context, String overrideVirtualPath)
   在 System.Web.DefaultHttpHandler.BeginProcessRequest(HttpContext context, AsyncCallback callback, Object state)
   在 System.Web.HttpApplication.CallHandlerExecutionStep.System.Web.HttpApplication.IExecutionStep.Execute()
   在 System.Web.HttpApplication.ExecuteStep(IExecutionStep step, Boolean& completedSynchronously)
--------------------------------------------------------------------------------------------------
2016.04.14 14:01:56
.客户信息：
	Ip:127.0.0.1
	浏览器:Chrome
	浏览器版本:38
	操作系统:WinNT
.错误信息：
	页面：http://localhost:57372/images/shortcut-button-bg.gif
	错误信息：文件不存在。
	错误源：System.Web
	异常方法：System.IO.FileInfo GetFileInfo(System.String, System.String, System.Web.HttpResponse)
	堆栈信息：   在 System.Web.StaticFileHandler.GetFileInfo(String virtualPathWithPathInfo, String physicalPath, HttpResponse response)
   在 System.Web.StaticFileHandler.ProcessRequestInternal(HttpContext context, String overrideVirtualPath)
   在 System.Web.DefaultHttpHandler.BeginProcessRequest(HttpContext context, AsyncCallback callback, Object state)
   在 System.Web.HttpApplication.CallHandlerExecutionStep.System.Web.HttpApplication.IExecutionStep.Execute()
   在 System.Web.HttpApplication.ExecuteStep(IExecutionStep step, Boolean& completedSynchronously)
--------------------------------------------------------------------------------------------------
2016.04.14 14:50:45
.客户信息：
	Ip:127.0.0.1
	浏览器:Chrome
	浏览器版本:38
	操作系统:WinNT
.错误信息：
	页面：http://localhost:57372/favicon.ico
	错误信息：文件不存在。
	错误源：System.Web
	异常方法：System.IO.FileInfo GetFileInfo(System.String, System.String, System.Web.HttpResponse)
	堆栈信息：   在 System.Web.StaticFileHandler.GetFileInfo(String virtualPathWithPathInfo, String physicalPath, HttpResponse response)
   在 System.Web.StaticFileHandler.ProcessRequestInternal(HttpContext context, String overrideVirtualPath)
   在 System.Web.DefaultHttpHandler.BeginProcessRequest(HttpContext context, AsyncCallback callback, Object state)
   在 System.Web.HttpApplication.CallHandlerExecutionStep.System.Web.HttpApplication.IExecutionStep.Execute()
   在 System.Web.HttpApplication.ExecuteStep(IExecutionStep step, Boolean& completedSynchronously)
--------------------------------------------------------------------------------------------------
2016.04.14 14:50:55
.客户信息：
	Ip:127.0.0.1
	浏览器:Chrome
	浏览器版本:38
	操作系统:WinNT
.错误信息：
	页面：http://localhost:57372/images/shortcut-button-bg.gif
	错误信息：文件不存在。
	错误源：System.Web
	异常方法：System.IO.FileInfo GetFileInfo(System.String, System.String, System.Web.HttpResponse)
	堆栈信息：   在 System.Web.StaticFileHandler.GetFileInfo(String virtualPathWithPathInfo, String physicalPath, HttpResponse response)
   在 System.Web.StaticFileHandler.ProcessRequestInternal(HttpContext context, String overrideVirtualPath)
   在 System.Web.DefaultHttpHandler.BeginProcessRequest(HttpContext context, AsyncCallback callback, Object state)
   在 System.Web.HttpApplication.CallHandlerExecutionStep.System.Web.HttpApplication.IExecutionStep.Execute()
   在 System.Web.HttpApplication.ExecuteStep(IExecutionStep step, Boolean& completedSynchronously)
--------------------------------------------------------------------------------------------------
2016.04.14 14:51:02
.客户信息：
	Ip:127.0.0.1
	浏览器:Chrome
	浏览器版本:38
	操作系统:WinNT
.错误信息：
	页面：http://localhost:57372/images/shortcut-button-bg.gif
	错误信息：文件不存在。
	错误源：System.Web
	异常方法：System.IO.FileInfo GetFileInfo(System.String, System.String, System.Web.HttpResponse)
	堆栈信息：   在 System.Web.StaticFileHandler.GetFileInfo(String virtualPathWithPathInfo, String physicalPath, HttpResponse response)
   在 System.Web.StaticFileHandler.ProcessRequestInternal(HttpContext context, String overrideVirtualPath)
   在 System.Web.DefaultHttpHandler.BeginProcessRequest(HttpContext context, AsyncCallback callback, Object state)
   在 System.Web.HttpApplication.CallHandlerExecutionStep.System.Web.HttpApplication.IExecutionStep.Execute()
   在 System.Web.HttpApplication.ExecuteStep(IExecutionStep step, Boolean& completedSynchronously)
--------------------------------------------------------------------------------------------------
2016.04.14 14:51:02
.客户信息：
	Ip:127.0.0.1
	浏览器:Chrome
	浏览器版本:38
	操作系统:WinNT
.错误信息：
	页面：http://localhost:57372/images/menu-current-arrow.gif
	错误信息：文件不存在。
	错误源：System.Web
	异常方法：System.IO.FileInfo GetFileInfo(System.String, System.String, System.Web.HttpResponse)
	堆栈信息：   在 System.Web.StaticFileHandler.GetFileInfo(String virtualPathWithPathInfo, String physicalPath, HttpResponse response)
   在 System.Web.StaticFileHandler.ProcessRequestInternal(HttpContext context, String overrideVirtualPath)
   在 System.Web.DefaultHttpHandler.BeginProcessRequest(HttpContext context, AsyncCallback callback, Object state)
   在 System.Web.HttpApplication.CallHandlerExecutionStep.System.Web.HttpApplication.IExecutionStep.Execute()
   在 System.Web.HttpApplication.ExecuteStep(IExecutionStep step, Boolean& completedSynchronously)
--------------------------------------------------------------------------------------------------
2016.04.14 14:51:08
.客户信息：
	Ip:127.0.0.1
	浏览器:Chrome
	浏览器版本:38
	操作系统:WinNT
.错误信息：
	页面：http://localhost:57372/images/bg-form-field.gif
	错误信息：文件不存在。
	错误源：System.Web
	异常方法：System.IO.FileInfo GetFileInfo(System.String, System.String, System.Web.HttpResponse)
	堆栈信息：   在 System.Web.StaticFileHandler.GetFileInfo(String virtualPathWithPathInfo, String physicalPath, HttpResponse response)
   在 System.Web.StaticFileHandler.ProcessRequestInternal(HttpContext context, String overrideVirtualPath)
   在 System.Web.DefaultHttpHandler.BeginProcessRequest(HttpContext context, AsyncCallback callback, Object state)
   在 System.Web.HttpApplication.CallHandlerExecutionStep.System.Web.HttpApplication.IExecutionStep.Execute()
   在 System.Web.HttpApplication.ExecuteStep(IExecutionStep step, Boolean& completedSynchronously)
--------------------------------------------------------------------------------------------------
2016.04.14 14:51:47
.客户信息：
	Ip:127.0.0.1
	浏览器:Chrome
	浏览器版本:38
	操作系统:WinNT
.错误信息：
	页面：http://localhost:57372/Admin/ResourceTypeItem.aspx
	错误信息：未知的服务器标记“ACM:NotificationView”。
	错误源：System.Web
	异常方法：Void ProcessError(System.String)
	堆栈信息：   在 System.Web.UI.TemplateParser.ProcessError(String message)
   在 System.Web.UI.TemplateParser.ProcessBeginTag(Match match, String inputText)
   在 System.Web.UI.TemplateParser.ParseStringInternal(String text, Encoding fileEncoding)
--------------------------------------------------------------------------------------------------
2016.04.14 14:51:54
.客户信息：
	Ip:127.0.0.1
	浏览器:Chrome
	浏览器版本:38
	操作系统:WinNT
.错误信息：
	页面：http://localhost:57372/Admin/ResourceTypeItem.aspx
	错误信息：未知的服务器标记“ACM:NotificationView”。
	错误源：System.Web
	异常方法：Void ProcessError(System.String)
	堆栈信息：   在 System.Web.UI.TemplateParser.ProcessError(String message)
   在 System.Web.UI.TemplateParser.ProcessBeginTag(Match match, String inputText)
   在 System.Web.UI.TemplateParser.ParseStringInternal(String text, Encoding fileEncoding)
--------------------------------------------------------------------------------------------------
2016.04.14 14:53:38
.客户信息：
	Ip:127.0.0.1
	浏览器:Chrome
	浏览器版本:38
	操作系统:WinNT
.错误信息：
	页面：http://localhost:57372/Admin/ResourceTypeItem.aspx
	错误信息：d:\avic\source\镜像库\MirrorWeb\MirrorWeb\Admin\ResourceTypeItem.aspx(87): error CS1061: “ASP.admin_resourcetypeitem_aspx”不包含“btnOk_Click”的定义，并且找不到可接受类型为“ASP.admin_resourcetypeitem_aspx”的第一个参数的扩展方法“btnOk_Click”(是否缺少 using 指令或程序集引用?)
	错误源：System.Web
	异常方法：System.Web.Compilation.BuildResult CompileWebFile(System.Web.VirtualPath)
	堆栈信息：   在 System.Web.Compilation.BuildManager.CompileWebFile(VirtualPath virtualPath)
   在 System.Web.Compilation.BuildManager.GetVPathBuildResultInternal(VirtualPath virtualPath, Boolean noBuild, Boolean allowCrossApp, Boolean allowBuildInPrecompile, Boolean throwIfNotFound, Boolean ensureIsUpToDate)
   在 System.Web.Compilation.BuildManager.GetVPathBuildResultWithNoAssert(HttpContext context, VirtualPath virtualPath, Boolean noBuild, Boolean allowCrossApp, Boolean allowBuildInPrecompile, Boolean throwIfNotFound, Boolean ensureIsUpToDate)
   在 System.Web.Compilation.BuildManager.GetVirtualPathObjectFactory(VirtualPath virtualPath, HttpContext context, Boolean allowCrossApp, Boolean throwIfNotFound)
   在 System.Web.Compilation.BuildManager.CreateInstanceFromVirtualPath(VirtualPath virtualPath, Type requiredBaseType, HttpContext context, Boolean allowCrossApp)
   在 System.Web.UI.PageHandlerFactory.GetHandlerHelper(HttpContext context, String requestType, VirtualPath virtualPath, String physicalPath)
   在 System.Web.UI.PageHandlerFactory.System.Web.IHttpHandlerFactory2.GetHandler(HttpContext context, String requestType, VirtualPath virtualPath, String physicalPath)
   在 System.Web.HttpApplication.MapHttpHandler(HttpContext context, String requestType, VirtualPath path, String pathTranslated, Boolean useAppConfig)
   在 System.Web.HttpApplication.MapHandlerExecutionStep.System.Web.HttpApplication.IExecutionStep.Execute()
   在 System.Web.HttpApplication.ExecuteStep(IExecutionStep step, Boolean& completedSynchronously)
--------------------------------------------------------------------------------------------------
2016.04.14 14:53:38
.客户信息：
	Ip:127.0.0.1
	浏览器:Chrome
	浏览器版本:38
	操作系统:WinNT
.错误信息：
	页面：http://localhost:57372/Admin/ResourceTypeItem.aspx
	错误信息：d:\avic\source\镜像库\MirrorWeb\MirrorWeb\Admin\ResourceTypeItem.aspx(87): error CS1061: “ASP.admin_resourcetypeitem_aspx”不包含“btnOk_Click”的定义，并且找不到可接受类型为“ASP.admin_resourcetypeitem_aspx”的第一个参数的扩展方法“btnOk_Click”(是否缺少 using 指令或程序集引用?)
	错误源：System.Web
	异常方法：System.Web.Compilation.BuildResult CompileWebFile(System.Web.VirtualPath)
	堆栈信息：   在 System.Web.Compilation.BuildManager.PostProcessFoundBuildResult(BuildResult result, Boolean keyFromVPP, VirtualPath virtualPath)
   在 System.Web.Compilation.BuildManager.GetBuildResultFromCacheInternal(String cacheKey, Boolean keyFromVPP, VirtualPath virtualPath, Int64 hashCode, Boolean ensureIsUpToDate)
   在 System.Web.Compilation.BuildManager.GetVPathBuildResultFromCacheInternal(VirtualPath virtualPath, Boolean ensureIsUpToDate)
   在 System.Web.Compilation.BuildManager.GetVPathBuildResultInternal(VirtualPath virtualPath, Boolean noBuild, Boolean allowCrossApp, Boolean allowBuildInPrecompile, Boolean throwIfNotFound, Boolean ensureIsUpToDate)
   在 System.Web.Compilation.BuildManager.GetVPathBuildResultWithNoAssert(HttpContext context, VirtualPath virtualPath, Boolean noBuild, Boolean allowCrossApp, Boolean allowBuildInPrecompile, Boolean throwIfNotFound, Boolean ensureIsUpToDate)
   在 System.Web.Compilation.BuildManager.GetVirtualPathObjectFactory(VirtualPath virtualPath, HttpContext context, Boolean allowCrossApp, Boolean throwIfNotFound)
   在 System.Web.Compilation.BuildManager.CreateInstanceFromVirtualPath(VirtualPath virtualPath, Type requiredBaseType, HttpContext context, Boolean allowCrossApp)
   在 System.Web.UI.PageHandlerFactory.GetHandlerHelper(HttpContext context, String requestType, VirtualPath virtualPath, String physicalPath)
   在 System.Web.UI.PageHandlerFactory.System.Web.IHttpHandlerFactory2.GetHandler(HttpContext context, String requestType, VirtualPath virtualPath, String physicalPath)
   在 System.Web.HttpApplication.MapHttpHandler(HttpContext context, String requestType, VirtualPath path, String pathTranslated, Boolean useAppConfig)
   在 System.Web.HttpApplication.MapHandlerExecutionStep.System.Web.HttpApplication.IExecutionStep.Execute()
   在 System.Web.HttpApplication.ExecuteStep(IExecutionStep step, Boolean& completedSynchronously)
--------------------------------------------------------------------------------------------------
2016.04.14 14:54:19
.客户信息：
	Ip:127.0.0.1
	浏览器:Chrome
	浏览器版本:38
	操作系统:WinNT
.错误信息：
	页面：http://localhost:57372/Admin/ResourceTypeItem.aspx
	错误信息：d:\avic\source\镜像库\MirrorWeb\MirrorWeb\Admin\ResourceTypeItem.aspx(86): error CS1061: “ASP.admin_resourcetypeitem_aspx”不包含“btnOk_Click”的定义，并且找不到可接受类型为“ASP.admin_resourcetypeitem_aspx”的第一个参数的扩展方法“btnOk_Click”(是否缺少 using 指令或程序集引用?)
	错误源：System.Web
	异常方法：System.Web.Compilation.BuildResult CompileWebFile(System.Web.VirtualPath)
	堆栈信息：   在 System.Web.Compilation.BuildManager.CompileWebFile(VirtualPath virtualPath)
   在 System.Web.Compilation.BuildManager.GetVPathBuildResultInternal(VirtualPath virtualPath, Boolean noBuild, Boolean allowCrossApp, Boolean allowBuildInPrecompile, Boolean throwIfNotFound, Boolean ensureIsUpToDate)
   在 System.Web.Compilation.BuildManager.GetVPathBuildResultWithNoAssert(HttpContext context, VirtualPath virtualPath, Boolean noBuild, Boolean allowCrossApp, Boolean allowBuildInPrecompile, Boolean throwIfNotFound, Boolean ensureIsUpToDate)
   在 System.Web.Compilation.BuildManager.GetVirtualPathObjectFactory(VirtualPath virtualPath, HttpContext context, Boolean allowCrossApp, Boolean throwIfNotFound)
   在 System.Web.Compilation.BuildManager.CreateInstanceFromVirtualPath(VirtualPath virtualPath, Type requiredBaseType, HttpContext context, Boolean allowCrossApp)
   在 System.Web.UI.PageHandlerFactory.GetHandlerHelper(HttpContext context, String requestType, VirtualPath virtualPath, String physicalPath)
   在 System.Web.UI.PageHandlerFactory.System.Web.IHttpHandlerFactory2.GetHandler(HttpContext context, String requestType, VirtualPath virtualPath, String physicalPath)
   在 System.Web.HttpApplication.MapHttpHandler(HttpContext context, String requestType, VirtualPath path, String pathTranslated, Boolean useAppConfig)
   在 System.Web.HttpApplication.MapHandlerExecutionStep.System.Web.HttpApplication.IExecutionStep.Execute()
   在 System.Web.HttpApplication.ExecuteStep(IExecutionStep step, Boolean& completedSynchronously)
--------------------------------------------------------------------------------------------------
2016.04.14 14:54:29
.客户信息：
	Ip:127.0.0.1
	浏览器:Chrome
	浏览器版本:38
	操作系统:WinNT
.错误信息：
	页面：http://localhost:57372/images/shortcut-button-bg.gif
	错误信息：文件不存在。
	错误源：System.Web
	异常方法：System.IO.FileInfo GetFileInfo(System.String, System.String, System.Web.HttpResponse)
	堆栈信息：   在 System.Web.StaticFileHandler.GetFileInfo(String virtualPathWithPathInfo, String physicalPath, HttpResponse response)
   在 System.Web.StaticFileHandler.ProcessRequestInternal(HttpContext context, String overrideVirtualPath)
   在 System.Web.DefaultHttpHandler.BeginProcessRequest(HttpContext context, AsyncCallback callback, Object state)
   在 System.Web.HttpApplication.CallHandlerExecutionStep.System.Web.HttpApplication.IExecutionStep.Execute()
   在 System.Web.HttpApplication.ExecuteStep(IExecutionStep step, Boolean& completedSynchronously)
--------------------------------------------------------------------------------------------------
2016.04.14 14:54:31
.客户信息：
	Ip:127.0.0.1
	浏览器:Chrome
	浏览器版本:38
	操作系统:WinNT
.错误信息：
	页面：http://localhost:57372/images/shortcut-button-bg.gif
	错误信息：文件不存在。
	错误源：System.Web
	异常方法：System.IO.FileInfo GetFileInfo(System.String, System.String, System.Web.HttpResponse)
	堆栈信息：   在 System.Web.StaticFileHandler.GetFileInfo(String virtualPathWithPathInfo, String physicalPath, HttpResponse response)
   在 System.Web.StaticFileHandler.ProcessRequestInternal(HttpContext context, String overrideVirtualPath)
   在 System.Web.DefaultHttpHandler.BeginProcessRequest(HttpContext context, AsyncCallback callback, Object state)
   在 System.Web.HttpApplication.CallHandlerExecutionStep.System.Web.HttpApplication.IExecutionStep.Execute()
   在 System.Web.HttpApplication.ExecuteStep(IExecutionStep step, Boolean& completedSynchronously)
--------------------------------------------------------------------------------------------------
2016.04.14 14:55:14
.客户信息：
	Ip:127.0.0.1
	浏览器:Chrome
	浏览器版本:38
	操作系统:WinNT
.错误信息：
	页面：http://localhost:57372/images/shortcut-button-bg.gif
	错误信息：文件不存在。
	错误源：System.Web
	异常方法：System.IO.FileInfo GetFileInfo(System.String, System.String, System.Web.HttpResponse)
	堆栈信息：   在 System.Web.StaticFileHandler.GetFileInfo(String virtualPathWithPathInfo, String physicalPath, HttpResponse response)
   在 System.Web.StaticFileHandler.ProcessRequestInternal(HttpContext context, String overrideVirtualPath)
   在 System.Web.DefaultHttpHandler.BeginProcessRequest(HttpContext context, AsyncCallback callback, Object state)
   在 System.Web.HttpApplication.CallHandlerExecutionStep.System.Web.HttpApplication.IExecutionStep.Execute()
   在 System.Web.HttpApplication.ExecuteStep(IExecutionStep step, Boolean& completedSynchronously)
--------------------------------------------------------------------------------------------------
2016.04.14 14:55:17
.客户信息：
	Ip:127.0.0.1
	浏览器:Chrome
	浏览器版本:38
	操作系统:WinNT
.错误信息：
	页面：http://localhost:57372/Admin/ResourceTypeItem.aspx
	错误信息：d:\avic\source\镜像库\MirrorWeb\MirrorWeb\Admin\ResourceTypeItem.aspx(86): error CS1061: “ASP.admin_resourcetypeitem_aspx”不包含“btnOk_Click”的定义，并且找不到可接受类型为“ASP.admin_resourcetypeitem_aspx”的第一个参数的扩展方法“btnOk_Click”(是否缺少 using 指令或程序集引用?)
	错误源：System.Web
	异常方法：System.Web.Compilation.BuildResult CompileWebFile(System.Web.VirtualPath)
	堆栈信息：   在 System.Web.Compilation.BuildManager.CompileWebFile(VirtualPath virtualPath)
   在 System.Web.Compilation.BuildManager.GetVPathBuildResultInternal(VirtualPath virtualPath, Boolean noBuild, Boolean allowCrossApp, Boolean allowBuildInPrecompile, Boolean throwIfNotFound, Boolean ensureIsUpToDate)
   在 System.Web.Compilation.BuildManager.GetVPathBuildResultWithNoAssert(HttpContext context, VirtualPath virtualPath, Boolean noBuild, Boolean allowCrossApp, Boolean allowBuildInPrecompile, Boolean throwIfNotFound, Boolean ensureIsUpToDate)
   在 System.Web.Compilation.BuildManager.GetVirtualPathObjectFactory(VirtualPath virtualPath, HttpContext context, Boolean allowCrossApp, Boolean throwIfNotFound)
   在 System.Web.Compilation.BuildManager.CreateInstanceFromVirtualPath(VirtualPath virtualPath, Type requiredBaseType, HttpContext context, Boolean allowCrossApp)
   在 System.Web.UI.PageHandlerFactory.GetHandlerHelper(HttpContext context, String requestType, VirtualPath virtualPath, String physicalPath)
   在 System.Web.UI.PageHandlerFactory.System.Web.IHttpHandlerFactory2.GetHandler(HttpContext context, String requestType, VirtualPath virtualPath, String physicalPath)
   在 System.Web.HttpApplication.MapHttpHandler(HttpContext context, String requestType, VirtualPath path, String pathTranslated, Boolean useAppConfig)
   在 System.Web.HttpApplication.MapHandlerExecutionStep.System.Web.HttpApplication.IExecutionStep.Execute()
   在 System.Web.HttpApplication.ExecuteStep(IExecutionStep step, Boolean& completedSynchronously)
--------------------------------------------------------------------------------------------------
2016.04.14 14:55:48
.客户信息：
	Ip:127.0.0.1
	浏览器:Unknown
	浏览器版本:0
	操作系统:Unknown
.错误信息：
	页面：http://localhost:57372/images/bg-form-field.gif
	错误信息：文件不存在。
	错误源：System.Web
	异常方法：System.IO.FileInfo GetFileInfo(System.String, System.String, System.Web.HttpResponse)
	堆栈信息：   在 System.Web.StaticFileHandler.GetFileInfo(String virtualPathWithPathInfo, String physicalPath, HttpResponse response)
   在 System.Web.StaticFileHandler.ProcessRequestInternal(HttpContext context, String overrideVirtualPath)
   在 System.Web.DefaultHttpHandler.BeginProcessRequest(HttpContext context, AsyncCallback callback, Object state)
   在 System.Web.HttpApplication.CallHandlerExecutionStep.System.Web.HttpApplication.IExecutionStep.Execute()
   在 System.Web.HttpApplication.ExecuteStep(IExecutionStep step, Boolean& completedSynchronously)
--------------------------------------------------------------------------------------------------
2016.04.14 14:56:09
.客户信息：
	Ip:127.0.0.1
	浏览器:Chrome
	浏览器版本:38
	操作系统:WinNT
.错误信息：
	页面：http://localhost:57372/images/shortcut-button-bg.gif
	错误信息：文件不存在。
	错误源：System.Web
	异常方法：System.IO.FileInfo GetFileInfo(System.String, System.String, System.Web.HttpResponse)
	堆栈信息：   在 System.Web.StaticFileHandler.GetFileInfo(String virtualPathWithPathInfo, String physicalPath, HttpResponse response)
   在 System.Web.StaticFileHandler.ProcessRequestInternal(HttpContext context, String overrideVirtualPath)
   在 System.Web.DefaultHttpHandler.BeginProcessRequest(HttpContext context, AsyncCallback callback, Object state)
   在 System.Web.HttpApplication.CallHandlerExecutionStep.System.Web.HttpApplication.IExecutionStep.Execute()
   在 System.Web.HttpApplication.ExecuteStep(IExecutionStep step, Boolean& completedSynchronously)
--------------------------------------------------------------------------------------------------